This is pdfTeX, Version 3.14159265-2.6-1.40.16 (TeX Live 2015) (preloaded format=pdflatex 2015.11.10)  11 SEP 2016 16:20
entering extended mode
 restricted \write18 enabled.
 %&-line parsing enabled.
**cat.tex
(./cat.tex
LaTeX2e <2015/01/01>
Babel <3.9l> and hyphenation patterns for 79 languages loaded.
(./CSUNthesis.cls
Document Class: CSUNthesis 2006/04/26 2.2 CSU Northridge
-- CSUN Thesis style
-- Author: Wiegley, Jeff, jeffw@csun.edu
-- Please contact the author to have any mistakes corrected.
(/usr/local/texlive/2015/texmf-dist/tex/latex/psnfss/times.sty
Package: times 2005/04/12 PSNFSS-v9.2a (SPQR) 
)
\titlewidth=\skip41
\frontmattertopmargin=\skip42

(/usr/local/texlive/2015/texmf-dist/tex/latex/base/report.cls
Document Class: report 2014/09/29 v1.4h Standard LaTeX document class
(/usr/local/texlive/2015/texmf-dist/tex/latex/base/size10.clo
File: size10.clo 2014/09/29 v1.4h Standard LaTeX file (size option)
)
\c@part=\count79
\c@chapter=\count80
\c@section=\count81
\c@subsection=\count82
\c@subsubsection=\count83
\c@paragraph=\count84
\c@subparagraph=\count85
\c@figure=\count86
\c@table=\count87
\abovecaptionskip=\skip43
\belowcaptionskip=\skip44
\bibindent=\dimen102
)
(/usr/local/texlive/2015/texmf-dist/tex/latex/graphics/color.sty
Package: color 2014/10/28 v1.1a Standard LaTeX Color (DPC)

(/usr/local/texlive/2015/texmf-dist/tex/latex/latexconfig/color.cfg
File: color.cfg 2007/01/18 v1.5 color configuration of teTeX/TeXLive
)
Package color Info: Driver file: pdftex.def on input line 142.

(/usr/local/texlive/2015/texmf-dist/tex/latex/pdftex-def/pdftex.def
File: pdftex.def 2011/05/27 v0.06d Graphics/color for pdfTeX

(/usr/local/texlive/2015/texmf-dist/tex/generic/oberdiek/infwarerr.sty
Package: infwarerr 2010/04/08 v1.3 Providing info/warning/error messages (HO)
)
(/usr/local/texlive/2015/texmf-dist/tex/generic/oberdiek/ltxcmds.sty
Package: ltxcmds 2011/11/09 v1.22 LaTeX kernel commands for general use (HO)
)
\Gread@gobject=\count88
))
(/usr/local/texlive/2015/texmf-dist/tex/generic/ulem/ulem.sty
\UL@box=\box26
\UL@hyphenbox=\box27
\UL@skip=\skip45
\UL@hook=\toks14
\UL@height=\dimen103
\UL@pe=\count89
\UL@pixel=\dimen104
\ULC@box=\box28
Package: ulem 2012/05/18
\ULdepth=\dimen105
)
(/usr/local/texlive/2015/texmf-dist/tex/latex/setspace/setspace.sty
Package: setspace 2011/12/19 v6.7a set line spacing
))
(/usr/local/texlive/2015/texmf-dist/tex/latex/base/inputenc.sty
Package: inputenc 2015/03/17 v1.2c Input encoding file
\inpenc@prehook=\toks15
\inpenc@posthook=\toks16

(/usr/local/texlive/2015/texmf-dist/tex/latex/base/latin1.def
File: latin1.def 2015/03/17 v1.2c Input encoding file
))
(/usr/local/texlive/2015/texmf-dist/tex/latex/oberdiek/pdflscape.sty
Package: pdflscape 2008/08/11 v0.10 Display of landscape pages in PDF (HO)

(/usr/local/texlive/2015/texmf-dist/tex/latex/graphics/lscape.sty
Package: lscape 2000/10/22 v3.01 Landscape Pages (DPC)

(/usr/local/texlive/2015/texmf-dist/tex/latex/graphics/graphics.sty
Package: graphics 2014/10/28 v1.0p Standard LaTeX Graphics (DPC,SPQR)

(/usr/local/texlive/2015/texmf-dist/tex/latex/graphics/trig.sty
Package: trig 1999/03/16 v1.09 sin cos tan (DPC)
)
(/usr/local/texlive/2015/texmf-dist/tex/latex/latexconfig/graphics.cfg
File: graphics.cfg 2010/04/23 v1.9 graphics configuration of TeX Live
)
Package graphics Info: Driver file: pdftex.def on input line 94.
))
(/usr/local/texlive/2015/texmf-dist/tex/generic/oberdiek/ifpdf.sty
Package: ifpdf 2011/01/30 v2.3 Provides the ifpdf switch (HO)
Package ifpdf Info: pdfTeX in PDF mode is detected.
)
Package pdflscape Info: Auto-detected driver: pdftex on input line 80.

(/usr/local/texlive/2015/texmf-dist/tex/generic/ifxetex/ifxetex.sty
Package: ifxetex 2010/09/12 v0.6 Provides ifxetex conditional
))
(/usr/local/texlive/2015/texmf-dist/tex/latex/tools/verbatim.sty
Package: verbatim 2014/10/28 v1.5q LaTeX2e package for verbatim enhancements
\every@verbatim=\toks17
\verbatim@line=\toks18
\verbatim@in@stream=\read1
)
(/usr/local/texlive/2015/texmf-dist/tex/latex/graphics/graphicx.sty
Package: graphicx 2014/10/28 v1.0g Enhanced LaTeX Graphics (DPC,SPQR)

(/usr/local/texlive/2015/texmf-dist/tex/latex/graphics/keyval.sty
Package: keyval 2014/10/28 v1.15 key=value parser (DPC)
\KV@toks@=\toks19
)
\Gin@req@height=\dimen106
\Gin@req@width=\dimen107
)
(/usr/local/texlive/2015/texmf-dist/tex/latex/amsmath/amsmath.sty
Package: amsmath 2013/01/14 v2.14 AMS math features
\@mathmargin=\skip46

For additional information on amsmath, use the `?' option.
(/usr/local/texlive/2015/texmf-dist/tex/latex/amsmath/amstext.sty
Package: amstext 2000/06/29 v2.01

(/usr/local/texlive/2015/texmf-dist/tex/latex/amsmath/amsgen.sty
File: amsgen.sty 1999/11/30 v2.0
\@emptytoks=\toks20
\ex@=\dimen108
))
(/usr/local/texlive/2015/texmf-dist/tex/latex/amsmath/amsbsy.sty
Package: amsbsy 1999/11/29 v1.2d
\pmbraise@=\dimen109
)
(/usr/local/texlive/2015/texmf-dist/tex/latex/amsmath/amsopn.sty
Package: amsopn 1999/12/14 v2.01 operator names
)
\inf@bad=\count90
LaTeX Info: Redefining \frac on input line 210.
\uproot@=\count91
\leftroot@=\count92
LaTeX Info: Redefining \overline on input line 306.
\classnum@=\count93
\DOTSCASE@=\count94
LaTeX Info: Redefining \ldots on input line 378.
LaTeX Info: Redefining \dots on input line 381.
LaTeX Info: Redefining \cdots on input line 466.
\Mathstrutbox@=\box29
\strutbox@=\box30
\big@size=\dimen110
LaTeX Font Info:    Redeclaring font encoding OML on input line 566.
LaTeX Font Info:    Redeclaring font encoding OMS on input line 567.
\macc@depth=\count95
\c@MaxMatrixCols=\count96
\dotsspace@=\muskip10
\c@parentequation=\count97
\dspbrk@lvl=\count98
\tag@help=\toks21
\row@=\count99
\column@=\count100
\maxfields@=\count101
\andhelp@=\toks22
\eqnshift@=\dimen111
\alignsep@=\dimen112
\tagshift@=\dimen113
\tagwidth@=\dimen114
\totwidth@=\dimen115
\lineht@=\dimen116
\@envbody=\toks23
\multlinegap=\skip47
\multlinetaggap=\skip48
\mathdisplay@stack=\toks24
LaTeX Info: Redefining \[ on input line 2665.
LaTeX Info: Redefining \] on input line 2666.
)
(/usr/local/texlive/2015/texmf-dist/tex/latex/amsfonts/amsfonts.sty
Package: amsfonts 2013/01/14 v3.01 Basic AMSFonts support
\symAMSa=\mathgroup4
\symAMSb=\mathgroup5
LaTeX Font Info:    Overwriting math alphabet `\mathfrak' in version `bold'
(Font)                  U/euf/m/n --> U/euf/b/n on input line 106.
)
(/usr/local/texlive/2015/texmf-dist/tex/latex/amsfonts/amssymb.sty
Package: amssymb 2013/01/14 v3.01 AMS font symbols
)
(/usr/local/texlive/2015/texmf-dist/tex/latex/amscls/amsthm.sty
Package: amsthm 2015/03/04 v2.20.2
\thm@style=\toks25
\thm@bodyfont=\toks26
\thm@headfont=\toks27
\thm@notefont=\toks28
\thm@headpunct=\toks29
\thm@preskip=\skip49
\thm@postskip=\skip50
\thm@headsep=\skip51
\dth@everypar=\toks30
)
(/usr/local/texlive/2015/texmf-dist/tex/latex/placeins/placeins.sty
Package: placeins 2005/04/18  v 2.2
)
(/usr/local/texlive/2015/texmf-dist/tex/latex/listings/listings.sty
\lst@mode=\count102
\lst@gtempboxa=\box31
\lst@token=\toks31
\lst@length=\count103
\lst@currlwidth=\dimen117
\lst@column=\count104
\lst@pos=\count105
\lst@lostspace=\dimen118
\lst@width=\dimen119
\lst@newlines=\count106
\lst@lineno=\count107
\lst@maxwidth=\dimen120

(/usr/local/texlive/2015/texmf-dist/tex/latex/listings/lstmisc.sty
File: lstmisc.sty 2014/09/06 1.5e (Carsten Heinz)
\c@lstnumber=\count108
\lst@skipnumbers=\count109
\lst@framebox=\box32
)
(/usr/local/texlive/2015/texmf-dist/tex/latex/listings/listings.cfg
File: listings.cfg 2014/09/06 1.5e listings configuration
))
Package: listings 2014/09/06 1.5e (Carsten Heinz)

(/usr/local/texlive/2015/texmf-dist/tex/latex/pgf/frontendlayer/tikz.sty
(/usr/local/texlive/2015/texmf-dist/tex/latex/pgf/basiclayer/pgf.sty
(/usr/local/texlive/2015/texmf-dist/tex/latex/pgf/utilities/pgfrcs.sty
(/usr/local/texlive/2015/texmf-dist/tex/generic/pgf/utilities/pgfutil-common.te
x
\pgfutil@everybye=\toks32
\pgfutil@tempdima=\dimen121
\pgfutil@tempdimb=\dimen122

(/usr/local/texlive/2015/texmf-dist/tex/generic/pgf/utilities/pgfutil-common-li
sts.tex))
(/usr/local/texlive/2015/texmf-dist/tex/generic/pgf/utilities/pgfutil-latex.def
\pgfutil@abb=\box33
(/usr/local/texlive/2015/texmf-dist/tex/latex/ms/everyshi.sty
Package: everyshi 2001/05/15 v3.00 EveryShipout Package (MS)
))
(/usr/local/texlive/2015/texmf-dist/tex/generic/pgf/utilities/pgfrcs.code.tex
Package: pgfrcs 2013/12/20 v3.0.0 (rcs-revision 1.28)
))
Package: pgf 2013/12/18 v3.0.0 (rcs-revision 1.14)
(/usr/local/texlive/2015/texmf-dist/tex/latex/pgf/basiclayer/pgfcore.sty
(/usr/local/texlive/2015/texmf-dist/tex/latex/pgf/systemlayer/pgfsys.sty
(/usr/local/texlive/2015/texmf-dist/tex/generic/pgf/systemlayer/pgfsys.code.tex
Package: pgfsys 2013/11/30 v3.0.0 (rcs-revision 1.47)
(/usr/local/texlive/2015/texmf-dist/tex/generic/pgf/utilities/pgfkeys.code.tex
\pgfkeys@pathtoks=\toks33
\pgfkeys@temptoks=\toks34

(/usr/local/texlive/2015/texmf-dist/tex/generic/pgf/utilities/pgfkeysfiltered.c
ode.tex
\pgfkeys@tmptoks=\toks35
))
\pgf@x=\dimen123
\pgf@y=\dimen124
\pgf@xa=\dimen125
\pgf@ya=\dimen126
\pgf@xb=\dimen127
\pgf@yb=\dimen128
\pgf@xc=\dimen129
\pgf@yc=\dimen130
\w@pgf@writea=\write3
\r@pgf@reada=\read2
\c@pgf@counta=\count110
\c@pgf@countb=\count111
\c@pgf@countc=\count112
\c@pgf@countd=\count113
\t@pgf@toka=\toks36
\t@pgf@tokb=\toks37
\t@pgf@tokc=\toks38

(/usr/local/texlive/2015/texmf-dist/tex/generic/pgf/systemlayer/pgf.cfg
File: pgf.cfg 2008/05/14  (rcs-revision 1.7)
)
Driver file for pgf: pgfsys-pdftex.def

(/usr/local/texlive/2015/texmf-dist/tex/generic/pgf/systemlayer/pgfsys-pdftex.d
ef
File: pgfsys-pdftex.def 2013/07/18  (rcs-revision 1.33)

(/usr/local/texlive/2015/texmf-dist/tex/generic/pgf/systemlayer/pgfsys-common-p
df.def
File: pgfsys-common-pdf.def 2013/10/10  (rcs-revision 1.13)
)))
(/usr/local/texlive/2015/texmf-dist/tex/generic/pgf/systemlayer/pgfsyssoftpath.
code.tex
File: pgfsyssoftpath.code.tex 2013/09/09  (rcs-revision 1.9)
\pgfsyssoftpath@smallbuffer@items=\count114
\pgfsyssoftpath@bigbuffer@items=\count115
)
(/usr/local/texlive/2015/texmf-dist/tex/generic/pgf/systemlayer/pgfsysprotocol.
code.tex
File: pgfsysprotocol.code.tex 2006/10/16  (rcs-revision 1.4)
)) (/usr/local/texlive/2015/texmf-dist/tex/latex/xcolor/xcolor.sty
Package: xcolor 2007/01/21 v2.11 LaTeX color extensions (UK)

(/usr/local/texlive/2015/texmf-dist/tex/latex/latexconfig/color.cfg
File: color.cfg 2007/01/18 v1.5 color configuration of teTeX/TeXLive
)
Package xcolor Info: Driver file: pdftex.def on input line 225.
LaTeX Info: Redefining \color on input line 702.
Package xcolor Info: Model `cmy' substituted by `cmy0' on input line 1337.
Package xcolor Info: Model `hsb' substituted by `rgb' on input line 1341.
Package xcolor Info: Model `RGB' extended on input line 1353.
Package xcolor Info: Model `HTML' substituted by `rgb' on input line 1355.
Package xcolor Info: Model `Hsb' substituted by `hsb' on input line 1356.
Package xcolor Info: Model `tHsb' substituted by `hsb' on input line 1357.
Package xcolor Info: Model `HSB' substituted by `hsb' on input line 1358.
Package xcolor Info: Model `Gray' substituted by `gray' on input line 1359.
Package xcolor Info: Model `wave' substituted by `hsb' on input line 1360.
)
(/usr/local/texlive/2015/texmf-dist/tex/generic/pgf/basiclayer/pgfcore.code.tex
Package: pgfcore 2010/04/11 v3.0.0 (rcs-revision 1.7)
(/usr/local/texlive/2015/texmf-dist/tex/generic/pgf/math/pgfmath.code.tex
(/usr/local/texlive/2015/texmf-dist/tex/generic/pgf/math/pgfmathcalc.code.tex
(/usr/local/texlive/2015/texmf-dist/tex/generic/pgf/math/pgfmathutil.code.tex)
(/usr/local/texlive/2015/texmf-dist/tex/generic/pgf/math/pgfmathparser.code.tex
\pgfmath@dimen=\dimen131
\pgfmath@count=\count116
\pgfmath@box=\box34
\pgfmath@toks=\toks39
\pgfmath@stack@operand=\toks40
\pgfmath@stack@operation=\toks41
)
(/usr/local/texlive/2015/texmf-dist/tex/generic/pgf/math/pgfmathfunctions.code.
tex
(/usr/local/texlive/2015/texmf-dist/tex/generic/pgf/math/pgfmathfunctions.basic
.code.tex)
(/usr/local/texlive/2015/texmf-dist/tex/generic/pgf/math/pgfmathfunctions.trigo
nometric.code.tex)
(/usr/local/texlive/2015/texmf-dist/tex/generic/pgf/math/pgfmathfunctions.rando
m.code.tex)
(/usr/local/texlive/2015/texmf-dist/tex/generic/pgf/math/pgfmathfunctions.compa
rison.code.tex)
(/usr/local/texlive/2015/texmf-dist/tex/generic/pgf/math/pgfmathfunctions.base.
code.tex)
(/usr/local/texlive/2015/texmf-dist/tex/generic/pgf/math/pgfmathfunctions.round
.code.tex)
(/usr/local/texlive/2015/texmf-dist/tex/generic/pgf/math/pgfmathfunctions.misc.
code.tex)
(/usr/local/texlive/2015/texmf-dist/tex/generic/pgf/math/pgfmathfunctions.integ
erarithmetics.code.tex)))
(/usr/local/texlive/2015/texmf-dist/tex/generic/pgf/math/pgfmathfloat.code.tex
\c@pgfmathroundto@lastzeros=\count117
))
(/usr/local/texlive/2015/texmf-dist/tex/generic/pgf/basiclayer/pgfcorepoints.co
de.tex
File: pgfcorepoints.code.tex 2013/10/07  (rcs-revision 1.27)
\pgf@picminx=\dimen132
\pgf@picmaxx=\dimen133
\pgf@picminy=\dimen134
\pgf@picmaxy=\dimen135
\pgf@pathminx=\dimen136
\pgf@pathmaxx=\dimen137
\pgf@pathminy=\dimen138
\pgf@pathmaxy=\dimen139
\pgf@xx=\dimen140
\pgf@xy=\dimen141
\pgf@yx=\dimen142
\pgf@yy=\dimen143
\pgf@zx=\dimen144
\pgf@zy=\dimen145
)
(/usr/local/texlive/2015/texmf-dist/tex/generic/pgf/basiclayer/pgfcorepathconst
ruct.code.tex
File: pgfcorepathconstruct.code.tex 2013/10/07  (rcs-revision 1.29)
\pgf@path@lastx=\dimen146
\pgf@path@lasty=\dimen147
)
(/usr/local/texlive/2015/texmf-dist/tex/generic/pgf/basiclayer/pgfcorepathusage
.code.tex
File: pgfcorepathusage.code.tex 2013/12/13  (rcs-revision 1.23)
\pgf@shorten@end@additional=\dimen148
\pgf@shorten@start@additional=\dimen149
)
(/usr/local/texlive/2015/texmf-dist/tex/generic/pgf/basiclayer/pgfcorescopes.co
de.tex
File: pgfcorescopes.code.tex 2013/10/09  (rcs-revision 1.44)
\pgfpic=\box35
\pgf@hbox=\box36
\pgf@layerbox@main=\box37
\pgf@picture@serial@count=\count118
)
(/usr/local/texlive/2015/texmf-dist/tex/generic/pgf/basiclayer/pgfcoregraphicst
ate.code.tex
File: pgfcoregraphicstate.code.tex 2013/09/19  (rcs-revision 1.11)
\pgflinewidth=\dimen150
)
(/usr/local/texlive/2015/texmf-dist/tex/generic/pgf/basiclayer/pgfcoretransform
ations.code.tex
File: pgfcoretransformations.code.tex 2013/10/10  (rcs-revision 1.17)
\pgf@pt@x=\dimen151
\pgf@pt@y=\dimen152
\pgf@pt@temp=\dimen153
)
(/usr/local/texlive/2015/texmf-dist/tex/generic/pgf/basiclayer/pgfcorequick.cod
e.tex
File: pgfcorequick.code.tex 2008/10/09  (rcs-revision 1.3)
)
(/usr/local/texlive/2015/texmf-dist/tex/generic/pgf/basiclayer/pgfcoreobjects.c
ode.tex
File: pgfcoreobjects.code.tex 2006/10/11  (rcs-revision 1.2)
)
(/usr/local/texlive/2015/texmf-dist/tex/generic/pgf/basiclayer/pgfcorepathproce
ssing.code.tex
File: pgfcorepathprocessing.code.tex 2013/09/09  (rcs-revision 1.9)
)
(/usr/local/texlive/2015/texmf-dist/tex/generic/pgf/basiclayer/pgfcorearrows.co
de.tex
File: pgfcorearrows.code.tex 2013/11/07  (rcs-revision 1.40)
\pgfarrowsep=\dimen154
)
(/usr/local/texlive/2015/texmf-dist/tex/generic/pgf/basiclayer/pgfcoreshade.cod
e.tex
File: pgfcoreshade.code.tex 2013/07/15  (rcs-revision 1.15)
\pgf@max=\dimen155
\pgf@sys@shading@range@num=\count119
)
(/usr/local/texlive/2015/texmf-dist/tex/generic/pgf/basiclayer/pgfcoreimage.cod
e.tex
File: pgfcoreimage.code.tex 2013/07/15  (rcs-revision 1.18)

(/usr/local/texlive/2015/texmf-dist/tex/generic/pgf/basiclayer/pgfcoreexternal.
code.tex
File: pgfcoreexternal.code.tex 2013/07/15  (rcs-revision 1.20)
\pgfexternal@startupbox=\box38
))
(/usr/local/texlive/2015/texmf-dist/tex/generic/pgf/basiclayer/pgfcorelayers.co
de.tex
File: pgfcorelayers.code.tex 2013/07/18  (rcs-revision 1.7)
)
(/usr/local/texlive/2015/texmf-dist/tex/generic/pgf/basiclayer/pgfcoretranspare
ncy.code.tex
File: pgfcoretransparency.code.tex 2013/09/30  (rcs-revision 1.5)
)
(/usr/local/texlive/2015/texmf-dist/tex/generic/pgf/basiclayer/pgfcorepatterns.
code.tex
File: pgfcorepatterns.code.tex 2013/11/07  (rcs-revision 1.5)
)))
(/usr/local/texlive/2015/texmf-dist/tex/generic/pgf/modules/pgfmoduleshapes.cod
e.tex
File: pgfmoduleshapes.code.tex 2013/10/31  (rcs-revision 1.34)
\pgfnodeparttextbox=\box39
)
(/usr/local/texlive/2015/texmf-dist/tex/generic/pgf/modules/pgfmoduleplot.code.
tex
File: pgfmoduleplot.code.tex 2013/07/31  (rcs-revision 1.12)
)
(/usr/local/texlive/2015/texmf-dist/tex/latex/pgf/compatibility/pgfcomp-version
-0-65.sty
Package: pgfcomp-version-0-65 2007/07/03 v3.0.0 (rcs-revision 1.7)
\pgf@nodesepstart=\dimen156
\pgf@nodesepend=\dimen157
)
(/usr/local/texlive/2015/texmf-dist/tex/latex/pgf/compatibility/pgfcomp-version
-1-18.sty
Package: pgfcomp-version-1-18 2007/07/23 v3.0.0 (rcs-revision 1.1)
))
(/usr/local/texlive/2015/texmf-dist/tex/latex/pgf/utilities/pgffor.sty
(/usr/local/texlive/2015/texmf-dist/tex/latex/pgf/utilities/pgfkeys.sty
(/usr/local/texlive/2015/texmf-dist/tex/generic/pgf/utilities/pgfkeys.code.tex)
) (/usr/local/texlive/2015/texmf-dist/tex/latex/pgf/math/pgfmath.sty
(/usr/local/texlive/2015/texmf-dist/tex/generic/pgf/math/pgfmath.code.tex))
(/usr/local/texlive/2015/texmf-dist/tex/generic/pgf/utilities/pgffor.code.tex
Package: pgffor 2013/12/13 v3.0.0 (rcs-revision 1.25)

(/usr/local/texlive/2015/texmf-dist/tex/generic/pgf/math/pgfmath.code.tex)
\pgffor@iter=\dimen158
\pgffor@skip=\dimen159
\pgffor@stack=\toks42
\pgffor@toks=\toks43
))
(/usr/local/texlive/2015/texmf-dist/tex/generic/pgf/frontendlayer/tikz/tikz.cod
e.tex
Package: tikz 2013/12/13 v3.0.0 (rcs-revision 1.142)

(/usr/local/texlive/2015/texmf-dist/tex/generic/pgf/libraries/pgflibraryplothan
dlers.code.tex
File: pgflibraryplothandlers.code.tex 2013/08/31 v3.0.0 (rcs-revision 1.20)
\pgf@plot@mark@count=\count120
\pgfplotmarksize=\dimen160
)
\tikz@lastx=\dimen161
\tikz@lasty=\dimen162
\tikz@lastxsaved=\dimen163
\tikz@lastysaved=\dimen164
\tikzleveldistance=\dimen165
\tikzsiblingdistance=\dimen166
\tikz@figbox=\box40
\tikz@figbox@bg=\box41
\tikz@tempbox=\box42
\tikz@tempbox@bg=\box43
\tikztreelevel=\count121
\tikznumberofchildren=\count122
\tikznumberofcurrentchild=\count123
\tikz@fig@count=\count124

(/usr/local/texlive/2015/texmf-dist/tex/generic/pgf/modules/pgfmodulematrix.cod
e.tex
File: pgfmodulematrix.code.tex 2013/09/17  (rcs-revision 1.8)
\pgfmatrixcurrentrow=\count125
\pgfmatrixcurrentcolumn=\count126
\pgf@matrix@numberofcolumns=\count127
)
\tikz@expandcount=\count128

(/usr/local/texlive/2015/texmf-dist/tex/generic/pgf/frontendlayer/tikz/librarie
s/tikzlibrarytopaths.code.tex
File: tikzlibrarytopaths.code.tex 2008/06/17 v3.0.0 (rcs-revision 1.2)
)))
(/usr/local/texlive/2015/texmf-dist/tex/latex/here/here.sty)
(/usr/local/texlive/2015/texmf-dist/tex/latex/float/float.sty
Package: float 2001/11/08 v1.3d Float enhancements (AL)
\c@float@type=\count129
\float@exts=\toks44
\float@box=\box44
\@float@everytoks=\toks45
\@floatcapt=\box45
)
(/usr/local/texlive/2015/texmf-dist/tex/generic/pgf/frontendlayer/tikz/librarie
s/tikzlibrarypatterns.code.tex
File: tikzlibrarypatterns.code.tex 2008/01/15 v3.0.0 (rcs-revision 1.2)

(/usr/local/texlive/2015/texmf-dist/tex/generic/pgf/libraries/pgflibrarypattern
s.code.tex
File: pgflibrarypatterns.code.tex 2008/03/03 v3.0.0 (rcs-revision 1.13)
)) (/usr/local/texlive/2015/texmf-dist/tex/generic/babel/babel.sty
Package: babel 2014/09/25 3.9l The Babel package

(/usr/local/texlive/2015/texmf-dist/tex/generic/babel-english/english.ldf
Language: english 2012/08/20 v3.3p English support from the babel system

(/usr/local/texlive/2015/texmf-dist/tex/generic/babel/babel.def
File: babel.def 2014/09/25 3.9l Babel common definitions
\babel@savecnt=\count130
\U@D=\dimen167
)
\l@canadian = a dialect from \language\l@american 
\l@australian = a dialect from \language\l@british 
\l@newzealand = a dialect from \language\l@british 
))
(/usr/local/texlive/2015/texmf-dist/tex/latex/base/fontenc.sty
Package: fontenc 2005/09/27 v1.99g Standard LaTeX package

(/usr/local/texlive/2015/texmf-dist/tex/latex/base/t1enc.def
File: t1enc.def 2005/09/27 v1.99g Standard LaTeX file
LaTeX Font Info:    Redeclaring font encoding T1 on input line 48.
))
(/usr/local/texlive/2015/texmf-dist/tex/latex/multirow/multirow.sty
\bigstrutjot=\dimen168
)
(/usr/local/texlive/2015/texmf-dist/tex/latex/psnfss/mathptmx.sty
Package: mathptmx 2005/04/12 PSNFSS-v9.2a Times w/ Math, improved (SPQR, WaS) 
LaTeX Font Info:    Redeclaring symbol font `operators' on input line 28.
LaTeX Font Info:    Overwriting symbol font `operators' in version `normal'
(Font)                  OT1/cmr/m/n --> OT1/ztmcm/m/n on input line 28.
LaTeX Font Info:    Overwriting symbol font `operators' in version `bold'
(Font)                  OT1/cmr/bx/n --> OT1/ztmcm/m/n on input line 28.
LaTeX Font Info:    Redeclaring symbol font `letters' on input line 29.
LaTeX Font Info:    Overwriting symbol font `letters' in version `normal'
(Font)                  OML/cmm/m/it --> OML/ztmcm/m/it on input line 29.
LaTeX Font Info:    Overwriting symbol font `letters' in version `bold'
(Font)                  OML/cmm/b/it --> OML/ztmcm/m/it on input line 29.
LaTeX Font Info:    Redeclaring symbol font `symbols' on input line 30.
LaTeX Font Info:    Overwriting symbol font `symbols' in version `normal'
(Font)                  OMS/cmsy/m/n --> OMS/ztmcm/m/n on input line 30.
LaTeX Font Info:    Overwriting symbol font `symbols' in version `bold'
(Font)                  OMS/cmsy/b/n --> OMS/ztmcm/m/n on input line 30.
LaTeX Font Info:    Redeclaring symbol font `largesymbols' on input line 31.
LaTeX Font Info:    Overwriting symbol font `largesymbols' in version `normal'
(Font)                  OMX/cmex/m/n --> OMX/ztmcm/m/n on input line 31.
LaTeX Font Info:    Overwriting symbol font `largesymbols' in version `bold'
(Font)                  OMX/cmex/m/n --> OMX/ztmcm/m/n on input line 31.
\symbold=\mathgroup6
\symitalic=\mathgroup7
LaTeX Font Info:    Redeclaring math alphabet \mathbf on input line 34.
LaTeX Font Info:    Overwriting math alphabet `\mathbf' in version `normal'
(Font)                  OT1/cmr/bx/n --> OT1/ptm/bx/n on input line 34.
LaTeX Font Info:    Overwriting math alphabet `\mathbf' in version `bold'
(Font)                  OT1/cmr/bx/n --> OT1/ptm/bx/n on input line 34.
LaTeX Font Info:    Redeclaring math alphabet \mathit on input line 35.
LaTeX Font Info:    Overwriting math alphabet `\mathit' in version `normal'
(Font)                  OT1/cmr/m/it --> OT1/ptm/m/it on input line 35.
LaTeX Font Info:    Overwriting math alphabet `\mathit' in version `bold'
(Font)                  OT1/cmr/bx/it --> OT1/ptm/m/it on input line 35.
LaTeX Info: Redefining \hbar on input line 50.
)
(/usr/local/texlive/2015/texmf-dist/tex/latex/lipsum/lipsum.sty
Package: lipsum 2014/07/27 v1.3 150 paragraphs of Lorem Ipsum dummy text
\c@lips@count=\count131
)
(/usr/local/texlive/2015/texmf-dist/tex/latex/titlesec/titletoc.sty
Package: titletoc 2011/12/15 v1.6 TOC entries
\ttl@leftsep=\dimen169
)
(/usr/local/texlive/2015/texmf-dist/tex/latex/appendix/appendix.sty
Package: appendix 2009/09/02 v1.2b extra appendix facilities
\c@@pps=\count132
\c@@ppsavesec=\count133
\c@@ppsaveapp=\count134
)
(/usr/local/texlive/2015/texmf-dist/tex/latex/tools/enumerate.sty
Package: enumerate 2014/10/28 v3.00 enumerate extensions (DPC)
\@enLab=\toks46
)
(/usr/local/texlive/2015/texmf-dist/tex/latex/enumitem/enumitem.sty
Package: enumitem 2011/09/28 v3.5.2 Customized lists
\labelindent=\skip52
\enit@outerparindent=\dimen170
\enit@toks=\toks47
\enit@inbox=\box46
\enitdp@description=\count135
)
(/usr/local/texlive/2015/texmf-dist/tex/latex/caption/caption.sty
Package: caption 2013/05/02 v3.3-89 Customizing captions (AR)

(/usr/local/texlive/2015/texmf-dist/tex/latex/caption/caption3.sty
Package: caption3 2013/05/02 v1.6-88 caption3 kernel (AR)
Package caption3 Info: TeX engine: e-TeX on input line 57.
\captionmargin=\dimen171
\captionmargin@=\dimen172
\captionwidth=\dimen173
\caption@tempdima=\dimen174
\caption@indent=\dimen175
\caption@parindent=\dimen176
\caption@hangindent=\dimen177
)
\c@ContinuedFloat=\count136
Package caption Info: float package is loaded.
Package caption Info: listings package is loaded.
)
(/usr/local/texlive/2015/texmf-dist/tex/latex/caption/subcaption.sty
Package: subcaption 2013/02/03 v1.1-62 Sub-captions (AR)
\c@subfigure=\count137
\c@subtable=\count138
)
(/usr/local/texlive/2015/texmf-dist/tex/latex/complexity/complexity.sty
Package: complexity 11/24/06  v0.77

  +----------------------------------------------+
    complexity LaTeX package 
    version: 
    author: Chris Bourke (cbourke@cse.unl.edu) 
  +----------------------------------------------+
(/usr/local/texlive/2015/texmf-dist/tex/latex/base/ifthen.sty
Package: ifthen 2014/09/29 v1.1c Standard LaTeX ifthen package (DPC)
)
(/usr/local/texlive/2015/texmf-dist/tex/latex/complexity/mycomplexity.sty))
(/usr/local/texlive/2015/texmf-dist/tex/latex/tools/array.sty
Package: array 2014/10/28 v2.4c Tabular extension package (FMi)
\col@sep=\dimen178
\extrarowheight=\dimen179
\NC@list=\toks48
\extratabsurround=\skip53
\backup@length=\skip54
)
\c@thm=\count139
\c@prop=\count140
\c@pf=\count141
\c@lem=\count142
\c@definition=\count143
\c@example=\count144
\c@rmk=\count145
\c@case=\count146
\c@prob=\count147
\c@observation=\count148

(/usr/local/texlive/2015/texmf-dist/tex/latex/listings/lstlang1.sty
File: lstlang1.sty 2014/09/06 1.5e listings language file
)
(/usr/local/texlive/2015/texmf-dist/tex/latex/listings/lstlang2.sty
File: lstlang2.sty 2014/09/06 1.5e listings language file
)
(/usr/local/texlive/2015/texmf-dist/tex/latex/listings/lstlang3.sty
File: lstlang3.sty 2014/09/06 1.5e listings language file
)
\@indexfile=\write4
\openout4 = `cat.idx'.


Writing index file cat.idx
(../pdf/cat.aux)
\openout1 = `cat.aux'.

LaTeX Font Info:    Checking defaults for OML/cmm/m/it on input line 251.
LaTeX Font Info:    ... okay on input line 251.
LaTeX Font Info:    Checking defaults for T1/cmr/m/n on input line 251.
LaTeX Font Info:    ... okay on input line 251.
LaTeX Font Info:    Checking defaults for OT1/cmr/m/n on input line 251.
LaTeX Font Info:    ... okay on input line 251.
LaTeX Font Info:    Checking defaults for OMS/cmsy/m/n on input line 251.
LaTeX Font Info:    ... okay on input line 251.
LaTeX Font Info:    Checking defaults for OMX/cmex/m/n on input line 251.
LaTeX Font Info:    ... okay on input line 251.
LaTeX Font Info:    Checking defaults for U/cmr/m/n on input line 251.
LaTeX Font Info:    ... okay on input line 251.
LaTeX Font Info:    Try loading font information for T1+ptm on input line 251.
 (/usr/local/texlive/2015/texmf-dist/tex/latex/psnfss/t1ptm.fd
File: t1ptm.fd 2001/06/04 font definitions for T1/ptm.
) (/usr/local/texlive/2015/texmf-dist/tex/context/base/supp-pdf.mkii
[Loading MPS to PDF converter (version 2006.09.02).]
\scratchcounter=\count149
\scratchdimen=\dimen180
\scratchbox=\box47
\nofMPsegments=\count150
\nofMParguments=\count151
\everyMPshowfont=\toks49
\MPscratchCnt=\count152
\MPscratchDim=\dimen181
\MPnumerator=\count153
\makeMPintoPDFobject=\count154
\everyMPtoPDFconversion=\toks50
)
LaTeX Font Info:    Try loading font information for OT1+ztmcm on input line 25
1.
 (/usr/local/texlive/2015/texmf-dist/tex/latex/psnfss/ot1ztmcm.fd
File: ot1ztmcm.fd 2000/01/03 Fontinst v1.801 font definitions for OT1/ztmcm.
)
LaTeX Font Info:    Try loading font information for OML+ztmcm on input line 25
1.

(/usr/local/texlive/2015/texmf-dist/tex/latex/psnfss/omlztmcm.fd
File: omlztmcm.fd 2000/01/03 Fontinst v1.801 font definitions for OML/ztmcm.
)
LaTeX Font Info:    Try loading font information for OMS+ztmcm on input line 25
1.

(/usr/local/texlive/2015/texmf-dist/tex/latex/psnfss/omsztmcm.fd
File: omsztmcm.fd 2000/01/03 Fontinst v1.801 font definitions for OMS/ztmcm.
)
LaTeX Font Info:    Try loading font information for OMX+ztmcm on input line 25
1.

(/usr/local/texlive/2015/texmf-dist/tex/latex/psnfss/omxztmcm.fd
File: omxztmcm.fd 2000/01/03 Fontinst v1.801 font definitions for OMX/ztmcm.
)
LaTeX Font Info:    Try loading font information for U+msa on input line 251.

(/usr/local/texlive/2015/texmf-dist/tex/latex/amsfonts/umsa.fd
File: umsa.fd 2013/01/14 v3.01 AMS symbols A
)
LaTeX Font Info:    Try loading font information for U+msb on input line 251.

(/usr/local/texlive/2015/texmf-dist/tex/latex/amsfonts/umsb.fd
File: umsb.fd 2013/01/14 v3.01 AMS symbols B
)
LaTeX Font Info:    Try loading font information for OT1+ptm on input line 251.


(/usr/local/texlive/2015/texmf-dist/tex/latex/psnfss/ot1ptm.fd
File: ot1ptm.fd 2001/06/04 font definitions for OT1/ptm.
)
LaTeX Font Info:    Font shape `OT1/ptm/bx/n' in size <10> not available
(Font)              Font shape `OT1/ptm/b/n' tried instead on input line 251.
LaTeX Font Info:    Font shape `OT1/ptm/bx/n' in size <7.4> not available
(Font)              Font shape `OT1/ptm/b/n' tried instead on input line 251.
LaTeX Font Info:    Font shape `OT1/ptm/bx/n' in size <6> not available
(Font)              Font shape `OT1/ptm/b/n' tried instead on input line 251.
 [1

{/usr/local/texlive/2015/texmf-var/fonts/map/pdftex/updmap/pdftex.map}] [2]
LaTeX Font Info:    Font shape `T1/ptm/bx/n' in size <10> not available
(Font)              Font shape `T1/ptm/b/n' tried instead on input line 251.


Package mathptmx Warning: There are no bold math fonts on input line 251.

(../pdf/cat.toc
Underfull \hbox (badness 10000) in paragraph at lines 4--4
[]| 
 []


Underfull \hbox (badness 10000) in paragraph at lines 21--21
[]| 
 []


Underfull \hbox (badness 10000) in paragraph at lines 28--28
[]| 
 []


Underfull \hbox (badness 10000) in paragraph at lines 42--42
[]| 
 []


LaTeX Warning: Reference `lem:s1Small' on page iii undefined on input line 47.


LaTeX Warning: Reference `lem:disksOfPathways' on page iii undefined on input l
ine 47.


LaTeX Warning: Reference `lem:s1Small' on page iii undefined on input line 47.


LaTeX Warning: Reference `lem:disksOfPathways' on page iii undefined on input l
ine 47.


LaTeX Warning: Reference `lem:s1Small' on page iii undefined on input line 48.


LaTeX Warning: Reference `lem:s1Small' on page iii undefined on input line 48.


LaTeX Warning: Reference `lem:angularArrangement' on page iii undefined on inpu
t line 49.


LaTeX Warning: Reference `lem:angularArrangement' on page iii undefined on inpu
t line 49.


LaTeX Warning: Reference `lem:disksOfPathways' on page iii undefined on input l
ine 50.


LaTeX Warning: Reference `lem:disksOfPathways' on page iii undefined on input l
ine 50.

)
\tf@toc=\write5
\openout5 = `cat.toc'.

 [3

]
\oldbaselineskip=\skip55
 [4]
(/usr/local/texlive/2015/texmf-dist/tex/generic/oberdiek/pdftexcmds.sty
Package: pdftexcmds 2011/11/29 v0.20 Utility functions of pdfTeX for LuaTeX (HO
)

(/usr/local/texlive/2015/texmf-dist/tex/generic/oberdiek/ifluatex.sty
Package: ifluatex 2010/03/01 v1.3 Provides the ifluatex switch (HO)
Package ifluatex Info: LuaTeX not detected.
)
Package pdftexcmds Info: LuaTeX not detected.
Package pdftexcmds Info: \pdf@primitive is available.
Package pdftexcmds Info: \pdf@ifprimitive is available.
Package pdftexcmds Info: \pdfdraftmode found.
)
(/usr/local/texlive/2015/texmf-dist/tex/latex/oberdiek/epstopdf-base.sty
Package: epstopdf-base 2010/02/09 v2.5 Base part for package epstopdf

(/usr/local/texlive/2015/texmf-dist/tex/latex/oberdiek/grfext.sty
Package: grfext 2010/08/19 v1.1 Manage graphics extensions (HO)

(/usr/local/texlive/2015/texmf-dist/tex/generic/oberdiek/kvdefinekeys.sty
Package: kvdefinekeys 2011/04/07 v1.3 Define keys (HO)
))
(/usr/local/texlive/2015/texmf-dist/tex/latex/oberdiek/kvoptions.sty
Package: kvoptions 2011/06/30 v3.11 Key value format for package options (HO)

(/usr/local/texlive/2015/texmf-dist/tex/generic/oberdiek/kvsetkeys.sty
Package: kvsetkeys 2012/04/25 v1.16 Key value parser (HO)

(/usr/local/texlive/2015/texmf-dist/tex/generic/oberdiek/etexcmds.sty
Package: etexcmds 2011/02/16 v1.5 Avoid name clashes with e-TeX commands (HO)
Package etexcmds Info: Could not find \expanded.
(etexcmds)             That can mean that you are not using pdfTeX 1.50 or
(etexcmds)             that some package has redefined \expanded.
(etexcmds)             In the latter case, load this package earlier.
)))
Package grfext Info: Graphics extension search list:
(grfext)             [.png,.pdf,.jpg,.mps,.jpeg,.jbig2,.jb2,.PNG,.PDF,.JPG,.JPE
G,.JBIG2,.JB2,.eps]
(grfext)             \AppendGraphicsExtensions on input line 452.

(/usr/local/texlive/2015/texmf-dist/tex/latex/latexconfig/epstopdf-sys.cfg
File: epstopdf-sys.cfg 2010/07/13 v1.3 Configuration of (r)epstopdf for TeX Liv
e
))
\c@lstlisting=\count155

ABD: EveryShipout initializing macros
Package caption Info: Begin \AtBeginDocument code.
Package caption Info: End \AtBeginDocument code.

Chapter 1.

Package caption Warning: \label without proper \caption on input line 292.
See the caption package documentation for explanation.


LaTeX Warning: Reference `table:ch1-graph-1' on page 1 undefined on input line 
290.

<graphics/graphIsomorphismExample.pdf, id=21, 278.06987pt x 87.81107pt>
File: graphics/graphIsomorphismExample.pdf Graphic file (type pdf)

<use graphics/graphIsomorphismExample.pdf>
Package pdftex.def Info: graphics/graphIsomorphismExample.pdf used on input lin
e 308.
(pdftex.def)             Requested size: 278.06917pt x 87.81084pt.


Package caption Warning: \label without proper \caption on input line 292.
See the caption package documentation for explanation.


LaTeX Warning: Reference `table:ch1-graph-1' on page 1 undefined on input line 
310.


Package caption Warning: \label without proper \caption on input line 292.
See the caption package documentation for explanation.


LaTeX Warning: Reference `table:ch1-graph-1' on page 1 undefined on input line 
310.

[1

 <./graphics/graphIsomorphismExample.pdf>]
<graphics/kuratowskiExamples.pdf, id=36, 312.7645pt x 116.54541pt>
File: graphics/kuratowskiExamples.pdf Graphic file (type pdf)

<use graphics/kuratowskiExamples.pdf>
Package pdftex.def Info: graphics/kuratowskiExamples.pdf used on input line 324
.
(pdftex.def)             Requested size: 312.76372pt x 116.54512pt.

<graphics/combinatorialEmbedding.pdf, id=37, 233.88379pt x 93.10785pt>
File: graphics/combinatorialEmbedding.pdf Graphic file (type pdf)

<use graphics/combinatorialEmbedding.pdf>
Package pdftex.def Info: graphics/combinatorialEmbedding.pdf used on input line
 339.
(pdftex.def)             Requested size: 233.88321pt x 93.1076pt.


Package caption Warning: \label without proper \caption on input line 348.
See the caption package documentation for explanation.


LaTeX Warning: Reference `table:combinatorialEmbedding' on page 2 undefined on 
input line 371.

<graphics/PetersonGraphWithPath.pdf, id=38, 299.7348pt x 121.21887pt>
File: graphics/PetersonGraphWithPath.pdf Graphic file (type pdf)

<use graphics/PetersonGraphWithPath.pdf>
Package pdftex.def Info: graphics/PetersonGraphWithPath.pdf used on input line 
448.
(pdftex.def)             Requested size: 299.73405pt x 121.21857pt.

<graphics/RandomTree.pdf, id=39, 110.23926pt x 110.23886pt>
File: graphics/RandomTree.pdf Graphic file (type pdf)

<use graphics/RandomTree.pdf>
Package pdftex.def Info: graphics/RandomTree.pdf used on input line 463.
(pdftex.def)             Requested size: 110.23898pt x 110.23859pt.
 [2 <./graphics/kuratowskiExamples.pdf> <./graphics/combinatorialEmbedding.pdf>
]
<graphics/OrderedTreesExample.pdf, id=67, 392.7483pt x 135.69997pt>
File: graphics/OrderedTreesExample.pdf Graphic file (type pdf)

<use graphics/OrderedTreesExample.pdf>
Package pdftex.def Info: graphics/OrderedTreesExample.pdf used on input line 47
6.
(pdftex.def)             Requested size: 392.74733pt x 135.69962pt.
 [3 <./graphics/PetersonGraphWithPath.pdf> <./graphics/RandomTree.pdf>]
<graphics/HumanTurkeyLinkage.pdf, id=80, 255.56679pt x 151.56123pt>
File: graphics/HumanTurkeyLinkage.pdf Graphic file (type pdf)

<use graphics/HumanTurkeyLinkage.pdf>
Package pdftex.def Info: graphics/HumanTurkeyLinkage.pdf used on input line 559
.
(pdftex.def)             Requested size: 255.56616pt x 151.56085pt.


Package caption Warning: \label without proper \caption on input line 558.
See the caption package documentation for explanation.


LaTeX Warning: Reference `fig:turkey' on page 4 undefined on input line 572.

<graphics/hingeOnThreeDistinctPolygons.pdf, id=81, 297.0608pt x 129.93243pt>
File: graphics/hingeOnThreeDistinctPolygons.pdf Graphic file (type pdf)

<use graphics/hingeOnThreeDistinctPolygons.pdf>
Package pdftex.def Info: graphics/hingeOnThreeDistinctPolygons.pdf used on inpu
t line 625.
(pdftex.def)             Requested size: 297.06007pt x 129.9321pt.


Package caption Warning: \label without proper \caption on input line 635.
See the caption package documentation for explanation.


LaTeX Warning: Reference `fig:orderedLinkages' on page 4 undefined on input lin
e 632.

<graphics/orderedLinkages.pdf, id=82, 315.16145pt x 100.14615pt>
File: graphics/orderedLinkages.pdf Graphic file (type pdf)

<use graphics/orderedLinkages.pdf>
Package pdftex.def Info: graphics/orderedLinkages.pdf used on input line 637.
(pdftex.def)             Requested size: 315.16068pt x 100.14589pt.
 [4 <./graphics/OrderedTreesExample.pdf> <./graphics/HumanTurkeyLinkage.pdf>]
<graphics/Problem1.pdf, id=103, 233.03532pt x 50.01184pt>
File: graphics/Problem1.pdf Graphic file (type pdf)

<use graphics/Problem1.pdf>
Package pdftex.def Info: graphics/Problem1.pdf used on input line 658.
(pdftex.def)             Requested size: 233.03474pt x 50.0117pt.


Package caption Warning: \label without proper \caption on input line 680.
See the caption package documentation for explanation.


LaTeX Warning: Reference `fig:collidingHingedPolygons' on page 5 undefined on i
nput line 674.

<graphics/collidingHingedPolygons.pdf, id=104, 451.557pt x 94.60344pt>
File: graphics/collidingHingedPolygons.pdf Graphic file (type pdf)

<use graphics/collidingHingedPolygons.pdf>
Package pdftex.def Info: graphics/collidingHingedPolygons.pdf used on input lin
e 682.
(pdftex.def)             Requested size: 451.5559pt x 94.6032pt.

Overfull \hbox (17.9359pt too wide) in paragraph at lines 682--683
 [] 
 []


Package caption Warning: \label without proper \caption on input line 680.
See the caption package documentation for explanation.


LaTeX Warning: Reference `fig:collidingHingedPolygons' on page 5 undefined on i
nput line 687.

[5 <./graphics/hingeOnThreeDistinctPolygons.pdf> <./graphics/orderedLinkages.pd
f>]

Package caption Warning: \label without proper \caption on input line 680.
See the caption package documentation for explanation.


LaTeX Warning: Reference `fig:collidingHingedPolygons' on page 6 undefined on i
nput line 691.

<graphics/orderedFaces.pdf, id=121, 205.15646pt x 86.25023pt>
File: graphics/orderedFaces.pdf Graphic file (type pdf)

<use graphics/orderedFaces.pdf>
Package pdftex.def Info: graphics/orderedFaces.pdf used on input line 695.
(pdftex.def)             Requested size: 143.09538pt x 60.16284pt.

Overfull \hbox (15.0pt too wide) in paragraph at lines 693--700
[]$[]$ 
 []

[6 <./graphics/Problem1.pdf> <./graphics/collidingHingedPolygons.pdf> <./graphi
cs/orderedFaces.pdf>]
<graphics/HaberdasherProblem.pdf, id=142, 265.8201pt x 132.09651pt>
File: graphics/HaberdasherProblem.pdf Graphic file (type pdf)

<use graphics/HaberdasherProblem.pdf>
Package pdftex.def Info: graphics/HaberdasherProblem.pdf used on input line 726
.
(pdftex.def)             Requested size: 265.81944pt x 132.09618pt.

Overfull \hbox (15.0pt too wide) in paragraph at lines 724--731
[]$[]$ 
 []

<graphics/GeometricDissectionBusschop.pdf, id=143, 276.21796pt x 112.4722pt>
File: graphics/GeometricDissectionBusschop.pdf Graphic file (type pdf)

<use graphics/GeometricDissectionBusschop.pdf>
Package pdftex.def Info: graphics/GeometricDissectionBusschop.pdf used on input
 line 738.
(pdftex.def)             Requested size: 276.21727pt x 112.47191pt.

Overfull \hbox (15.0pt too wide) in paragraph at lines 737--745
[]$[]$ 
 []

<graphics/HingedHaberdasher.pdf, id=144, 478.2165pt x 118.96725pt>
File: graphics/HingedHaberdasher.pdf Graphic file (type pdf)

<use graphics/HingedHaberdasher.pdf>
Package pdftex.def Info: graphics/HingedHaberdasher.pdf used on input line 751.

(pdftex.def)             Requested size: 433.62pt x 107.87733pt.

Overfull \hbox (15.0pt too wide) in paragraph at lines 749--756
[]$[]$ 
 []

[7 <./graphics/HaberdasherProblem.pdf> <./graphics/GeometricDissectionBusschop.
pdf>]
<graphics/diskPackingTheoremExample.pdf, id=156, 284.38043pt x 101.58252pt>
File: graphics/diskPackingTheoremExample.pdf Graphic file (type pdf)

<use graphics/diskPackingTheoremExample.pdf>
Package pdftex.def Info: graphics/diskPackingTheoremExample.pdf used on input l
ine 866.
(pdftex.def)             Requested size: 284.37973pt x 101.58226pt.

Overfull \hbox (15.0pt too wide) in paragraph at lines 865--870
[]$[]$ 
 []


LaTeX Warning: Reference `figure:starweel' on page 8 undefined on input line 91
6.

[8 <./graphics/HingedHaberdasher.pdf> <./graphics/diskPackingTheoremExample.pdf
>]

Package caption Warning: \label without proper \caption on input line 923.
See the caption package documentation for explanation.


LaTeX Warning: Reference `fig:circlePacking-1' on page 9 undefined on input lin
e 921.

<graphics/BinaryTree1.pdf, id=190, 69.25874pt x 5.01875pt>
File: graphics/BinaryTree1.pdf Graphic file (type pdf)

<use graphics/BinaryTree1.pdf>
Package pdftex.def Info: graphics/BinaryTree1.pdf used on input line 928.
(pdftex.def)             Requested size: 91.0631pt x 6.59879pt.
LaTeX Font Info:    Font shape `OT1/ptm/bx/n' in size <9> not available
(Font)              Font shape `OT1/ptm/b/n' tried instead on input line 929.
LaTeX Font Info:    Font shape `OT1/ptm/bx/n' in size <7> not available
(Font)              Font shape `OT1/ptm/b/n' tried instead on input line 929.
LaTeX Font Info:    Font shape `OT1/ptm/bx/n' in size <5> not available
(Font)              Font shape `OT1/ptm/b/n' tried instead on input line 929.

<graphics/BinaryTree2.pdf, id=191, 69.25874pt x 69.25874pt>
File: graphics/BinaryTree2.pdf Graphic file (type pdf)

<use graphics/BinaryTree2.pdf>
Package pdftex.def Info: graphics/BinaryTree2.pdf used on input line 933.
(pdftex.def)             Requested size: 91.0631pt x 91.06354pt.

<graphics/BinaryTree3.pdf, id=192, 114.68848pt x 114.68848pt>
File: graphics/BinaryTree3.pdf Graphic file (type pdf)

<use graphics/BinaryTree3.pdf>
Package pdftex.def Info: graphics/BinaryTree3.pdf used on input line 938.
(pdftex.def)             Requested size: 91.0631pt x 91.06314pt.

<graphics/BinaryTree4.pdf, id=193, 114.68848pt x 114.68848pt>
File: graphics/BinaryTree4.pdf Graphic file (type pdf)

<use graphics/BinaryTree4.pdf>
Package pdftex.def Info: graphics/BinaryTree4.pdf used on input line 943.
(pdftex.def)             Requested size: 91.0631pt x 91.06314pt.

<graphics/degree2arrangement.pdf, id=194, 97.76526pt x 33.52626pt>
File: graphics/degree2arrangement.pdf Graphic file (type pdf)

<use graphics/degree2arrangement.pdf>
Package pdftex.def Info: graphics/degree2arrangement.pdf used on input line 971
.
(pdftex.def)             Requested size: 104.07117pt x 35.69112pt.

<graphics/degree3arrangement.pdf, id=195, 97.76526pt x 97.76526pt>
File: graphics/degree3arrangement.pdf Graphic file (type pdf)

<use graphics/degree3arrangement.pdf>
Package pdftex.def Info: graphics/degree3arrangement.pdf used on input line 976
.
(pdftex.def)             Requested size: 104.07117pt x 104.07819pt.

<graphics/degree4arrangement.pdf, id=196, 162.00525pt x 162.00525pt>
File: graphics/degree4arrangement.pdf Graphic file (type pdf)

<use graphics/degree4arrangement.pdf>
Package pdftex.def Info: graphics/degree4arrangement.pdf used on input line 981
.
(pdftex.def)             Requested size: 104.07117pt x 104.07356pt.

<graphics/degree5arrangement.pdf, id=197, 226.24524pt x 226.24524pt>
File: graphics/degree5arrangement.pdf Graphic file (type pdf)

<use graphics/degree5arrangement.pdf>
Package pdftex.def Info: graphics/degree5arrangement.pdf used on input line 986
.
(pdftex.def)             Requested size: 104.07117pt x 104.0706pt.


Package caption Warning: \label without proper \caption on input line 966.
See the caption package documentation for explanation.


LaTeX Warning: Reference `fig:circlePacking-2' on page 9 undefined on input lin
e 999.


<graphics/OrderedDiskArrangementExample1.pdf, id=198, 123.93301pt x 190.29092pt
>
File: graphics/OrderedDiskArrangementExample1.pdf Graphic file (type pdf)
 <use graphics/OrderedDiskArrangementExample1.pdf>
Package pdftex.def Info: graphics/OrderedDiskArrangementExample1.pdf used on in
put line 1010.
(pdftex.def)             Requested size: 111.53867pt x 171.26024pt.

<graphics/OrderedDiskArrangementExample2.pdf, id=199, 123.2605pt x 132.46489pt>
File: graphics/OrderedDiskArrangementExample2.pdf Graphic file (type pdf)
<use graphics/OrderedDiskArrangementExample2.pdf>
Package pdftex.def Info: graphics/OrderedDiskArrangementExample2.pdf used on in
put line 1016.
(pdftex.def)             Requested size: 110.93341pt x 119.21729pt.


Package caption Warning: \label without proper \caption on input line 1004.
See the caption package documentation for explanation.


LaTeX Warning: Reference `fig:circlePacking-3' on page 9 undefined on input lin
e 1027.


Package caption Warning: \label without proper \caption on input line 1004.
See the caption package documentation for explanation.


LaTeX Warning: Reference `fig:circlePacking-3' on page 9 undefined on input lin
e 1031.


LaTeX Warning: Reference `{fig:DiskArrangement-4}' on page 9 undefined on input
 line 1035.

[9 <./graphics/BinaryTree1.pdf> <./graphics/BinaryTree2.pdf> <./graphics/Binary
Tree3.pdf> <./graphics/BinaryTree4.pdf> <./graphics/degree2arrangement.pdf> <./
graphics/degree3arrangement.pdf> <./graphics/degree4arrangement.pdf> <./graphic
s/degree5arrangement.pdf>]
<graphics/orderedPlaneIntersection.pdf, id=238, 219.7008pt x 222.57153pt>
File: graphics/orderedPlaneIntersection.pdf Graphic file (type pdf)

<use graphics/orderedPlaneIntersection.pdf>
Package pdftex.def Info: graphics/orderedPlaneIntersection.pdf used on input li
ne 1045.
(pdftex.def)             Requested size: 173.44534pt x 175.72089pt.

Overfull \hbox (15.0pt too wide) in paragraph at lines 1044--1051
[]$[]$ 
 []


Package caption Warning: \label without proper \caption on input line 1004.
See the caption package documentation for explanation.


LaTeX Warning: Reference `fig:circlePacking-3' on page 10 undefined on input li
ne 1052.

[10 <./graphics/OrderedDiskArrangementExample1.pdf> <./graphics/OrderedDiskArra
ngementExample2.pdf> <./graphics/orderedPlaneIntersection.pdf>]
<graphics/twoEmbeddingsOfSameLinkage.pdf, id=265, 339.39998pt x 169.65584pt>
File: graphics/twoEmbeddingsOfSameLinkage.pdf Graphic file (type pdf)

<use graphics/twoEmbeddingsOfSameLinkage.pdf>
Package pdftex.def Info: graphics/twoEmbeddingsOfSameLinkage.pdf used on input 
line 1229.
(pdftex.def)             Requested size: 339.39915pt x 169.65541pt.
 [11]
<graphics/DiskPackingReconfiguration.pdf, id=269, 322.6454pt x 202.1432pt>
File: graphics/DiskPackingReconfiguration.pdf Graphic file (type pdf)

<use graphics/DiskPackingReconfiguration.pdf>
Package pdftex.def Info: graphics/DiskPackingReconfiguration.pdf used on input 
line 1256.
(pdftex.def)             Requested size: 241.98344pt x 151.60701pt.
 [12 <./graphics/twoEmbeddingsOfSameLinkage.pdf> <./graphics/DiskPackingReconfi
guration.pdf>] [13] [14]
<graphics/fig-assoc-hex.pdf, id=289, 328.38896pt x 99.16548pt>
File: graphics/fig-assoc-hex.pdf Graphic file (type pdf)

<use graphics/fig-assoc-hex.pdf>
Package pdftex.def Info: graphics/fig-assoc-hex.pdf used on input line 1674.
(pdftex.def)             Requested size: 303.53267pt x 91.66306pt.
 [15 <./graphics/fig-assoc-hex.pdf>]
LaTeX Font Info:    Font shape `T1/ptm/bx/it' in size <10> not available
(Font)              Font shape `T1/ptm/b/it' tried instead on input line 1813.


LaTeX Warning: Reference `sec:logic' on page 16 undefined on input line 1833.


LaTeX Warning: Reference `sec:hinge' on page 16 undefined on input line 1835.

[16]
Chapter 2.

<graphics/LogicEngineFrameFigure1Scaled.pdf, id=305, 233.38191pt x 282.96716pt>
File: graphics/LogicEngineFrameFigure1Scaled.pdf Graphic file (type pdf)
<use graphics/LogicEngineFrameFigure1Scaled.pdf>
Package pdftex.def Info: graphics/LogicEngineFrameFigure1Scaled.pdf used on inp
ut line 1855.
(pdftex.def)             Requested size: 233.38133pt x 282.96648pt.

<graphics/LogicEngineFrameFigure1halfScaled.pdf, id=306, 153.45331pt x 178.6875
8pt>
File: graphics/LogicEngineFrameFigure1halfScaled.pdf Graphic file (type pdf)
 <use graphics/LogicEngineFrameFigure1halfScaled.pdf>
Package pdftex.def Info: graphics/LogicEngineFrameFigure1halfScaled.pdf used on
 input line 1870.
(pdftex.def)             Requested size: 153.45291pt x 178.68713pt.


LaTeX Warning: `!h' float specifier changed to `!ht'.


<graphics/LogicEngineFrameFigure2Scaled.pdf, id=307, 252.44313pt x 142.49236pt>
File: graphics/LogicEngineFrameFigure2Scaled.pdf Graphic file (type pdf)
<use graphics/LogicEngineFrameFigure2Scaled.pdf>
Package pdftex.def Info: graphics/LogicEngineFrameFigure2Scaled.pdf used on inp
ut line 1886.
(pdftex.def)             Requested size: 252.4425pt x 142.492pt.
 [17

 <./graphics/LogicEngineFrameFigure1Scaled.pdf>]
Overfull \hbox (1.41667pt too wide) in paragraph at lines 1900--1908
[][] 
 []

[18 <./graphics/LogicEngineFrameFigure1halfScaled.pdf> <./graphics/LogicEngineF
rameFigure2Scaled.pdf>]
<graphics/logicEngineCollisions.pdf, id=333, 323.27173pt x 257.62349pt>
File: graphics/logicEngineCollisions.pdf Graphic file (type pdf)

<use graphics/logicEngineCollisions.pdf>
Package pdftex.def Info: graphics/logicEngineCollisions.pdf used on input line 
1922.
(pdftex.def)             Requested size: 161.63547pt x 128.81142pt.

<graphics/logicEngineValidConfigurations.pdf, id=334, 308.6983pt x 97.74919pt>
File: graphics/logicEngineValidConfigurations.pdf Graphic file (type pdf)

<use graphics/logicEngineValidConfigurations.pdf>
Package pdftex.def Info: graphics/logicEngineValidConfigurations.pdf used on in
put line 1931.
(pdftex.def)             Requested size: 308.69754pt x 97.74895pt.
 [19 <./graphics/logicEngineCollisions.pdf> <./graphics/logicEngineValidConfigu
rations.pdf>]
<graphics/LogicEngineFrameFigure5Scaled.pdf, id=358, 2967.46141pt x 3038.79994p
t>
File: graphics/LogicEngineFrameFigure5Scaled.pdf Graphic file (type pdf)
 <use graphics/LogicEngineFrameFigure5Scaled.pdf>
Package pdftex.def Info: graphics/LogicEngineFrameFigure5Scaled.pdf used on inp
ut line 1968.
(pdftex.def)             Requested size: 2967.4542pt x 3038.79257pt.

Overfull \hbox (2533.8342pt too wide) in paragraph at lines 1968--1969
 [] 
 []


LaTeX Warning: Reference `fig:LogicEngineFrameFigure2.pdf' on page 20 undefined
 on input line 1969.


LaTeX Warning: Reference `fig:LogicEngineFrameFigure2.pdf' on page 20 undefined
 on input line 1969.


LaTeX Warning: Float too large for page by 2421.36258pt on input line 1971.


Package caption Warning: \label without proper \caption on input line 1899.
See the caption package documentation for explanation.


LaTeX Warning: Reference `LogicEngineV3PolynomialTable' on page 20 undefined on
 input line 2008.

[20] [21 <./graphics/LogicEngineFrameFigure5Scaled.pdf>]
<graphics/HingedLogicEngineSmall.pdf, id=369, 296.04602pt x 193.789pt>
File: graphics/HingedLogicEngineSmall.pdf Graphic file (type pdf)

<use graphics/HingedLogicEngineSmall.pdf>
Package pdftex.def Info: graphics/HingedLogicEngineSmall.pdf used on input line
 2023.
(pdftex.def)             Requested size: 296.04529pt x 193.78851pt.


Package caption Warning: \label without proper \caption on input line 2049.
See the caption package documentation for explanation.


LaTeX Warning: Reference `tbl:hingedPolygonsv3-1a' on page 22 undefined on inpu
t line 2029.


Overfull \hbox (15.0pt too wide) in paragraph at lines 2047--2064
[]$[]$ 
 []


LaTeX Warning: Reference `TBL:HingedPolygonsV3-1' on page 22 undefined on input
 line 2072.

[22

 <./graphics/HingedLogicEngineSmall.pdf>]
<graphics/HingedLogicEngineSmallEnumerated.pdf, id=376, 428.06926pt x 207.1198p
t>
File: graphics/HingedLogicEngineSmallEnumerated.pdf Graphic file (type pdf)
 <use graphics/HingedLogicEngineSmallEnumerated.pdf>
Package pdftex.def Info: graphics/HingedLogicEngineSmallEnumerated.pdf used on 
input line 2083.
(pdftex.def)             Requested size: 428.06822pt x 207.11928pt.
 [23 <./graphics/HingedLogicEngineSmallEnumerated.pdf>]
Chapter 3.
[24

] <graphics/VariablesExample.pdf, id=399, 329.6315pt x 42.1294pt>
File: graphics/VariablesExample.pdf Graphic file (type pdf)

<use graphics/VariablesExample.pdf>
Package pdftex.def Info: graphics/VariablesExample.pdf used on input line 2168.

(pdftex.def)             Requested size: 306.46497pt x 39.16899pt.

<graphics/HoneyCombAssociatedGraphSideBySide.pdf, id=400, 1501.4093pt x 742.433
7pt>
File: graphics/HoneyCombAssociatedGraphSideBySide.pdf Graphic file (type pdf)
 <use graphics/HoneyCombAssociatedGraphSideBySide.pdf>
Package pdftex.def Info: graphics/HoneyCombAssociatedGraphSideBySide.pdf used o
n input line 2191.
(pdftex.def)             Requested size: 390.25534pt x 192.97156pt.

Overfull \hbox (15.0pt too wide) in paragraph at lines 2189--2198
[]$[]$ 
 []

[25 <./graphics/VariablesExample.pdf>]
<graphics/ScalingForCorridors.pdf, id=407, 405.97672pt x 224.7095pt>
File: graphics/ScalingForCorridors.pdf Graphic file (type pdf)

<use graphics/ScalingForCorridors.pdf>
Package pdftex.def Info: graphics/ScalingForCorridors.pdf used on input line 22
07.
(pdftex.def)             Requested size: 173.44534pt x 96.00258pt.

Overfull \hbox (15.0pt too wide) in paragraph at lines 2205--2211
[]$[]$ 
 []


<graphics/hexagonalConstructionOfJSmallWithoutHalfHexagons.pdf, id=408, 647.157
76pt x 213.23665pt>
File: graphics/hexagonalConstructionOfJSmallWithoutHalfHexagons.pdf Graphic fil
e (type pdf)

<use graphics/hexagonalConstructionOfJSmallWithoutHalfHexagons.pdf>
Package pdftex.def Info: graphics/hexagonalConstructionOfJSmallWithoutHalfHexag
ons.pdf used on input line 2219.
(pdftex.def)             Requested size: 390.25534pt x 128.59372pt.

Overfull \hbox (15.0pt too wide) in paragraph at lines 2217--2223
[]$[]$ 
 []

[26 <./graphics/HoneyCombAssociatedGraphSideBySide.pdf> <./graphics/ScalingForC
orridors.pdf>]
<graphics/FlexibleHexagons.pdf, id=432, 272.63959pt x 156.12328pt>
File: graphics/FlexibleHexagons.pdf Graphic file (type pdf)

<use graphics/FlexibleHexagons.pdf>
Package pdftex.def Info: graphics/FlexibleHexagons.pdf used on input line 2261.

(pdftex.def)             Requested size: 179.94267pt x 103.04167pt.

Overfull \hbox (15.0pt too wide) in paragraph at lines 2259--2268
[]$[]$ 
 []

[27 <./graphics/hexagonalConstructionOfJSmallWithoutHalfHexagons.pdf>]
<graphics/fig-variable-hex+.pdf, id=458, 515.06215pt x 110.3061pt>
File: graphics/fig-variable-hex+.pdf Graphic file (type pdf)

<use graphics/fig-variable-hex+.pdf>
Package pdftex.def Info: graphics/fig-variable-hex+.pdf used on input line 2279
.
(pdftex.def)             Requested size: 390.25534pt x 83.58104pt.

Overfull \hbox (15.0pt too wide) in paragraph at lines 2277--2288
[]$[]$ 
 []

<graphics/ActiveChannel.pdf, id=459, 648.77379pt x 237.70808pt>
File: graphics/ActiveChannel.pdf Graphic file (type pdf)

<use graphics/ActiveChannel.pdf>
Package pdftex.def Info: graphics/ActiveChannel.pdf used on input line 2296.
(pdftex.def)             Requested size: 390.25534pt x 142.99228pt.

Overfull \hbox (15.0pt too wide) in paragraph at lines 2294--2300
[]$[]$ 
 []

[28 <./graphics/FlexibleHexagons.pdf> <./graphics/fig-variable-hex+.pdf>]
<graphics/VariableGadgetSmall.pdf, id=480, 200.75pt x 151.91757pt>
File: graphics/VariableGadgetSmall.pdf Graphic file (type pdf)

<use graphics/VariableGadgetSmall.pdf>
Package pdftex.def Info: graphics/VariableGadgetSmall.pdf used on input line 23
14.
(pdftex.def)             Requested size: 195.12767pt x 147.67279pt.

Overfull \hbox (15.0pt too wide) in paragraph at lines 2312--2318
[]$[]$ 
 []

[29 <./graphics/ActiveChannel.pdf> <./graphics/VariableGadgetSmall.pdf>]
<graphics/fig-clause-hex.pdf, id=499, 388.96014pt x 101.64073pt>
File: graphics/fig-clause-hex.pdf Graphic file (type pdf)

<use graphics/fig-clause-hex.pdf>
Package pdftex.def Info: graphics/fig-clause-hex.pdf used on input line 2328.
(pdftex.def)             Requested size: 303.53267pt x 79.3213pt.

Overfull \hbox (15.0pt too wide) in paragraph at lines 2326--2334
[]$[]$ 
 []


<graphics/VariableJunctionTransmitterSelection.pdf, id=500, 964.13202pt x 979.6
4995pt>
File: graphics/VariableJunctionTransmitterSelection.pdf Graphic file (type pdf)

 <use graphics/VariableJunctionTransmitterSelection.pdf>
Package pdftex.def Info: graphics/VariableJunctionTransmitterSelection.pdf used
 on input line 2354.
(pdftex.def)             Requested size: 346.89731pt x 352.47939pt.

Overfull \hbox (15.0pt too wide) in paragraph at lines 2352--2359
[]$[]$ 
 []

[30 <./graphics/fig-clause-hex.pdf>]
<graphics/fig-transmitter-hex.pdf, id=516, 385.1429pt x 100.51854pt>
File: graphics/fig-transmitter-hex.pdf Graphic file (type pdf)

<use graphics/fig-transmitter-hex.pdf>
Package pdftex.def Info: graphics/fig-transmitter-hex.pdf used on input line 23
68.
(pdftex.def)             Requested size: 303.53267pt x 79.22163pt.

Overfull \hbox (15.0pt too wide) in paragraph at lines 2366--2376
[]$[]$ 
 []

[31 <./graphics/VariableJunctionTransmitterSelection.pdf> <./graphics/fig-trans
mitter-hex.pdf>] [32] [33] [34]
<graphics/modifiedAuxilaryConstructionAsTree.pdf, id=552, 637.32103pt x 253.898
56pt>
File: graphics/modifiedAuxilaryConstructionAsTree.pdf Graphic file (type pdf)
 <use graphics/modifiedAuxilaryConstructionAsTree.pdf>
Package pdftex.def Info: graphics/modifiedAuxilaryConstructionAsTree.pdf used o
n input line 2551.
(pdftex.def)             Requested size: 367.75546pt x 146.50578pt.

<graphics/HalfSizeHexagon.pdf, id=553, 247.78572pt x 147.04938pt>
File: graphics/HalfSizeHexagon.pdf Graphic file (type pdf)

<use graphics/HalfSizeHexagon.pdf>
Package pdftex.def Info: graphics/HalfSizeHexagon.pdf used on input line 2561.
(pdftex.def)             Requested size: 134.84532pt x 80.02475pt.
 [35 <./graphics/modifiedAuxilaryConstructionAsTree.pdf>] <graphics/fig-frame-h
ex.pdf, id=569, 477.26376pt x 197.06023pt>
File: graphics/fig-frame-hex.pdf Graphic file (type pdf)

<use graphics/fig-frame-hex.pdf>
Package pdftex.def Info: graphics/fig-frame-hex.pdf used on input line 2575.
(pdftex.def)             Requested size: 411.93767pt x 170.09091pt.

Overfull \hbox (15.0pt too wide) in paragraph at lines 2573--2583
[]$[]$ 
 []

<graphics/tiltedObstaclesInFrame.pdf, id=570, 184.51936pt x 161.31267pt>
File: graphics/tiltedObstaclesInFrame.pdf Graphic file (type pdf)

<use graphics/tiltedObstaclesInFrame.pdf>
Package pdftex.def Info: graphics/tiltedObstaclesInFrame.pdf used on input line
 2600.
(pdftex.def)             Requested size: 130.08731pt x 113.72789pt.

Overfull \hbox (15.0pt too wide) in paragraph at lines 2598--2604
[]$[]$ 
 []

[36 <./graphics/HalfSizeHexagon.pdf> <./graphics/fig-frame-hex.pdf>]
<graphics/dualSmallHexagonalGrid.pdf, id=595, 527.5409pt x 233.5927pt>
File: graphics/dualSmallHexagonalGrid.pdf Graphic file (type pdf)

<use graphics/dualSmallHexagonalGrid.pdf>
Package pdftex.def Info: graphics/dualSmallHexagonalGrid.pdf used on input line
 2610.
(pdftex.def)             Requested size: 216.81pt x 96.00174pt.

Overfull \hbox (15.0pt too wide) in paragraph at lines 2608--2614
[]$[]$ 
 []


LaTeX Warning: Reference `fig:corridorNonCanonical.pdf' on page 37 undefined on
 input line 2629.

[37 <./graphics/tiltedObstaclesInFrame.pdf> <./graphics/dualSmallHexagonalGrid.
pdf>] <graphics/corridorNonCanonical2.pdf, id=617, 337.50089pt x 115.88293pt>
File: graphics/corridorNonCanonical2.pdf Graphic file (type pdf)

<use graphics/corridorNonCanonical2.pdf>
Package pdftex.def Info: graphics/corridorNonCanonical2.pdf used on input line 
2650.
(pdftex.def)             Requested size: 390.25534pt x 133.99635pt.

Overfull \hbox (15.0pt too wide) in paragraph at lines 2648--2654
[]$[]$ 
 []

[38 <./graphics/corridorNonCanonical2.pdf>]
<graphics/hexagonNonCanonical2.pdf, id=644, 189.37952pt x 182.95753pt>
File: graphics/hexagonNonCanonical2.pdf Graphic file (type pdf)

<use graphics/hexagonNonCanonical2.pdf>
Package pdftex.def Info: graphics/hexagonNonCanonical2.pdf used on input line 2
726.
(pdftex.def)             Requested size: 143.09538pt x 138.24515pt.

Overfull \hbox (15.0pt too wide) in paragraph at lines 2724--2732
[]$[]$ 
 []

[39 <./graphics/hexagonNonCanonical2.pdf>]
<graphics/verticalDisplacementArgument.pdf, id=663, 210.13507pt x 182.03008pt>
File: graphics/verticalDisplacementArgument.pdf Graphic file (type pdf)

<use graphics/verticalDisplacementArgument.pdf>
Package pdftex.def Info: graphics/verticalDisplacementArgument.pdf used on inpu
t line 2738.
(pdftex.def)             Requested size: 143.09538pt x 123.96211pt.

Overfull \hbox (15.0pt too wide) in paragraph at lines 2736--2742
[]$[]$ 
 []

[40 <./graphics/verticalDisplacementArgument.pdf>]
<graphics/someRangeSkinny.pdf, id=686, 715.39267pt x 188.07263pt>
File: graphics/someRangeSkinny.pdf Graphic file (type pdf)

<use graphics/someRangeSkinny.pdf>
Package pdftex.def Info: graphics/someRangeSkinny.pdf used on input line 2779.
(pdftex.def)             Requested size: 429.28616pt x 112.85878pt.

Overfull \hbox (15.0pt too wide) in paragraph at lines 2777--2783
[]$[]$ 
 []

<graphics/phiFigure.pdf, id=687, 643.49411pt x 215.13374pt>
File: graphics/phiFigure.pdf Graphic file (type pdf)

<use graphics/phiFigure.pdf>
Package pdftex.def Info: graphics/phiFigure.pdf used on input line 2813.
(pdftex.def)             Requested size: 429.28616pt x 143.52171pt.

Overfull \hbox (179.79514pt too wide) in paragraph at lines 2811--2817
 \T1/ptm/b/it/10 Hor-i-zon-tal Dis-place-ment Gen-er-ated by $\OML/ztmcm/m/it/1
0 ![]$[] $[]$ 
 []

[41 <./graphics/someRangeSkinny.pdf>]
<graphics/betaOmegaFigure.pdf, id=709, 751.9292pt x 309.3156pt>
File: graphics/betaOmegaFigure.pdf Graphic file (type pdf)

<use graphics/betaOmegaFigure.pdf>
Package pdftex.def Info: graphics/betaOmegaFigure.pdf used on input line 2823.
(pdftex.def)             Requested size: 199.4681pt x 82.05319pt.

Overfull \hbox (302.75378pt too wide) in paragraph at lines 2821--2828
 \T1/ptm/b/it/10 Hor-i-zon-tal Dis-place-ment Gen-er-ated by Cen-tral Flag Ro-t
a-tion $\OML/ztmcm/m/it/10 ^^^[]$[] $[]$\T1/ptm/b/n/10 Lemma
 []

[42 <./graphics/phiFigure.pdf> <./graphics/betaOmegaFigure.pdf>] [43]
Chapter 4.
<graphics/HausdorffDistanceExample1.pdf, id=731, 291.58937pt x 208.65755pt>
File: graphics/HausdorffDistanceExample1.pdf Graphic file (type pdf)

<use graphics/HausdorffDistanceExample1.pdf>
Package pdftex.def Info: graphics/HausdorffDistanceExample1.pdf used on input l
ine 2908.
(pdftex.def)             Requested size: 143.09538pt x 102.39908pt.

Overfull \hbox (15.0pt too wide) in paragraph at lines 2906--2912
[]$[]$ 
 []

[44

 <./graphics/HausdorffDistanceExample1.pdf>]
LaTeX Font Info:    Try loading font information for OMS+ptm on input line 2936
.

(/usr/local/texlive/2015/texmf-dist/tex/latex/psnfss/omsptm.fd
File: omsptm.fd 
)
LaTeX Font Info:    Font shape `OMS/ptm/m/n' in size <10> not available
(Font)              Font shape `OMS/cmsy/m/n' tried instead on input line 2936.


<graphics/snowflakeOutline5LayerSmall.pdf, id=742, 189.76897pt x 166.8333pt>
File: graphics/snowflakeOutline5LayerSmall.pdf Graphic file (type pdf)

<use graphics/snowflakeOutline5LayerSmall.pdf>
Package pdftex.def Info: graphics/snowflakeOutline5LayerSmall.pdf used on input
 line 2946.
(pdftex.def)             Requested size: 189.7685pt x 166.83287pt.
 [45 <./graphics/snowflakeOutline5LayerSmall.pdf>]
<graphics/hexagonOutline5LayerSmall.pdf, id=750, 204.32335pt x 179.61102pt>
File: graphics/hexagonOutline5LayerSmall.pdf Graphic file (type pdf)

<use graphics/hexagonOutline5LayerSmall.pdf>
Package pdftex.def Info: graphics/hexagonOutline5LayerSmall.pdf used on input l
ine 3006.
(pdftex.def)             Requested size: 204.32283pt x 179.61058pt.

Overfull \hbox (15.0pt too wide) in paragraph at lines 3004--3010
[]$[]$ 
 []

[46]

LaTeX Warning: Reference `lem:s1Small' on page 47 undefined on input line 3010.



LaTeX Warning: Reference `lem:disksOfPathways' on page 47 undefined on input li
ne 3010.


LaTeX Warning: Reference `lem:s1Small' on page 47 undefined on input line 3011.



LaTeX Warning: Reference `lem:disksOfPathways' on page 47 undefined on input li
ne 3011.


LaTeX Warning: Reference `lem:s1Small' on page 47 undefined on input line 3012.


<graphics/modifiedContactGraph.pdf, id=754, 217.35605pt x 187.2074pt>
File: graphics/modifiedContactGraph.pdf Graphic file (type pdf)

<use graphics/modifiedContactGraph.pdf>
Package pdftex.def Info: graphics/modifiedContactGraph.pdf used on input line 3
018.
(pdftex.def)             Requested size: 143.09538pt x 123.2516pt.

Overfull \hbox (15.0pt too wide) in paragraph at lines 3016--3022
[]$[]$ 
 []

[47 <./graphics/hexagonOutline5LayerSmall.pdf> <./graphics/modifiedContactGraph
.pdf>]

LaTeX Warning: Reference `lem:angularArrangement' on page 48 undefined on input
 line 3048.

<graphics/Vertebrae.pdf, id=779, 161.0015pt x 64.6415pt>
File: graphics/Vertebrae.pdf Graphic file (type pdf)

<use graphics/Vertebrae.pdf>
Package pdftex.def Info: graphics/Vertebrae.pdf used on input line 3059.
(pdftex.def)             Requested size: 286.19078pt x 114.90462pt.

Overfull \hbox (15.0pt too wide) in paragraph at lines 3057--3063
[]$[]$ 
 []


LaTeX Warning: Reference `lem:disksOfPathways' on page 48 undefined on input li
ne 3074.

[48 <./graphics/Vertebrae.pdf>]
<graphics/ch4Paralellogram.pdf, id=795, 707.443pt x 170.52708pt>
File: graphics/ch4Paralellogram.pdf Graphic file (type pdf)

<use graphics/ch4Paralellogram.pdf>
Package pdftex.def Info: graphics/ch4Paralellogram.pdf used on input line 3080.

(pdftex.def)             Requested size: 286.19078pt x 68.98502pt.

Overfull \hbox (15.0pt too wide) in paragraph at lines 3078--3084
[]$[]$ 
 []

(../pdf/cat.bbl [49 <./graphics/ch4Paralellogram.pdf>])
WARNING: YOU NEED A BIBLIOGRAPHY!! See the references macro
[50

] (../pdf/cat.aux)

LaTeX Warning: There were undefined references.

 ) 
Here is how much of TeX's memory you used:
 17997 strings out of 493089
 333252 string characters out of 6134841
 503870 words of memory out of 5000000
 20972 multiletter control sequences out of 15000+600000
 64297 words of font info for 115 fonts, out of 8000000 for 9000
 1141 hyphenation exceptions out of 8191
 55i,16n,59p,1096b,591s stack positions out of 5000i,500n,10000p,200000b,80000s
{/usr/local/texlive/2015/texmf-dist/fonts/enc/dvips/base/8r.enc}</usr/local/t
exlive/2015/texmf-dist/fonts/type1/public/amsfonts/cm/cmex10.pfb></usr/local/te
xlive/2015/texmf-dist/fonts/type1/public/amsfonts/cm/cmmi10.pfb></usr/local/tex
live/2015/texmf-dist/fonts/type1/public/amsfonts/cm/cmmi12.pfb></usr/local/texl
ive/2015/texmf-dist/fonts/type1/public/amsfonts/cm/cmmi7.pfb></usr/local/texliv
e/2015/texmf-dist/fonts/type1/public/amsfonts/cm/cmmi8.pfb></usr/local/texlive/
2015/texmf-dist/fonts/type1/public/amsfonts/cm/cmr10.pfb></usr/local/texlive/20
15/texmf-dist/fonts/type1/public/amsfonts/cm/cmr12.pfb></usr/local/texlive/2015
/texmf-dist/fonts/type1/public/amsfonts/cm/cmr17.pfb></usr/local/texlive/2015/t
exmf-dist/fonts/type1/public/amsfonts/cm/cmr7.pfb></usr/local/texlive/2015/texm
f-dist/fonts/type1/public/amsfonts/cm/cmr8.pfb></usr/local/texlive/2015/texmf-d
ist/fonts/type1/public/amsfonts/cm/cmss10.pfb></usr/local/texlive/2015/texmf-di
st/fonts/type1/public/amsfonts/cm/cmsy10.pfb></usr/local/texlive/2015/texmf-dis
t/fonts/type1/public/amsfonts/cm/cmsy7.pfb></usr/local/texlive/2015/texmf-dist/
fonts/type1/public/amsfonts/symbols/msbm10.pfb></usr/local/texlive/2015/texmf-d
ist/fonts/type1/public/rsfs/rsfs10.pfb></usr/local/texlive/2015/texmf-dist/font
s/type1/urw/symbol/usyr.pfb></usr/local/texlive/2015/texmf-dist/fonts/type1/urw
/symbol/usyr.pfb></usr/local/texlive/2015/texmf-dist/fonts/type1/urw/times/utmb
8a.pfb></usr/local/texlive/2015/texmf-dist/fonts/type1/urw/times/utmbi8a.pfb></
usr/local/texlive/2015/texmf-dist/fonts/type1/urw/times/utmr8a.pfb></usr/local/
texlive/2015/texmf-dist/fonts/type1/urw/times/utmri8a.pfb>
Output written on ../pdf/cat.pdf (54 pages, 673908 bytes).
PDF statistics:
 861 PDF objects out of 1000 (max. 8388607)
 577 compressed objects within 6 object streams
 0 named destinations out of 1000 (max. 500000)
 343 words of extra memory for PDF output out of 10000 (max. 10000000)

