This is pdfTeX, Version 3.14159265-2.6-1.40.16 (TeX Live 2015) (preloaded format=pdflatex 2015.11.10)  6 NOV 2016 15:02
entering extended mode
 restricted \write18 enabled.
 %&-line parsing enabled.
**Ch1.tex
(./Ch1.tex
LaTeX2e <2015/01/01>
Babel <3.9l> and hyphenation patterns for 79 languages loaded.
(./preamble.tex (./CSUNthesis.cls
Document Class: CSUNthesis 2006/04/26 2.2 CSU Northridge
-- CSUN Thesis style
-- Author: Wiegley, Jeff, jeffw@csun.edu
-- Please contact the author to have any mistakes corrected.
(/usr/local/texlive/2015/texmf-dist/tex/latex/psnfss/times.sty
Package: times 2005/04/12 PSNFSS-v9.2a (SPQR) 
)
\titlewidth=\skip41
\frontmattertopmargin=\skip42

(/usr/local/texlive/2015/texmf-dist/tex/latex/base/report.cls
Document Class: report 2014/09/29 v1.4h Standard LaTeX document class
(/usr/local/texlive/2015/texmf-dist/tex/latex/base/size10.clo
File: size10.clo 2014/09/29 v1.4h Standard LaTeX file (size option)
)
\c@part=\count79
\c@chapter=\count80
\c@section=\count81
\c@subsection=\count82
\c@subsubsection=\count83
\c@paragraph=\count84
\c@subparagraph=\count85
\c@figure=\count86
\c@table=\count87
\abovecaptionskip=\skip43
\belowcaptionskip=\skip44
\bibindent=\dimen102
)
(/usr/local/texlive/2015/texmf-dist/tex/latex/graphics/color.sty
Package: color 2014/10/28 v1.1a Standard LaTeX Color (DPC)

(/usr/local/texlive/2015/texmf-dist/tex/latex/latexconfig/color.cfg
File: color.cfg 2007/01/18 v1.5 color configuration of teTeX/TeXLive
)
Package color Info: Driver file: pdftex.def on input line 142.

(/usr/local/texlive/2015/texmf-dist/tex/latex/pdftex-def/pdftex.def
File: pdftex.def 2011/05/27 v0.06d Graphics/color for pdfTeX

(/usr/local/texlive/2015/texmf-dist/tex/generic/oberdiek/infwarerr.sty
Package: infwarerr 2010/04/08 v1.3 Providing info/warning/error messages (HO)
)
(/usr/local/texlive/2015/texmf-dist/tex/generic/oberdiek/ltxcmds.sty
Package: ltxcmds 2011/11/09 v1.22 LaTeX kernel commands for general use (HO)
)
\Gread@gobject=\count88
))
(/usr/local/texlive/2015/texmf-dist/tex/generic/ulem/ulem.sty
\UL@box=\box26
\UL@hyphenbox=\box27
\UL@skip=\skip45
\UL@hook=\toks14
\UL@height=\dimen103
\UL@pe=\count89
\UL@pixel=\dimen104
\ULC@box=\box28
Package: ulem 2012/05/18
\ULdepth=\dimen105
)
(/usr/local/texlive/2015/texmf-dist/tex/latex/setspace/setspace.sty
Package: setspace 2011/12/19 v6.7a set line spacing
))
(/usr/local/texlive/2015/texmf-dist/tex/latex/base/inputenc.sty
Package: inputenc 2015/03/17 v1.2c Input encoding file
\inpenc@prehook=\toks15
\inpenc@posthook=\toks16

(/usr/local/texlive/2015/texmf-dist/tex/latex/base/latin1.def
File: latin1.def 2015/03/17 v1.2c Input encoding file
))
(/usr/local/texlive/2015/texmf-dist/tex/latex/graphics/graphicx.sty
Package: graphicx 2014/10/28 v1.0g Enhanced LaTeX Graphics (DPC,SPQR)

(/usr/local/texlive/2015/texmf-dist/tex/latex/graphics/keyval.sty
Package: keyval 2014/10/28 v1.15 key=value parser (DPC)
\KV@toks@=\toks17
)
(/usr/local/texlive/2015/texmf-dist/tex/latex/graphics/graphics.sty
Package: graphics 2014/10/28 v1.0p Standard LaTeX Graphics (DPC,SPQR)

(/usr/local/texlive/2015/texmf-dist/tex/latex/graphics/trig.sty
Package: trig 1999/03/16 v1.09 sin cos tan (DPC)
)
(/usr/local/texlive/2015/texmf-dist/tex/latex/latexconfig/graphics.cfg
File: graphics.cfg 2010/04/23 v1.9 graphics configuration of TeX Live
)
Package graphics Info: Driver file: pdftex.def on input line 94.
)
\Gin@req@height=\dimen106
\Gin@req@width=\dimen107
)
(/usr/local/texlive/2015/texmf-dist/tex/latex/amsmath/amsmath.sty
Package: amsmath 2013/01/14 v2.14 AMS math features
\@mathmargin=\skip46

For additional information on amsmath, use the `?' option.
(/usr/local/texlive/2015/texmf-dist/tex/latex/amsmath/amstext.sty
Package: amstext 2000/06/29 v2.01

(/usr/local/texlive/2015/texmf-dist/tex/latex/amsmath/amsgen.sty
File: amsgen.sty 1999/11/30 v2.0
\@emptytoks=\toks18
\ex@=\dimen108
))
(/usr/local/texlive/2015/texmf-dist/tex/latex/amsmath/amsbsy.sty
Package: amsbsy 1999/11/29 v1.2d
\pmbraise@=\dimen109
)
(/usr/local/texlive/2015/texmf-dist/tex/latex/amsmath/amsopn.sty
Package: amsopn 1999/12/14 v2.01 operator names
)
\inf@bad=\count90
LaTeX Info: Redefining \frac on input line 210.
\uproot@=\count91
\leftroot@=\count92
LaTeX Info: Redefining \overline on input line 306.
\classnum@=\count93
\DOTSCASE@=\count94
LaTeX Info: Redefining \ldots on input line 378.
LaTeX Info: Redefining \dots on input line 381.
LaTeX Info: Redefining \cdots on input line 466.
\Mathstrutbox@=\box29
\strutbox@=\box30
\big@size=\dimen110
LaTeX Font Info:    Redeclaring font encoding OML on input line 566.
LaTeX Font Info:    Redeclaring font encoding OMS on input line 567.
\macc@depth=\count95
\c@MaxMatrixCols=\count96
\dotsspace@=\muskip10
\c@parentequation=\count97
\dspbrk@lvl=\count98
\tag@help=\toks19
\row@=\count99
\column@=\count100
\maxfields@=\count101
\andhelp@=\toks20
\eqnshift@=\dimen111
\alignsep@=\dimen112
\tagshift@=\dimen113
\tagwidth@=\dimen114
\totwidth@=\dimen115
\lineht@=\dimen116
\@envbody=\toks21
\multlinegap=\skip47
\multlinetaggap=\skip48
\mathdisplay@stack=\toks22
LaTeX Info: Redefining \[ on input line 2665.
LaTeX Info: Redefining \] on input line 2666.
)
(/usr/local/texlive/2015/texmf-dist/tex/latex/amsfonts/amsfonts.sty
Package: amsfonts 2013/01/14 v3.01 Basic AMSFonts support
\symAMSa=\mathgroup4
\symAMSb=\mathgroup5
LaTeX Font Info:    Overwriting math alphabet `\mathfrak' in version `bold'
(Font)                  U/euf/m/n --> U/euf/b/n on input line 106.
)
(/usr/local/texlive/2015/texmf-dist/tex/latex/amsfonts/amssymb.sty
Package: amssymb 2013/01/14 v3.01 AMS font symbols
)
(/usr/local/texlive/2015/texmf-dist/tex/latex/amscls/amsthm.sty
Package: amsthm 2015/03/04 v2.20.2
\thm@style=\toks23
\thm@bodyfont=\toks24
\thm@headfont=\toks25
\thm@notefont=\toks26
\thm@headpunct=\toks27
\thm@preskip=\skip49
\thm@postskip=\skip50
\thm@headsep=\skip51
\dth@everypar=\toks28
)
(/usr/local/texlive/2015/texmf-dist/tex/latex/complexity/complexity.sty
Package: complexity 11/24/06  v0.77

  +----------------------------------------------+
    complexity LaTeX package 
    version: 
    author: Chris Bourke (cbourke@cse.unl.edu) 
  +----------------------------------------------+
(/usr/local/texlive/2015/texmf-dist/tex/latex/base/ifthen.sty
Package: ifthen 2014/09/29 v1.1c Standard LaTeX ifthen package (DPC)
)
(/usr/local/texlive/2015/texmf-dist/tex/latex/complexity/mycomplexity.sty))
(/usr/local/texlive/2015/texmf-dist/tex/latex/caption/caption.sty
Package: caption 2013/05/02 v3.3-89 Customizing captions (AR)

(/usr/local/texlive/2015/texmf-dist/tex/latex/caption/caption3.sty
Package: caption3 2013/05/02 v1.6-88 caption3 kernel (AR)
Package caption3 Info: TeX engine: e-TeX on input line 57.
\captionmargin=\dimen117
\captionmargin@=\dimen118
\captionwidth=\dimen119
\caption@tempdima=\dimen120
\caption@indent=\dimen121
\caption@parindent=\dimen122
\caption@hangindent=\dimen123
)
\c@ContinuedFloat=\count102
)
(/usr/local/texlive/2015/texmf-dist/tex/latex/caption/subcaption.sty
Package: subcaption 2013/02/03 v1.1-62 Sub-captions (AR)
\c@subfigure=\count103
\c@subtable=\count104
)
(/usr/local/texlive/2015/texmf-dist/tex/latex/tools/enumerate.sty
Package: enumerate 2014/10/28 v3.00 enumerate extensions (DPC)
\@enLab=\toks29
)
(/usr/local/texlive/2015/texmf-dist/tex/latex/enumitem/enumitem.sty
Package: enumitem 2011/09/28 v3.5.2 Customized lists
\labelindent=\skip52
\enit@outerparindent=\dimen124
\enit@toks=\toks30
\enit@inbox=\box31
\enitdp@description=\count105
)
(/usr/local/texlive/2015/texmf-dist/tex/latex/tools/array.sty
Package: array 2014/10/28 v2.4c Tabular extension package (FMi)
\col@sep=\dimen125
\extrarowheight=\dimen126
\NC@list=\toks31
\extratabsurround=\skip53
\backup@length=\skip54
)
\c@thm=\count106
\c@prop=\count107
\c@pf=\count108
\c@lem=\count109
\c@definition=\count110
\c@example=\count111
\c@rmk=\count112
\c@case=\count113
\c@prob=\count114
\c@observation=\count115
\@indexfile=\write3
\openout3 = `Ch1.idx'.


Writing index file Ch1.idx
(../pdf/Ch1.aux)
\openout1 = `Ch1.aux'.

LaTeX Font Info:    Checking defaults for OML/cmm/m/it on input line 120.
LaTeX Font Info:    ... okay on input line 120.
LaTeX Font Info:    Checking defaults for T1/cmr/m/n on input line 120.
LaTeX Font Info:    ... okay on input line 120.
LaTeX Font Info:    Checking defaults for OT1/cmr/m/n on input line 120.
LaTeX Font Info:    ... okay on input line 120.
LaTeX Font Info:    Checking defaults for OMS/cmsy/m/n on input line 120.
LaTeX Font Info:    ... okay on input line 120.
LaTeX Font Info:    Checking defaults for OMX/cmex/m/n on input line 120.
LaTeX Font Info:    ... okay on input line 120.
LaTeX Font Info:    Checking defaults for U/cmr/m/n on input line 120.
LaTeX Font Info:    ... okay on input line 120.
LaTeX Font Info:    Try loading font information for OT1+ptm on input line 120.

 (/usr/local/texlive/2015/texmf-dist/tex/latex/psnfss/ot1ptm.fd
File: ot1ptm.fd 2001/06/04 font definitions for OT1/ptm.
) (/usr/local/texlive/2015/texmf-dist/tex/context/base/supp-pdf.mkii
[Loading MPS to PDF converter (version 2006.09.02).]
\scratchcounter=\count116
\scratchdimen=\dimen127
\scratchbox=\box32
\nofMPsegments=\count117
\nofMParguments=\count118
\everyMPshowfont=\toks32
\MPscratchCnt=\count119
\MPscratchDim=\dimen128
\MPnumerator=\count120
\makeMPintoPDFobject=\count121
\everyMPtoPDFconversion=\toks33
)
LaTeX Font Info:    Try loading font information for U+msa on input line 120.
 (/usr/local/texlive/2015/texmf-dist/tex/latex/amsfonts/umsa.fd
File: umsa.fd 2013/01/14 v3.01 AMS symbols A
)
LaTeX Font Info:    Try loading font information for U+msb on input line 120.

(/usr/local/texlive/2015/texmf-dist/tex/latex/amsfonts/umsb.fd
File: umsb.fd 2013/01/14 v3.01 AMS symbols B
) [1

{/usr/local/texlive/2015/texmf-var/fonts/map/pdftex/updmap/pdftex.map}] [2]
LaTeX Font Info:    Font shape `OT1/ptm/bx/n' in size <10> not available
(Font)              Font shape `OT1/ptm/b/n' tried instead on input line 120.
 (../pdf/Ch1.toc)
\tf@toc=\write4
\openout4 = `Ch1.toc'.

[3

]
\oldbaselineskip=\skip55
 [4] (/usr/local/texlive/2015/texmf-dist/tex/generic/oberdiek/pdftexcmds.sty
Package: pdftexcmds 2011/11/29 v0.20 Utility functions of pdfTeX for LuaTeX (HO
)
(/usr/local/texlive/2015/texmf-dist/tex/generic/oberdiek/ifluatex.sty
Package: ifluatex 2010/03/01 v1.3 Provides the ifluatex switch (HO)
Package ifluatex Info: LuaTeX not detected.
)
(/usr/local/texlive/2015/texmf-dist/tex/generic/oberdiek/ifpdf.sty
Package: ifpdf 2011/01/30 v2.3 Provides the ifpdf switch (HO)
Package ifpdf Info: pdfTeX in PDF mode is detected.
)
Package pdftexcmds Info: LuaTeX not detected.
Package pdftexcmds Info: \pdf@primitive is available.
Package pdftexcmds Info: \pdf@ifprimitive is available.
Package pdftexcmds Info: \pdfdraftmode found.
)
(/usr/local/texlive/2015/texmf-dist/tex/latex/oberdiek/epstopdf-base.sty
Package: epstopdf-base 2010/02/09 v2.5 Base part for package epstopdf

(/usr/local/texlive/2015/texmf-dist/tex/latex/oberdiek/grfext.sty
Package: grfext 2010/08/19 v1.1 Manage graphics extensions (HO)

(/usr/local/texlive/2015/texmf-dist/tex/generic/oberdiek/kvdefinekeys.sty
Package: kvdefinekeys 2011/04/07 v1.3 Define keys (HO)
))
(/usr/local/texlive/2015/texmf-dist/tex/latex/oberdiek/kvoptions.sty
Package: kvoptions 2011/06/30 v3.11 Key value format for package options (HO)

(/usr/local/texlive/2015/texmf-dist/tex/generic/oberdiek/kvsetkeys.sty
Package: kvsetkeys 2012/04/25 v1.16 Key value parser (HO)

(/usr/local/texlive/2015/texmf-dist/tex/generic/oberdiek/etexcmds.sty
Package: etexcmds 2011/02/16 v1.5 Avoid name clashes with e-TeX commands (HO)
Package etexcmds Info: Could not find \expanded.
(etexcmds)             That can mean that you are not using pdfTeX 1.50 or
(etexcmds)             that some package has redefined \expanded.
(etexcmds)             In the latter case, load this package earlier.
)))
Package grfext Info: Graphics extension search list:
(grfext)             [.png,.pdf,.jpg,.mps,.jpeg,.jbig2,.jb2,.PNG,.PDF,.JPG,.JPE
G,.JBIG2,.JB2,.eps]
(grfext)             \AppendGraphicsExtensions on input line 452.

(/usr/local/texlive/2015/texmf-dist/tex/latex/latexconfig/epstopdf-sys.cfg
File: epstopdf-sys.cfg 2010/07/13 v1.3 Configuration of (r)epstopdf for TeX Liv
e
))
Package caption Info: Begin \AtBeginDocument code.
Package caption Info: End \AtBeginDocument code.
)
(./ch1/chapter1.tex (./ch1/background.tex
Chapter 1.
) (./ch1/graph.tex
<graphics/graphIsomorphismExample.pdf, id=16, 278.06987pt x 87.81107pt>
File: graphics/graphIsomorphismExample.pdf Graphic file (type pdf)

<use graphics/graphIsomorphismExample.pdf>
Package pdftex.def Info: graphics/graphIsomorphismExample.pdf used on input lin
e 36.
(pdftex.def)             Requested size: 278.06917pt x 87.81084pt.
 [1

 <./graphics/graphIsomorphismExample.pdf>] <graphics/kuratowskiExamples.pdf, id
=36, 312.7645pt x 116.54541pt>
File: graphics/kuratowskiExamples.pdf Graphic file (type pdf)

<use graphics/kuratowskiExamples.pdf>
Package pdftex.def Info: graphics/kuratowskiExamples.pdf used on input line 52.

(pdftex.def)             Requested size: 312.76372pt x 116.54512pt.

<graphics/combinatorialEmbedding.pdf, id=37, 233.88379pt x 93.10785pt>
File: graphics/combinatorialEmbedding.pdf Graphic file (type pdf)

<use graphics/combinatorialEmbedding.pdf>
Package pdftex.def Info: graphics/combinatorialEmbedding.pdf used on input line
 67.
(pdftex.def)             Requested size: 233.88321pt x 93.1076pt.

<graphics/PetersonGraphWithPath.pdf, id=38, 299.7348pt x 121.21887pt>
File: graphics/PetersonGraphWithPath.pdf Graphic file (type pdf)

<use graphics/PetersonGraphWithPath.pdf>
Package pdftex.def Info: graphics/PetersonGraphWithPath.pdf used on input line 
108.
(pdftex.def)             Requested size: 299.73405pt x 121.21857pt.

<graphics/RandomTree.pdf, id=39, 110.23926pt x 110.23886pt>
File: graphics/RandomTree.pdf Graphic file (type pdf)

<use graphics/RandomTree.pdf>
Package pdftex.def Info: graphics/RandomTree.pdf used on input line 123.
(pdftex.def)             Requested size: 110.23898pt x 110.23859pt.
 [2 <./graphics/kuratowskiExamples.pdf> <./graphics/combinatorialEmbedding.pdf>
]
<graphics/OrderedTreesExample.pdf, id=66, 392.7483pt x 135.69997pt>
File: graphics/OrderedTreesExample.pdf Graphic file (type pdf)

<use graphics/OrderedTreesExample.pdf>
Package pdftex.def Info: graphics/OrderedTreesExample.pdf used on input line 13
6.
(pdftex.def)             Requested size: 392.74733pt x 135.69962pt.
 [3 <./graphics/PetersonGraphWithPath.pdf> <./graphics/RandomTree.pdf>]) (./ch1
/linkages.tex
<graphics/HumanTurkeyLinkage.pdf, id=79, 255.56679pt x 151.56123pt>
File: graphics/HumanTurkeyLinkage.pdf Graphic file (type pdf)

<use graphics/HumanTurkeyLinkage.pdf>
Package pdftex.def Info: graphics/HumanTurkeyLinkage.pdf used on input line 5.
(pdftex.def)             Requested size: 255.56616pt x 151.56085pt.

Overfull \hbox (15.0pt too wide) in paragraph at lines 3--9
[]$[]$ 
 []

) (./ch1/polygonallinkages.tex
<graphics/hingeOnThreeDistinctPolygons.pdf, id=80, 297.0608pt x 129.93243pt>
File: graphics/hingeOnThreeDistinctPolygons.pdf Graphic file (type pdf)

<use graphics/hingeOnThreeDistinctPolygons.pdf>
Package pdftex.def Info: graphics/hingeOnThreeDistinctPolygons.pdf used on inpu
t line 7.
(pdftex.def)             Requested size: 297.06007pt x 129.9321pt.
 [4 <./graphics/OrderedTreesExample.pdf> <./graphics/HumanTurkeyLinkage.pdf>]
<graphics/orderedLinkages.pdf, id=100, 315.16145pt x 100.14615pt>
File: graphics/orderedLinkages.pdf Graphic file (type pdf)

<use graphics/orderedLinkages.pdf>
Package pdftex.def Info: graphics/orderedLinkages.pdf used on input line 18.
(pdftex.def)             Requested size: 315.16068pt x 100.14589pt.

Overfull \hbox (15.0pt too wide) in paragraph at lines 16--22
[]$[]$ 
 []

<graphics/Problem1.pdf, id=101, 233.03532pt x 50.01184pt>
File: graphics/Problem1.pdf Graphic file (type pdf)

<use graphics/Problem1.pdf>
Package pdftex.def Info: graphics/Problem1.pdf used on input line 40.
(pdftex.def)             Requested size: 233.03474pt x 50.0117pt.

<graphics/collidingHingedPolygons.pdf, id=102, 451.557pt x 94.60344pt>
File: graphics/collidingHingedPolygons.pdf Graphic file (type pdf)

<use graphics/collidingHingedPolygons.pdf>
Package pdftex.def Info: graphics/collidingHingedPolygons.pdf used on input lin
e 63.
(pdftex.def)             Requested size: 451.5559pt x 94.6032pt.

Overfull \hbox (17.9359pt too wide) in paragraph at lines 63--64
 [] 
 []

[5 <./graphics/hingeOnThreeDistinctPolygons.pdf> <./graphics/orderedLinkages.pd
f>] <graphics/orderedFaces.pdf, id=118, 205.15646pt x 86.25023pt>
File: graphics/orderedFaces.pdf Graphic file (type pdf)

<use graphics/orderedFaces.pdf>
Package pdftex.def Info: graphics/orderedFaces.pdf used on input line 76.
(pdftex.def)             Requested size: 143.09538pt x 60.16284pt.

Overfull \hbox (15.0pt too wide) in paragraph at lines 74--81
[]$[]$ 
 []

[6 <./graphics/Problem1.pdf> <./graphics/collidingHingedPolygons.pdf> <./graphi
cs/orderedFaces.pdf>]
<graphics/HaberdasherProblem.pdf, id=139, 265.8201pt x 132.09651pt>
File: graphics/HaberdasherProblem.pdf Graphic file (type pdf)

<use graphics/HaberdasherProblem.pdf>
Package pdftex.def Info: graphics/HaberdasherProblem.pdf used on input line 107
.
(pdftex.def)             Requested size: 265.81944pt x 132.09618pt.

Overfull \hbox (15.0pt too wide) in paragraph at lines 105--112
[]$[]$ 
 []

<graphics/GeometricDissectionBusschop.pdf, id=140, 276.21796pt x 112.4722pt>
File: graphics/GeometricDissectionBusschop.pdf Graphic file (type pdf)

<use graphics/GeometricDissectionBusschop.pdf>
Package pdftex.def Info: graphics/GeometricDissectionBusschop.pdf used on input
 line 119.
(pdftex.def)             Requested size: 276.21727pt x 112.47191pt.

Overfull \hbox (15.0pt too wide) in paragraph at lines 118--126
[]$[]$ 
 []

<graphics/HingedHaberdasher.pdf, id=141, 478.2165pt x 118.96725pt>
File: graphics/HingedHaberdasher.pdf Graphic file (type pdf)

<use graphics/HingedHaberdasher.pdf>
Package pdftex.def Info: graphics/HingedHaberdasher.pdf used on input line 132.

(pdftex.def)             Requested size: 433.62pt x 107.87733pt.

Overfull \hbox (15.0pt too wide) in paragraph at lines 130--137
[]$[]$ 
 []

) (./ch1/diskarrangements.tex [7 <./graphics/HaberdasherProblem.pdf> <./graphic
s/GeometricDissectionBusschop.pdf>]
<graphics/diskPackingTheoremExample.pdf, id=153, 284.38043pt x 101.58252pt>
File: graphics/diskPackingTheoremExample.pdf Graphic file (type pdf)

<use graphics/diskPackingTheoremExample.pdf>
Package pdftex.def Info: graphics/diskPackingTheoremExample.pdf used on input l
ine 7.
(pdftex.def)             Requested size: 284.37973pt x 101.58226pt.

Overfull \hbox (15.0pt too wide) in paragraph at lines 6--11
[]$[]$ 
 []


LaTeX Warning: Reference `figure:starweel' on page 8 undefined on input line 38
.

[8 <./graphics/HingedHaberdasher.pdf> <./graphics/diskPackingTheoremExample.pdf
>] <graphics/BinaryTree1.pdf, id=187, 69.25874pt x 5.01875pt>
File: graphics/BinaryTree1.pdf Graphic file (type pdf)

<use graphics/BinaryTree1.pdf>
Package pdftex.def Info: graphics/BinaryTree1.pdf used on input line 48.
(pdftex.def)             Requested size: 91.0631pt x 6.59879pt.

<graphics/BinaryTree2.pdf, id=188, 69.25874pt x 69.25874pt>
File: graphics/BinaryTree2.pdf Graphic file (type pdf)

<use graphics/BinaryTree2.pdf>
Package pdftex.def Info: graphics/BinaryTree2.pdf used on input line 53.
(pdftex.def)             Requested size: 91.0631pt x 91.06354pt.

<graphics/BinaryTree3.pdf, id=189, 114.68848pt x 114.68848pt>
File: graphics/BinaryTree3.pdf Graphic file (type pdf)

<use graphics/BinaryTree3.pdf>
Package pdftex.def Info: graphics/BinaryTree3.pdf used on input line 58.
(pdftex.def)             Requested size: 91.0631pt x 91.06314pt.

<graphics/BinaryTree4.pdf, id=190, 114.68848pt x 114.68848pt>
File: graphics/BinaryTree4.pdf Graphic file (type pdf)

<use graphics/BinaryTree4.pdf>
Package pdftex.def Info: graphics/BinaryTree4.pdf used on input line 63.
(pdftex.def)             Requested size: 91.0631pt x 91.06314pt.

<graphics/degree2arrangement.pdf, id=191, 97.76526pt x 33.52626pt>
File: graphics/degree2arrangement.pdf Graphic file (type pdf)

<use graphics/degree2arrangement.pdf>
Package pdftex.def Info: graphics/degree2arrangement.pdf used on input line 84.

(pdftex.def)             Requested size: 104.07117pt x 35.69112pt.

<graphics/degree3arrangement.pdf, id=192, 97.76526pt x 97.76526pt>
File: graphics/degree3arrangement.pdf Graphic file (type pdf)

<use graphics/degree3arrangement.pdf>
Package pdftex.def Info: graphics/degree3arrangement.pdf used on input line 89.

(pdftex.def)             Requested size: 104.07117pt x 104.07819pt.

<graphics/degree4arrangement.pdf, id=193, 162.00525pt x 162.00525pt>
File: graphics/degree4arrangement.pdf Graphic file (type pdf)

<use graphics/degree4arrangement.pdf>
Package pdftex.def Info: graphics/degree4arrangement.pdf used on input line 94.

(pdftex.def)             Requested size: 104.07117pt x 104.07356pt.

<graphics/degree5arrangement.pdf, id=194, 226.24524pt x 226.24524pt>
File: graphics/degree5arrangement.pdf Graphic file (type pdf)

<use graphics/degree5arrangement.pdf>
Package pdftex.def Info: graphics/degree5arrangement.pdf used on input line 99.

(pdftex.def)             Requested size: 104.07117pt x 104.0706pt.


Package caption Warning: \label without proper \caption on input line 81.
See the caption package documentation for explanation.


LaTeX Warning: Reference `fig:circlePacking-2' on page 9 undefined on input lin
e 106.


<graphics/OrderedDiskArrangementExample1.pdf, id=195, 123.93301pt x 190.29092pt
>
File: graphics/OrderedDiskArrangementExample1.pdf Graphic file (type pdf)
 <use graphics/OrderedDiskArrangementExample1.pdf>
Package pdftex.def Info: graphics/OrderedDiskArrangementExample1.pdf used on in
put line 115.
(pdftex.def)             Requested size: 111.53867pt x 171.26024pt.

<graphics/OrderedDiskArrangementExample2.pdf, id=196, 123.2605pt x 132.46489pt>
File: graphics/OrderedDiskArrangementExample2.pdf Graphic file (type pdf)
<use graphics/OrderedDiskArrangementExample2.pdf>
Package pdftex.def Info: graphics/OrderedDiskArrangementExample2.pdf used on in
put line 121.
(pdftex.def)             Requested size: 110.93341pt x 119.21729pt.
 [9 <./graphics/BinaryTree1.pdf> <./graphics/BinaryTree2.pdf> <./graphics/Binar
yTree3.pdf> <./graphics/BinaryTree4.pdf> <./graphics/degree2arrangement.pdf> <.
/graphics/degree3arrangement.pdf> <./graphics/degree4arrangement.pdf> <./graphi
cs/degree5arrangement.pdf>]
<graphics/orderedPlaneIntersection.pdf, id=237, 219.7008pt x 222.57153pt>
File: graphics/orderedPlaneIntersection.pdf Graphic file (type pdf)

<use graphics/orderedPlaneIntersection.pdf>
Package pdftex.def Info: graphics/orderedPlaneIntersection.pdf used on input li
ne 150.
(pdftex.def)             Requested size: 173.44534pt x 175.72089pt.

Overfull \hbox (15.0pt too wide) in paragraph at lines 148--155
[]$[]$ 
 []

) (./ch1/configurationspaces.tex [10 <./graphics/OrderedDiskArrangementExample1
.pdf> <./graphics/OrderedDiskArrangementExample2.pdf> <./graphics/orderedPlaneI
ntersection.pdf>]
<graphics/twoEmbeddingsOfSameLinkage.pdf, id=264, 339.39998pt x 169.65584pt>
File: graphics/twoEmbeddingsOfSameLinkage.pdf Graphic file (type pdf)

<use graphics/twoEmbeddingsOfSameLinkage.pdf>
Package pdftex.def Info: graphics/twoEmbeddingsOfSameLinkage.pdf used on input 
line 94.
(pdftex.def)             Requested size: 339.39915pt x 169.65541pt.
 [11]
<graphics/DiskPackingReconfiguration.pdf, id=268, 322.6454pt x 202.1432pt>
File: graphics/DiskPackingReconfiguration.pdf Graphic file (type pdf)

<use graphics/DiskPackingReconfiguration.pdf>
Package pdftex.def Info: graphics/DiskPackingReconfiguration.pdf used on input 
line 121.
(pdftex.def)             Requested size: 241.98344pt x 151.60701pt.
 [12 <./graphics/twoEmbeddingsOfSameLinkage.pdf> <./graphics/DiskPackingReconfi
guration.pdf>])
(./ch1/complexity.tex) (./ch1/RSA.tex [13] [14]) (./ch1/satisfiability.tex
<graphics/fig-assoc-hex.pdf, id=288, 328.38896pt x 99.16548pt>
File: graphics/fig-assoc-hex.pdf Graphic file (type pdf)

<use graphics/fig-assoc-hex.pdf>
Package pdftex.def Info: graphics/fig-assoc-hex.pdf used on input line 32.
(pdftex.def)             Requested size: 303.53267pt x 91.66306pt.


LaTeX Warning: Reference `sec:auxiliaryConstruction' on page 15 undefined on in
put line 34.


LaTeX Warning: Reference `sec:auxiliaryConstruction' on page 15 undefined on in
put line 34.

[15 <./graphics/fig-assoc-hex.pdf>]) (./ch1/problemdefinition.tex
LaTeX Font Info:    Font shape `OT1/ptm/bx/it' in size <10> not available
(Font)              Font shape `OT1/ptm/b/it' tried instead on input line 23.
)
(./ch1/RelatedWork.tex)) (../pdf/Ch1.bbl [16])
WARNING: YOU NEED A BIBLIOGRAPHY!! See the references macro
[17

] (../pdf/Ch1.aux)

LaTeX Warning: There were undefined references.

 ) 
Here is how much of TeX's memory you used:
 5133 strings out of 493089
 74276 string characters out of 6134841
 143237 words of memory out of 5000000
 8443 multiletter control sequences out of 15000+600000
 23079 words of font info for 57 fonts, out of 8000000 for 9000
 1141 hyphenation exceptions out of 8191
 40i,13n,38p,832b,554s stack positions out of 5000i,500n,10000p,200000b,80000s
{/usr/local/texlive/2015/texmf-dist/fonts/enc/dvips/base/8r.enc}</usr/local/t
exlive/2015/texmf-dist/fonts/type1/public/amsfonts/cm/cmex10.pfb></usr/local/te
xlive/2015/texmf-dist/fonts/type1/public/amsfonts/cm/cmmi10.pfb></usr/local/tex
live/2015/texmf-dist/fonts/type1/public/amsfonts/cm/cmmi12.pfb></usr/local/texl
ive/2015/texmf-dist/fonts/type1/public/amsfonts/cm/cmmi7.pfb></usr/local/texliv
e/2015/texmf-dist/fonts/type1/public/amsfonts/cm/cmmi9.pfb></usr/local/texlive/
2015/texmf-dist/fonts/type1/public/amsfonts/cm/cmr10.pfb></usr/local/texlive/20
15/texmf-dist/fonts/type1/public/amsfonts/cm/cmr12.pfb></usr/local/texlive/2015
/texmf-dist/fonts/type1/public/amsfonts/cm/cmr17.pfb></usr/local/texlive/2015/t
exmf-dist/fonts/type1/public/amsfonts/cm/cmr6.pfb></usr/local/texlive/2015/texm
f-dist/fonts/type1/public/amsfonts/cm/cmr7.pfb></usr/local/texlive/2015/texmf-d
ist/fonts/type1/public/amsfonts/cm/cmr8.pfb></usr/local/texlive/2015/texmf-dist
/fonts/type1/public/amsfonts/cm/cmss10.pfb></usr/local/texlive/2015/texmf-dist/
fonts/type1/public/amsfonts/cm/cmsy10.pfb></usr/local/texlive/2015/texmf-dist/f
onts/type1/public/amsfonts/cm/cmsy7.pfb></usr/local/texlive/2015/texmf-dist/fon
ts/type1/public/amsfonts/symbols/msbm10.pfb></usr/local/texlive/2015/texmf-dist
/fonts/type1/urw/times/utmb8a.pfb></usr/local/texlive/2015/texmf-dist/fonts/typ
e1/urw/times/utmbi8a.pfb></usr/local/texlive/2015/texmf-dist/fonts/type1/urw/ti
mes/utmr8a.pfb></usr/local/texlive/2015/texmf-dist/fonts/type1/urw/times/utmri8
a.pfb>
Output written on ../pdf/Ch1.pdf (21 pages, 387184 bytes).
PDF statistics:
 356 PDF objects out of 1000 (max. 8388607)
 218 compressed objects within 3 object streams
 0 named destinations out of 1000 (max. 500000)
 151 words of extra memory for PDF output out of 10000 (max. 10000000)

