This is pdfTeX, Version 3.14159265-2.6-1.40.16 (TeX Live 2015) (preloaded format=pdflatex 2015.11.10)  6 NOV 2016 15:02
entering extended mode
 restricted \write18 enabled.
 %&-line parsing enabled.
**Ch3.tex
(./Ch3.tex
LaTeX2e <2015/01/01>
Babel <3.9l> and hyphenation patterns for 79 languages loaded.
(./preamble.tex (./CSUNthesis.cls
Document Class: CSUNthesis 2006/04/26 2.2 CSU Northridge
-- CSUN Thesis style
-- Author: Wiegley, Jeff, jeffw@csun.edu
-- Please contact the author to have any mistakes corrected.
(/usr/local/texlive/2015/texmf-dist/tex/latex/psnfss/times.sty
Package: times 2005/04/12 PSNFSS-v9.2a (SPQR) 
)
\titlewidth=\skip41
\frontmattertopmargin=\skip42

(/usr/local/texlive/2015/texmf-dist/tex/latex/base/report.cls
Document Class: report 2014/09/29 v1.4h Standard LaTeX document class
(/usr/local/texlive/2015/texmf-dist/tex/latex/base/size10.clo
File: size10.clo 2014/09/29 v1.4h Standard LaTeX file (size option)
)
\c@part=\count79
\c@chapter=\count80
\c@section=\count81
\c@subsection=\count82
\c@subsubsection=\count83
\c@paragraph=\count84
\c@subparagraph=\count85
\c@figure=\count86
\c@table=\count87
\abovecaptionskip=\skip43
\belowcaptionskip=\skip44
\bibindent=\dimen102
)
(/usr/local/texlive/2015/texmf-dist/tex/latex/graphics/color.sty
Package: color 2014/10/28 v1.1a Standard LaTeX Color (DPC)

(/usr/local/texlive/2015/texmf-dist/tex/latex/latexconfig/color.cfg
File: color.cfg 2007/01/18 v1.5 color configuration of teTeX/TeXLive
)
Package color Info: Driver file: pdftex.def on input line 142.

(/usr/local/texlive/2015/texmf-dist/tex/latex/pdftex-def/pdftex.def
File: pdftex.def 2011/05/27 v0.06d Graphics/color for pdfTeX

(/usr/local/texlive/2015/texmf-dist/tex/generic/oberdiek/infwarerr.sty
Package: infwarerr 2010/04/08 v1.3 Providing info/warning/error messages (HO)
)
(/usr/local/texlive/2015/texmf-dist/tex/generic/oberdiek/ltxcmds.sty
Package: ltxcmds 2011/11/09 v1.22 LaTeX kernel commands for general use (HO)
)
\Gread@gobject=\count88
))
(/usr/local/texlive/2015/texmf-dist/tex/generic/ulem/ulem.sty
\UL@box=\box26
\UL@hyphenbox=\box27
\UL@skip=\skip45
\UL@hook=\toks14
\UL@height=\dimen103
\UL@pe=\count89
\UL@pixel=\dimen104
\ULC@box=\box28
Package: ulem 2012/05/18
\ULdepth=\dimen105
)
(/usr/local/texlive/2015/texmf-dist/tex/latex/setspace/setspace.sty
Package: setspace 2011/12/19 v6.7a set line spacing
))
(/usr/local/texlive/2015/texmf-dist/tex/latex/base/inputenc.sty
Package: inputenc 2015/03/17 v1.2c Input encoding file
\inpenc@prehook=\toks15
\inpenc@posthook=\toks16

(/usr/local/texlive/2015/texmf-dist/tex/latex/base/latin1.def
File: latin1.def 2015/03/17 v1.2c Input encoding file
))
(/usr/local/texlive/2015/texmf-dist/tex/latex/graphics/graphicx.sty
Package: graphicx 2014/10/28 v1.0g Enhanced LaTeX Graphics (DPC,SPQR)

(/usr/local/texlive/2015/texmf-dist/tex/latex/graphics/keyval.sty
Package: keyval 2014/10/28 v1.15 key=value parser (DPC)
\KV@toks@=\toks17
)
(/usr/local/texlive/2015/texmf-dist/tex/latex/graphics/graphics.sty
Package: graphics 2014/10/28 v1.0p Standard LaTeX Graphics (DPC,SPQR)

(/usr/local/texlive/2015/texmf-dist/tex/latex/graphics/trig.sty
Package: trig 1999/03/16 v1.09 sin cos tan (DPC)
)
(/usr/local/texlive/2015/texmf-dist/tex/latex/latexconfig/graphics.cfg
File: graphics.cfg 2010/04/23 v1.9 graphics configuration of TeX Live
)
Package graphics Info: Driver file: pdftex.def on input line 94.
)
\Gin@req@height=\dimen106
\Gin@req@width=\dimen107
)
(/usr/local/texlive/2015/texmf-dist/tex/latex/amsmath/amsmath.sty
Package: amsmath 2013/01/14 v2.14 AMS math features
\@mathmargin=\skip46

For additional information on amsmath, use the `?' option.
(/usr/local/texlive/2015/texmf-dist/tex/latex/amsmath/amstext.sty
Package: amstext 2000/06/29 v2.01

(/usr/local/texlive/2015/texmf-dist/tex/latex/amsmath/amsgen.sty
File: amsgen.sty 1999/11/30 v2.0
\@emptytoks=\toks18
\ex@=\dimen108
))
(/usr/local/texlive/2015/texmf-dist/tex/latex/amsmath/amsbsy.sty
Package: amsbsy 1999/11/29 v1.2d
\pmbraise@=\dimen109
)
(/usr/local/texlive/2015/texmf-dist/tex/latex/amsmath/amsopn.sty
Package: amsopn 1999/12/14 v2.01 operator names
)
\inf@bad=\count90
LaTeX Info: Redefining \frac on input line 210.
\uproot@=\count91
\leftroot@=\count92
LaTeX Info: Redefining \overline on input line 306.
\classnum@=\count93
\DOTSCASE@=\count94
LaTeX Info: Redefining \ldots on input line 378.
LaTeX Info: Redefining \dots on input line 381.
LaTeX Info: Redefining \cdots on input line 466.
\Mathstrutbox@=\box29
\strutbox@=\box30
\big@size=\dimen110
LaTeX Font Info:    Redeclaring font encoding OML on input line 566.
LaTeX Font Info:    Redeclaring font encoding OMS on input line 567.
\macc@depth=\count95
\c@MaxMatrixCols=\count96
\dotsspace@=\muskip10
\c@parentequation=\count97
\dspbrk@lvl=\count98
\tag@help=\toks19
\row@=\count99
\column@=\count100
\maxfields@=\count101
\andhelp@=\toks20
\eqnshift@=\dimen111
\alignsep@=\dimen112
\tagshift@=\dimen113
\tagwidth@=\dimen114
\totwidth@=\dimen115
\lineht@=\dimen116
\@envbody=\toks21
\multlinegap=\skip47
\multlinetaggap=\skip48
\mathdisplay@stack=\toks22
LaTeX Info: Redefining \[ on input line 2665.
LaTeX Info: Redefining \] on input line 2666.
)
(/usr/local/texlive/2015/texmf-dist/tex/latex/amsfonts/amsfonts.sty
Package: amsfonts 2013/01/14 v3.01 Basic AMSFonts support
\symAMSa=\mathgroup4
\symAMSb=\mathgroup5
LaTeX Font Info:    Overwriting math alphabet `\mathfrak' in version `bold'
(Font)                  U/euf/m/n --> U/euf/b/n on input line 106.
)
(/usr/local/texlive/2015/texmf-dist/tex/latex/amsfonts/amssymb.sty
Package: amssymb 2013/01/14 v3.01 AMS font symbols
)
(/usr/local/texlive/2015/texmf-dist/tex/latex/amscls/amsthm.sty
Package: amsthm 2015/03/04 v2.20.2
\thm@style=\toks23
\thm@bodyfont=\toks24
\thm@headfont=\toks25
\thm@notefont=\toks26
\thm@headpunct=\toks27
\thm@preskip=\skip49
\thm@postskip=\skip50
\thm@headsep=\skip51
\dth@everypar=\toks28
)
(/usr/local/texlive/2015/texmf-dist/tex/latex/complexity/complexity.sty
Package: complexity 11/24/06  v0.77

  +----------------------------------------------+
    complexity LaTeX package 
    version: 
    author: Chris Bourke (cbourke@cse.unl.edu) 
  +----------------------------------------------+
(/usr/local/texlive/2015/texmf-dist/tex/latex/base/ifthen.sty
Package: ifthen 2014/09/29 v1.1c Standard LaTeX ifthen package (DPC)
)
(/usr/local/texlive/2015/texmf-dist/tex/latex/complexity/mycomplexity.sty))
(/usr/local/texlive/2015/texmf-dist/tex/latex/caption/caption.sty
Package: caption 2013/05/02 v3.3-89 Customizing captions (AR)

(/usr/local/texlive/2015/texmf-dist/tex/latex/caption/caption3.sty
Package: caption3 2013/05/02 v1.6-88 caption3 kernel (AR)
Package caption3 Info: TeX engine: e-TeX on input line 57.
\captionmargin=\dimen117
\captionmargin@=\dimen118
\captionwidth=\dimen119
\caption@tempdima=\dimen120
\caption@indent=\dimen121
\caption@parindent=\dimen122
\caption@hangindent=\dimen123
)
\c@ContinuedFloat=\count102
)
(/usr/local/texlive/2015/texmf-dist/tex/latex/caption/subcaption.sty
Package: subcaption 2013/02/03 v1.1-62 Sub-captions (AR)
\c@subfigure=\count103
\c@subtable=\count104
)
(/usr/local/texlive/2015/texmf-dist/tex/latex/tools/enumerate.sty
Package: enumerate 2014/10/28 v3.00 enumerate extensions (DPC)
\@enLab=\toks29
)
(/usr/local/texlive/2015/texmf-dist/tex/latex/enumitem/enumitem.sty
Package: enumitem 2011/09/28 v3.5.2 Customized lists
\labelindent=\skip52
\enit@outerparindent=\dimen124
\enit@toks=\toks30
\enit@inbox=\box31
\enitdp@description=\count105
)
(/usr/local/texlive/2015/texmf-dist/tex/latex/tools/array.sty
Package: array 2014/10/28 v2.4c Tabular extension package (FMi)
\col@sep=\dimen125
\extrarowheight=\dimen126
\NC@list=\toks31
\extratabsurround=\skip53
\backup@length=\skip54
)
\c@thm=\count106
\c@prop=\count107
\c@pf=\count108
\c@lem=\count109
\c@definition=\count110
\c@example=\count111
\c@rmk=\count112
\c@case=\count113
\c@prob=\count114
\c@observation=\count115
\@indexfile=\write3
\openout3 = `Ch3.idx'.


Writing index file Ch3.idx
(../pdf/Ch3.aux)
\openout1 = `Ch3.aux'.

LaTeX Font Info:    Checking defaults for OML/cmm/m/it on input line 120.
LaTeX Font Info:    ... okay on input line 120.
LaTeX Font Info:    Checking defaults for T1/cmr/m/n on input line 120.
LaTeX Font Info:    ... okay on input line 120.
LaTeX Font Info:    Checking defaults for OT1/cmr/m/n on input line 120.
LaTeX Font Info:    ... okay on input line 120.
LaTeX Font Info:    Checking defaults for OMS/cmsy/m/n on input line 120.
LaTeX Font Info:    ... okay on input line 120.
LaTeX Font Info:    Checking defaults for OMX/cmex/m/n on input line 120.
LaTeX Font Info:    ... okay on input line 120.
LaTeX Font Info:    Checking defaults for U/cmr/m/n on input line 120.
LaTeX Font Info:    ... okay on input line 120.
LaTeX Font Info:    Try loading font information for OT1+ptm on input line 120.

 (/usr/local/texlive/2015/texmf-dist/tex/latex/psnfss/ot1ptm.fd
File: ot1ptm.fd 2001/06/04 font definitions for OT1/ptm.
) (/usr/local/texlive/2015/texmf-dist/tex/context/base/supp-pdf.mkii
[Loading MPS to PDF converter (version 2006.09.02).]
\scratchcounter=\count116
\scratchdimen=\dimen127
\scratchbox=\box32
\nofMPsegments=\count117
\nofMParguments=\count118
\everyMPshowfont=\toks32
\MPscratchCnt=\count119
\MPscratchDim=\dimen128
\MPnumerator=\count120
\makeMPintoPDFobject=\count121
\everyMPtoPDFconversion=\toks33
)
LaTeX Font Info:    Try loading font information for U+msa on input line 120.
 (/usr/local/texlive/2015/texmf-dist/tex/latex/amsfonts/umsa.fd
File: umsa.fd 2013/01/14 v3.01 AMS symbols A
)
LaTeX Font Info:    Try loading font information for U+msb on input line 120.

(/usr/local/texlive/2015/texmf-dist/tex/latex/amsfonts/umsb.fd
File: umsb.fd 2013/01/14 v3.01 AMS symbols B
) [1

{/usr/local/texlive/2015/texmf-var/fonts/map/pdftex/updmap/pdftex.map}] [2]
LaTeX Font Info:    Font shape `OT1/ptm/bx/n' in size <10> not available
(Font)              Font shape `OT1/ptm/b/n' tried instead on input line 120.
 (../pdf/Ch3.toc)
\tf@toc=\write4
\openout4 = `Ch3.toc'.

[3

]
\oldbaselineskip=\skip55
 [4] (/usr/local/texlive/2015/texmf-dist/tex/generic/oberdiek/pdftexcmds.sty
Package: pdftexcmds 2011/11/29 v0.20 Utility functions of pdfTeX for LuaTeX (HO
)
(/usr/local/texlive/2015/texmf-dist/tex/generic/oberdiek/ifluatex.sty
Package: ifluatex 2010/03/01 v1.3 Provides the ifluatex switch (HO)
Package ifluatex Info: LuaTeX not detected.
)
(/usr/local/texlive/2015/texmf-dist/tex/generic/oberdiek/ifpdf.sty
Package: ifpdf 2011/01/30 v2.3 Provides the ifpdf switch (HO)
Package ifpdf Info: pdfTeX in PDF mode is detected.
)
Package pdftexcmds Info: LuaTeX not detected.
Package pdftexcmds Info: \pdf@primitive is available.
Package pdftexcmds Info: \pdf@ifprimitive is available.
Package pdftexcmds Info: \pdfdraftmode found.
)
(/usr/local/texlive/2015/texmf-dist/tex/latex/oberdiek/epstopdf-base.sty
Package: epstopdf-base 2010/02/09 v2.5 Base part for package epstopdf

(/usr/local/texlive/2015/texmf-dist/tex/latex/oberdiek/grfext.sty
Package: grfext 2010/08/19 v1.1 Manage graphics extensions (HO)

(/usr/local/texlive/2015/texmf-dist/tex/generic/oberdiek/kvdefinekeys.sty
Package: kvdefinekeys 2011/04/07 v1.3 Define keys (HO)
))
(/usr/local/texlive/2015/texmf-dist/tex/latex/oberdiek/kvoptions.sty
Package: kvoptions 2011/06/30 v3.11 Key value format for package options (HO)

(/usr/local/texlive/2015/texmf-dist/tex/generic/oberdiek/kvsetkeys.sty
Package: kvsetkeys 2012/04/25 v1.16 Key value parser (HO)

(/usr/local/texlive/2015/texmf-dist/tex/generic/oberdiek/etexcmds.sty
Package: etexcmds 2011/02/16 v1.5 Avoid name clashes with e-TeX commands (HO)
Package etexcmds Info: Could not find \expanded.
(etexcmds)             That can mean that you are not using pdfTeX 1.50 or
(etexcmds)             that some package has redefined \expanded.
(etexcmds)             In the latter case, load this package earlier.
)))
Package grfext Info: Graphics extension search list:
(grfext)             [.png,.pdf,.jpg,.mps,.jpeg,.jbig2,.jb2,.PNG,.PDF,.JPG,.JPE
G,.JBIG2,.JB2,.eps]
(grfext)             \AppendGraphicsExtensions on input line 452.

(/usr/local/texlive/2015/texmf-dist/tex/latex/latexconfig/epstopdf-sys.cfg
File: epstopdf-sys.cfg 2010/07/13 v1.3 Configuration of (r)epstopdf for TeX Liv
e
))
Package caption Info: Begin \AtBeginDocument code.
Package caption Info: End \AtBeginDocument code.
)
(./ch3/chapter3.tex (./ch3/ch3Introduction.tex
Chapter 1.

LaTeX Warning: Reference `chapter:logicEngine' on page 1 undefined on input lin
e 4.


LaTeX Warning: Reference `thm:hinge2' on page 1 undefined on input line 7.

LaTeX Font Info:    Font shape `OT1/ptm/bx/it' in size <10> not available
(Font)              Font shape `OT1/ptm/b/it' tried instead on input line 7.

LaTeX Warning: Reference `chp:disk' on page 1 undefined on input line 16.

[1

] <graphics/VariablesExample.pdf, id=31, 329.6315pt x 42.1294pt>
File: graphics/VariablesExample.pdf Graphic file (type pdf)

<use graphics/VariablesExample.pdf>
Package pdftex.def Info: graphics/VariablesExample.pdf used on input line 64.
(pdftex.def)             Requested size: 306.46497pt x 39.16899pt.

<graphics/HoneyCombAssociatedGraphSideBySide.pdf, id=32, 1178.1616pt x 590.3455
4pt>
File: graphics/HoneyCombAssociatedGraphSideBySide.pdf Graphic file (type pdf)
 <use graphics/HoneyCombAssociatedGraphSideBySide.pdf>
Package pdftex.def Info: graphics/HoneyCombAssociatedGraphSideBySide.pdf used o
n input line 83.
(pdftex.def)             Requested size: 390.25534pt x 195.54427pt.

Overfull \hbox (15.0pt too wide) in paragraph at lines 81--90
[]$[]$ 
 []

[2 <./graphics/VariablesExample.pdf>]) (./ch3/auxiliaryConstruction.tex
<graphics/ScalingForCorridors.pdf, id=40, 405.97672pt x 224.7095pt>
File: graphics/ScalingForCorridors.pdf Graphic file (type pdf)

<use graphics/ScalingForCorridors.pdf>
Package pdftex.def Info: graphics/ScalingForCorridors.pdf used on input line 9.

(pdftex.def)             Requested size: 173.44534pt x 96.00258pt.

Overfull \hbox (15.0pt too wide) in paragraph at lines 7--13
[]$[]$ 
 []


<graphics/hexagonalConstructionOfJSmallWithoutHalfHexagons.pdf, id=41, 647.1577
6pt x 213.23665pt>
File: graphics/hexagonalConstructionOfJSmallWithoutHalfHexagons.pdf Graphic fil
e (type pdf)

<use graphics/hexagonalConstructionOfJSmallWithoutHalfHexagons.pdf>
Package pdftex.def Info: graphics/hexagonalConstructionOfJSmallWithoutHalfHexag
ons.pdf used on input line 21.
(pdftex.def)             Requested size: 390.25534pt x 128.59372pt.

Overfull \hbox (15.0pt too wide) in paragraph at lines 19--25
[]$[]$ 
 []

[3 <./graphics/HoneyCombAssociatedGraphSideBySide.pdf> <./graphics/ScalingForCo
rridors.pdf>]
<graphics/FlexibleHexagons.pdf, id=70, 272.63959pt x 156.12328pt>
File: graphics/FlexibleHexagons.pdf Graphic file (type pdf)

<use graphics/FlexibleHexagons.pdf>
Package pdftex.def Info: graphics/FlexibleHexagons.pdf used on input line 63.
(pdftex.def)             Requested size: 179.94267pt x 103.04167pt.

Overfull \hbox (15.0pt too wide) in paragraph at lines 61--70
[]$[]$ 
 []

[4 <./graphics/hexagonalConstructionOfJSmallWithoutHalfHexagons.pdf> <./graphic
s/FlexibleHexagons.pdf>]
<graphics/fig-variable-hex+.pdf, id=111, 515.06215pt x 110.3061pt>
File: graphics/fig-variable-hex+.pdf Graphic file (type pdf)

<use graphics/fig-variable-hex+.pdf>
Package pdftex.def Info: graphics/fig-variable-hex+.pdf used on input line 86.
(pdftex.def)             Requested size: 390.25534pt x 83.58104pt.

Overfull \hbox (15.0pt too wide) in paragraph at lines 84--95
[]$[]$ 
 []

<graphics/VariableGadgetSmall.pdf, id=112, 200.75pt x 151.91757pt>
File: graphics/VariableGadgetSmall.pdf Graphic file (type pdf)

<use graphics/VariableGadgetSmall.pdf>
Package pdftex.def Info: graphics/VariableGadgetSmall.pdf used on input line 11
3.
(pdftex.def)             Requested size: 195.12767pt x 147.67279pt.

Overfull \hbox (15.0pt too wide) in paragraph at lines 111--117
[]$[]$ 
 []

[5 <./graphics/fig-variable-hex+.pdf> <./graphics/VariableGadgetSmall.pdf>]
<graphics/fig-clause-hex.pdf, id=136, 388.96014pt x 101.64073pt>
File: graphics/fig-clause-hex.pdf Graphic file (type pdf)

<use graphics/fig-clause-hex.pdf>
Package pdftex.def Info: graphics/fig-clause-hex.pdf used on input line 134.
(pdftex.def)             Requested size: 303.53267pt x 79.3213pt.

Overfull \hbox (15.0pt too wide) in paragraph at lines 132--140
[]$[]$ 
 []

<graphics/fig-assoc-hex.pdf, id=137, 328.38896pt x 99.16548pt>
File: graphics/fig-assoc-hex.pdf Graphic file (type pdf)

<use graphics/fig-assoc-hex.pdf>
Package pdftex.def Info: graphics/fig-assoc-hex.pdf used on input line 147.
(pdftex.def)             Requested size: 303.53267pt x 91.66306pt.

Overfull \hbox (10.0pt too wide) in paragraph at lines 145--152
[] $[]$ 
 []


<graphics/VariableJunctionTransmitterSelection2.pdf, id=138, 964.13202pt x 465.
72995pt>
File: graphics/VariableJunctionTransmitterSelection2.pdf Graphic file (type pdf
)
 <use graphics/VariableJunctionTransmitterSelection2.pdf>
Package pdftex.def Info: graphics/VariableJunctionTransmitterSelection2.pdf use
d on input line 159.
(pdftex.def)             Requested size: 346.89731pt x 167.57027pt.

Overfull \hbox (15.0pt too wide) in paragraph at lines 157--164
[]$[]$ 
 []

[6 <./graphics/fig-clause-hex.pdf> <./graphics/fig-assoc-hex.pdf>]
<graphics/fig-transmitter-hex.pdf, id=161, 385.1429pt x 100.51854pt>
File: graphics/fig-transmitter-hex.pdf Graphic file (type pdf)

<use graphics/fig-transmitter-hex.pdf>
Package pdftex.def Info: graphics/fig-transmitter-hex.pdf used on input line 17
4.
(pdftex.def)             Requested size: 303.53267pt x 79.22163pt.

Overfull \hbox (15.0pt too wide) in paragraph at lines 172--182
[]$[]$ 
 []

<graphics/ActiveChannel.pdf, id=162, 648.77379pt x 237.70808pt>
File: graphics/ActiveChannel.pdf Graphic file (type pdf)

<use graphics/ActiveChannel.pdf>
Package pdftex.def Info: graphics/ActiveChannel.pdf used on input line 192.
(pdftex.def)             Requested size: 390.25534pt x 142.99228pt.

Overfull \hbox (15.0pt too wide) in paragraph at lines 190--196
[]$[]$ 
 []

[7 <./graphics/VariableJunctionTransmitterSelection2.pdf> <./graphics/fig-trans
mitter-hex.pdf>]

LaTeX Warning: Reference `lem:logicEngine1' on page 8 undefined on input line 2
18.

[8 <./graphics/ActiveChannel.pdf>] [9] [10])
(./ch3/modifiedAuxiliaryConstruction.tex

LaTeX Warning: Reference `thm:hinge2' on page 11 undefined on input line 3.


Overfull \hbox (1.4146pt too wide) in paragraph at lines 11--12
[]\OT1/ptm/m/n/10 Enclose the reg-u-lar hexagon re-gion $\OML/cmm/m/it/10 J$ \O
T1/ptm/m/n/10 con-tain-ing all gad-gets by a \OT1/ptm/m/it/10 frame \OT1/ptm/m/
n/10 of 6 con-gru-ent reg-u-lar hexagons,
 []


<graphics/modifiedAuxilaryConstructionAsTree.pdf, id=204, 637.32103pt x 253.898
56pt>
File: graphics/modifiedAuxilaryConstructionAsTree.pdf Graphic file (type pdf)
 <use graphics/modifiedAuxilaryConstructionAsTree.pdf>
Package pdftex.def Info: graphics/modifiedAuxilaryConstructionAsTree.pdf used o
n input line 25.
(pdftex.def)             Requested size: 367.75546pt x 146.50578pt.
 [11]
<graphics/HalfSizeHexagon.pdf, id=208, 247.78572pt x 147.04938pt>
File: graphics/HalfSizeHexagon.pdf Graphic file (type pdf)

<use graphics/HalfSizeHexagon.pdf>
Package pdftex.def Info: graphics/HalfSizeHexagon.pdf used on input line 36.
(pdftex.def)             Requested size: 134.84532pt x 80.02475pt.

<graphics/fig-frame-hex.pdf, id=209, 477.26376pt x 197.06023pt>
File: graphics/fig-frame-hex.pdf Graphic file (type pdf)

<use graphics/fig-frame-hex.pdf>
Package pdftex.def Info: graphics/fig-frame-hex.pdf used on input line 51.
(pdftex.def)             Requested size: 411.93767pt x 170.09091pt.

Overfull \hbox (15.0pt too wide) in paragraph at lines 49--59
[]$[]$ 
 []

[12 <./graphics/modifiedAuxilaryConstructionAsTree.pdf> <./graphics/HalfSizeHex
agon.pdf>]) (./ch3/lemma5.tex
<graphics/tiltedObstaclesInFrame.pdf, id=230, 184.51936pt x 161.31267pt>
File: graphics/tiltedObstaclesInFrame.pdf Graphic file (type pdf)

<use graphics/tiltedObstaclesInFrame.pdf>
Package pdftex.def Info: graphics/tiltedObstaclesInFrame.pdf used on input line
 12.
(pdftex.def)             Requested size: 130.08731pt x 113.72789pt.

Overfull \hbox (15.0pt too wide) in paragraph at lines 10--16
[]$[]$ 
 []

<graphics/dualSmallHexagonalGrid.pdf, id=231, 527.5409pt x 233.5927pt>
File: graphics/dualSmallHexagonalGrid.pdf Graphic file (type pdf)

<use graphics/dualSmallHexagonalGrid.pdf>
Package pdftex.def Info: graphics/dualSmallHexagonalGrid.pdf used on input line
 26.
(pdftex.def)             Requested size: 216.81pt x 96.00174pt.

Overfull \hbox (15.0pt too wide) in paragraph at lines 24--30
[]$[]$ 
 []

[13 <./graphics/fig-frame-hex.pdf> <./graphics/tiltedObstaclesInFrame.pdf>])
(./ch3/angularArgument.tex
<graphics/corridorNonCanonical2.pdf, id=259, 337.49088pt x 115.88293pt>
File: graphics/corridorNonCanonical2.pdf Graphic file (type pdf)

<use graphics/corridorNonCanonical2.pdf>
Package pdftex.def Info: graphics/corridorNonCanonical2.pdf used on input line 
10.
(pdftex.def)             Requested size: 390.25534pt x 134.00873pt.

Overfull \hbox (15.0pt too wide) in paragraph at lines 8--14
[]$[]$ 
 []

[14 <./graphics/dualSmallHexagonalGrid.pdf>] [15 <./graphics/corridorNonCanonic
al2.pdf>]) (./ch3/verticalArgument.tex
<graphics/hexagonNonCanonical2.pdf, id=304, 189.37952pt x 182.95753pt>
File: graphics/hexagonNonCanonical2.pdf Graphic file (type pdf)

<use graphics/hexagonNonCanonical2.pdf>
Package pdftex.def Info: graphics/hexagonNonCanonical2.pdf used on input line 8
.
(pdftex.def)             Requested size: 143.09538pt x 138.24515pt.

Overfull \hbox (15.0pt too wide) in paragraph at lines 6--14
[]$[]$ 
 []

[16 <./graphics/hexagonNonCanonical2.pdf>]
<graphics/verticalDisplacementArgument.pdf, id=322, 210.13507pt x 182.03008pt>
File: graphics/verticalDisplacementArgument.pdf Graphic file (type pdf)

<use graphics/verticalDisplacementArgument.pdf>
Package pdftex.def Info: graphics/verticalDisplacementArgument.pdf used on inpu
t line 20.
(pdftex.def)             Requested size: 143.09538pt x 123.96211pt.

Overfull \hbox (15.0pt too wide) in paragraph at lines 18--24
[]$[]$ 
 []

[17 <./graphics/verticalDisplacementArgument.pdf>])
(./ch3/horizontalArgument5.tex
<graphics/someRangeSkinny.pdf, id=345, 715.39267pt x 188.07263pt>
File: graphics/someRangeSkinny.pdf Graphic file (type pdf)

<use graphics/someRangeSkinny.pdf>
Package pdftex.def Info: graphics/someRangeSkinny.pdf used on input line 8.
(pdftex.def)             Requested size: 429.28616pt x 112.85878pt.

Overfull \hbox (15.0pt too wide) in paragraph at lines 6--12
[]$[]$ 
 []

[18]
LaTeX Font Info:    Try loading font information for OMS+ptm on input line 27.
 (/usr/local/texlive/2015/texmf-dist/tex/latex/psnfss/omsptm.fd
File: omsptm.fd 
)
LaTeX Font Info:    Font shape `OMS/ptm/m/n' in size <10> not available
(Font)              Font shape `OMS/cmsy/m/n' tried instead on input line 27.
 [19 <./graphics/someRangeSkinny.pdf>] [20]
<graphics/betaOmegaFigure.pdf, id=373, 751.93924pt x 309.3156pt>
File: graphics/betaOmegaFigure.pdf Graphic file (type pdf)

<use graphics/betaOmegaFigure.pdf>
Package pdftex.def Info: graphics/betaOmegaFigure.pdf used on input line 104.
(pdftex.def)             Requested size: 199.4681pt x 82.05319pt.

Overfull \hbox (15.0pt too wide) in paragraph at lines 102--108
[]$[]$ 
 []

[21 <./graphics/betaOmegaFigure.pdf>]) (./ch3/lemma5Conclusion.tex)
(./ch3/theoremConclusion.tex [22]

LaTeX Warning: Reference `thm:hinge2' on page 23 undefined on input line 52.

)) (../pdf/Ch3.bbl [23])
WARNING: YOU NEED A BIBLIOGRAPHY!! See the references macro
[24

] (../pdf/Ch3.aux)

LaTeX Warning: There were undefined references.

 ) 
Here is how much of TeX's memory you used:
 5046 strings out of 493089
 72717 string characters out of 6134841
 144913 words of memory out of 5000000
 8375 multiletter control sequences out of 15000+600000
 16690 words of font info for 39 fonts, out of 8000000 for 9000
 1141 hyphenation exceptions out of 8191
 40i,10n,38p,1041b,409s stack positions out of 5000i,500n,10000p,200000b,80000s
{/usr/local/texlive/2015/texmf-dist/fonts/enc/dvips/base/8r.enc}</usr/local/t
exlive/2015/texmf-dist/fonts/type1/public/amsfonts/cm/cmex10.pfb></usr/local/te
xlive/2015/texmf-dist/fonts/type1/public/amsfonts/cmextra/cmex7.pfb></usr/local
/texlive/2015/texmf-dist/fonts/type1/public/amsfonts/cm/cmmi10.pfb></usr/local/
texlive/2015/texmf-dist/fonts/type1/public/amsfonts/cm/cmmi12.pfb></usr/local/t
exlive/2015/texmf-dist/fonts/type1/public/amsfonts/cm/cmmi5.pfb></usr/local/tex
live/2015/texmf-dist/fonts/type1/public/amsfonts/cm/cmmi7.pfb></usr/local/texli
ve/2015/texmf-dist/fonts/type1/public/amsfonts/cm/cmmi8.pfb></usr/local/texlive
/2015/texmf-dist/fonts/type1/public/amsfonts/cm/cmr10.pfb></usr/local/texlive/2
015/texmf-dist/fonts/type1/public/amsfonts/cm/cmr12.pfb></usr/local/texlive/201
5/texmf-dist/fonts/type1/public/amsfonts/cm/cmr17.pfb></usr/local/texlive/2015/
texmf-dist/fonts/type1/public/amsfonts/cm/cmr5.pfb></usr/local/texlive/2015/tex
mf-dist/fonts/type1/public/amsfonts/cm/cmr7.pfb></usr/local/texlive/2015/texmf-
dist/fonts/type1/public/amsfonts/cm/cmss10.pfb></usr/local/texlive/2015/texmf-d
ist/fonts/type1/public/amsfonts/cm/cmsy10.pfb></usr/local/texlive/2015/texmf-di
st/fonts/type1/public/amsfonts/cm/cmsy5.pfb></usr/local/texlive/2015/texmf-dist
/fonts/type1/public/amsfonts/cm/cmsy7.pfb></usr/local/texlive/2015/texmf-dist/f
onts/type1/urw/times/utmb8a.pfb></usr/local/texlive/2015/texmf-dist/fonts/type1
/urw/times/utmbi8a.pfb></usr/local/texlive/2015/texmf-dist/fonts/type1/urw/time
s/utmr8a.pfb></usr/local/texlive/2015/texmf-dist/fonts/type1/urw/times/utmri8a.
pfb>
Output written on ../pdf/Ch3.pdf (28 pages, 414163 bytes).
PDF statistics:
 446 PDF objects out of 1000 (max. 8388607)
 326 compressed objects within 4 object streams
 0 named destinations out of 1000 (max. 500000)
 111 words of extra memory for PDF output out of 10000 (max. 10000000)

