This is pdfTeX, Version 3.14159265-2.6-1.40.16 (TeX Live 2015) (preloaded format=pdflatex 2015.11.10)  6 NOV 2016 15:02
entering extended mode
 restricted \write18 enabled.
 %&-line parsing enabled.
**Ch4.tex
(./Ch4.tex
LaTeX2e <2015/01/01>
Babel <3.9l> and hyphenation patterns for 79 languages loaded.
(./preamble.tex (./CSUNthesis.cls
Document Class: CSUNthesis 2006/04/26 2.2 CSU Northridge
-- CSUN Thesis style
-- Author: Wiegley, Jeff, jeffw@csun.edu
-- Please contact the author to have any mistakes corrected.
(/usr/local/texlive/2015/texmf-dist/tex/latex/psnfss/times.sty
Package: times 2005/04/12 PSNFSS-v9.2a (SPQR) 
)
\titlewidth=\skip41
\frontmattertopmargin=\skip42

(/usr/local/texlive/2015/texmf-dist/tex/latex/base/report.cls
Document Class: report 2014/09/29 v1.4h Standard LaTeX document class
(/usr/local/texlive/2015/texmf-dist/tex/latex/base/size10.clo
File: size10.clo 2014/09/29 v1.4h Standard LaTeX file (size option)
)
\c@part=\count79
\c@chapter=\count80
\c@section=\count81
\c@subsection=\count82
\c@subsubsection=\count83
\c@paragraph=\count84
\c@subparagraph=\count85
\c@figure=\count86
\c@table=\count87
\abovecaptionskip=\skip43
\belowcaptionskip=\skip44
\bibindent=\dimen102
)
(/usr/local/texlive/2015/texmf-dist/tex/latex/graphics/color.sty
Package: color 2014/10/28 v1.1a Standard LaTeX Color (DPC)

(/usr/local/texlive/2015/texmf-dist/tex/latex/latexconfig/color.cfg
File: color.cfg 2007/01/18 v1.5 color configuration of teTeX/TeXLive
)
Package color Info: Driver file: pdftex.def on input line 142.

(/usr/local/texlive/2015/texmf-dist/tex/latex/pdftex-def/pdftex.def
File: pdftex.def 2011/05/27 v0.06d Graphics/color for pdfTeX

(/usr/local/texlive/2015/texmf-dist/tex/generic/oberdiek/infwarerr.sty
Package: infwarerr 2010/04/08 v1.3 Providing info/warning/error messages (HO)
)
(/usr/local/texlive/2015/texmf-dist/tex/generic/oberdiek/ltxcmds.sty
Package: ltxcmds 2011/11/09 v1.22 LaTeX kernel commands for general use (HO)
)
\Gread@gobject=\count88
))
(/usr/local/texlive/2015/texmf-dist/tex/generic/ulem/ulem.sty
\UL@box=\box26
\UL@hyphenbox=\box27
\UL@skip=\skip45
\UL@hook=\toks14
\UL@height=\dimen103
\UL@pe=\count89
\UL@pixel=\dimen104
\ULC@box=\box28
Package: ulem 2012/05/18
\ULdepth=\dimen105
)
(/usr/local/texlive/2015/texmf-dist/tex/latex/setspace/setspace.sty
Package: setspace 2011/12/19 v6.7a set line spacing
))
(/usr/local/texlive/2015/texmf-dist/tex/latex/base/inputenc.sty
Package: inputenc 2015/03/17 v1.2c Input encoding file
\inpenc@prehook=\toks15
\inpenc@posthook=\toks16

(/usr/local/texlive/2015/texmf-dist/tex/latex/base/latin1.def
File: latin1.def 2015/03/17 v1.2c Input encoding file
))
(/usr/local/texlive/2015/texmf-dist/tex/latex/graphics/graphicx.sty
Package: graphicx 2014/10/28 v1.0g Enhanced LaTeX Graphics (DPC,SPQR)

(/usr/local/texlive/2015/texmf-dist/tex/latex/graphics/keyval.sty
Package: keyval 2014/10/28 v1.15 key=value parser (DPC)
\KV@toks@=\toks17
)
(/usr/local/texlive/2015/texmf-dist/tex/latex/graphics/graphics.sty
Package: graphics 2014/10/28 v1.0p Standard LaTeX Graphics (DPC,SPQR)

(/usr/local/texlive/2015/texmf-dist/tex/latex/graphics/trig.sty
Package: trig 1999/03/16 v1.09 sin cos tan (DPC)
)
(/usr/local/texlive/2015/texmf-dist/tex/latex/latexconfig/graphics.cfg
File: graphics.cfg 2010/04/23 v1.9 graphics configuration of TeX Live
)
Package graphics Info: Driver file: pdftex.def on input line 94.
)
\Gin@req@height=\dimen106
\Gin@req@width=\dimen107
)
(/usr/local/texlive/2015/texmf-dist/tex/latex/amsmath/amsmath.sty
Package: amsmath 2013/01/14 v2.14 AMS math features
\@mathmargin=\skip46

For additional information on amsmath, use the `?' option.
(/usr/local/texlive/2015/texmf-dist/tex/latex/amsmath/amstext.sty
Package: amstext 2000/06/29 v2.01

(/usr/local/texlive/2015/texmf-dist/tex/latex/amsmath/amsgen.sty
File: amsgen.sty 1999/11/30 v2.0
\@emptytoks=\toks18
\ex@=\dimen108
))
(/usr/local/texlive/2015/texmf-dist/tex/latex/amsmath/amsbsy.sty
Package: amsbsy 1999/11/29 v1.2d
\pmbraise@=\dimen109
)
(/usr/local/texlive/2015/texmf-dist/tex/latex/amsmath/amsopn.sty
Package: amsopn 1999/12/14 v2.01 operator names
)
\inf@bad=\count90
LaTeX Info: Redefining \frac on input line 210.
\uproot@=\count91
\leftroot@=\count92
LaTeX Info: Redefining \overline on input line 306.
\classnum@=\count93
\DOTSCASE@=\count94
LaTeX Info: Redefining \ldots on input line 378.
LaTeX Info: Redefining \dots on input line 381.
LaTeX Info: Redefining \cdots on input line 466.
\Mathstrutbox@=\box29
\strutbox@=\box30
\big@size=\dimen110
LaTeX Font Info:    Redeclaring font encoding OML on input line 566.
LaTeX Font Info:    Redeclaring font encoding OMS on input line 567.
\macc@depth=\count95
\c@MaxMatrixCols=\count96
\dotsspace@=\muskip10
\c@parentequation=\count97
\dspbrk@lvl=\count98
\tag@help=\toks19
\row@=\count99
\column@=\count100
\maxfields@=\count101
\andhelp@=\toks20
\eqnshift@=\dimen111
\alignsep@=\dimen112
\tagshift@=\dimen113
\tagwidth@=\dimen114
\totwidth@=\dimen115
\lineht@=\dimen116
\@envbody=\toks21
\multlinegap=\skip47
\multlinetaggap=\skip48
\mathdisplay@stack=\toks22
LaTeX Info: Redefining \[ on input line 2665.
LaTeX Info: Redefining \] on input line 2666.
)
(/usr/local/texlive/2015/texmf-dist/tex/latex/amsfonts/amsfonts.sty
Package: amsfonts 2013/01/14 v3.01 Basic AMSFonts support
\symAMSa=\mathgroup4
\symAMSb=\mathgroup5
LaTeX Font Info:    Overwriting math alphabet `\mathfrak' in version `bold'
(Font)                  U/euf/m/n --> U/euf/b/n on input line 106.
)
(/usr/local/texlive/2015/texmf-dist/tex/latex/amsfonts/amssymb.sty
Package: amssymb 2013/01/14 v3.01 AMS font symbols
)
(/usr/local/texlive/2015/texmf-dist/tex/latex/amscls/amsthm.sty
Package: amsthm 2015/03/04 v2.20.2
\thm@style=\toks23
\thm@bodyfont=\toks24
\thm@headfont=\toks25
\thm@notefont=\toks26
\thm@headpunct=\toks27
\thm@preskip=\skip49
\thm@postskip=\skip50
\thm@headsep=\skip51
\dth@everypar=\toks28
)
(/usr/local/texlive/2015/texmf-dist/tex/latex/complexity/complexity.sty
Package: complexity 11/24/06  v0.77

  +----------------------------------------------+
    complexity LaTeX package 
    version: 
    author: Chris Bourke (cbourke@cse.unl.edu) 
  +----------------------------------------------+
(/usr/local/texlive/2015/texmf-dist/tex/latex/base/ifthen.sty
Package: ifthen 2014/09/29 v1.1c Standard LaTeX ifthen package (DPC)
)
(/usr/local/texlive/2015/texmf-dist/tex/latex/complexity/mycomplexity.sty))
(/usr/local/texlive/2015/texmf-dist/tex/latex/caption/caption.sty
Package: caption 2013/05/02 v3.3-89 Customizing captions (AR)

(/usr/local/texlive/2015/texmf-dist/tex/latex/caption/caption3.sty
Package: caption3 2013/05/02 v1.6-88 caption3 kernel (AR)
Package caption3 Info: TeX engine: e-TeX on input line 57.
\captionmargin=\dimen117
\captionmargin@=\dimen118
\captionwidth=\dimen119
\caption@tempdima=\dimen120
\caption@indent=\dimen121
\caption@parindent=\dimen122
\caption@hangindent=\dimen123
)
\c@ContinuedFloat=\count102
)
(/usr/local/texlive/2015/texmf-dist/tex/latex/caption/subcaption.sty
Package: subcaption 2013/02/03 v1.1-62 Sub-captions (AR)
\c@subfigure=\count103
\c@subtable=\count104
)
(/usr/local/texlive/2015/texmf-dist/tex/latex/tools/enumerate.sty
Package: enumerate 2014/10/28 v3.00 enumerate extensions (DPC)
\@enLab=\toks29
)
(/usr/local/texlive/2015/texmf-dist/tex/latex/enumitem/enumitem.sty
Package: enumitem 2011/09/28 v3.5.2 Customized lists
\labelindent=\skip52
\enit@outerparindent=\dimen124
\enit@toks=\toks30
\enit@inbox=\box31
\enitdp@description=\count105
)
(/usr/local/texlive/2015/texmf-dist/tex/latex/tools/array.sty
Package: array 2014/10/28 v2.4c Tabular extension package (FMi)
\col@sep=\dimen125
\extrarowheight=\dimen126
\NC@list=\toks31
\extratabsurround=\skip53
\backup@length=\skip54
)
\c@thm=\count106
\c@prop=\count107
\c@pf=\count108
\c@lem=\count109
\c@definition=\count110
\c@example=\count111
\c@rmk=\count112
\c@case=\count113
\c@prob=\count114
\c@observation=\count115
\@indexfile=\write3
\openout3 = `Ch4.idx'.


Writing index file Ch4.idx
(../pdf/Ch4.aux)
\openout1 = `Ch4.aux'.

LaTeX Font Info:    Checking defaults for OML/cmm/m/it on input line 120.
LaTeX Font Info:    ... okay on input line 120.
LaTeX Font Info:    Checking defaults for T1/cmr/m/n on input line 120.
LaTeX Font Info:    ... okay on input line 120.
LaTeX Font Info:    Checking defaults for OT1/cmr/m/n on input line 120.
LaTeX Font Info:    ... okay on input line 120.
LaTeX Font Info:    Checking defaults for OMS/cmsy/m/n on input line 120.
LaTeX Font Info:    ... okay on input line 120.
LaTeX Font Info:    Checking defaults for OMX/cmex/m/n on input line 120.
LaTeX Font Info:    ... okay on input line 120.
LaTeX Font Info:    Checking defaults for U/cmr/m/n on input line 120.
LaTeX Font Info:    ... okay on input line 120.
LaTeX Font Info:    Try loading font information for OT1+ptm on input line 120.

 (/usr/local/texlive/2015/texmf-dist/tex/latex/psnfss/ot1ptm.fd
File: ot1ptm.fd 2001/06/04 font definitions for OT1/ptm.
) (/usr/local/texlive/2015/texmf-dist/tex/context/base/supp-pdf.mkii
[Loading MPS to PDF converter (version 2006.09.02).]
\scratchcounter=\count116
\scratchdimen=\dimen127
\scratchbox=\box32
\nofMPsegments=\count117
\nofMParguments=\count118
\everyMPshowfont=\toks32
\MPscratchCnt=\count119
\MPscratchDim=\dimen128
\MPnumerator=\count120
\makeMPintoPDFobject=\count121
\everyMPtoPDFconversion=\toks33
)
LaTeX Font Info:    Try loading font information for U+msa on input line 120.
 (/usr/local/texlive/2015/texmf-dist/tex/latex/amsfonts/umsa.fd
File: umsa.fd 2013/01/14 v3.01 AMS symbols A
)
LaTeX Font Info:    Try loading font information for U+msb on input line 120.

(/usr/local/texlive/2015/texmf-dist/tex/latex/amsfonts/umsb.fd
File: umsb.fd 2013/01/14 v3.01 AMS symbols B
) [1

{/usr/local/texlive/2015/texmf-var/fonts/map/pdftex/updmap/pdftex.map}] [2]
LaTeX Font Info:    Font shape `OT1/ptm/bx/n' in size <10> not available
(Font)              Font shape `OT1/ptm/b/n' tried instead on input line 120.
 (../pdf/Ch4.toc)
\tf@toc=\write4
\openout4 = `Ch4.toc'.

[3

]
\oldbaselineskip=\skip55
 [4] (/usr/local/texlive/2015/texmf-dist/tex/generic/oberdiek/pdftexcmds.sty
Package: pdftexcmds 2011/11/29 v0.20 Utility functions of pdfTeX for LuaTeX (HO
)
(/usr/local/texlive/2015/texmf-dist/tex/generic/oberdiek/ifluatex.sty
Package: ifluatex 2010/03/01 v1.3 Provides the ifluatex switch (HO)
Package ifluatex Info: LuaTeX not detected.
)
(/usr/local/texlive/2015/texmf-dist/tex/generic/oberdiek/ifpdf.sty
Package: ifpdf 2011/01/30 v2.3 Provides the ifpdf switch (HO)
Package ifpdf Info: pdfTeX in PDF mode is detected.
)
Package pdftexcmds Info: LuaTeX not detected.
Package pdftexcmds Info: \pdf@primitive is available.
Package pdftexcmds Info: \pdf@ifprimitive is available.
Package pdftexcmds Info: \pdfdraftmode found.
)
(/usr/local/texlive/2015/texmf-dist/tex/latex/oberdiek/epstopdf-base.sty
Package: epstopdf-base 2010/02/09 v2.5 Base part for package epstopdf

(/usr/local/texlive/2015/texmf-dist/tex/latex/oberdiek/grfext.sty
Package: grfext 2010/08/19 v1.1 Manage graphics extensions (HO)

(/usr/local/texlive/2015/texmf-dist/tex/generic/oberdiek/kvdefinekeys.sty
Package: kvdefinekeys 2011/04/07 v1.3 Define keys (HO)
))
(/usr/local/texlive/2015/texmf-dist/tex/latex/oberdiek/kvoptions.sty
Package: kvoptions 2011/06/30 v3.11 Key value format for package options (HO)

(/usr/local/texlive/2015/texmf-dist/tex/generic/oberdiek/kvsetkeys.sty
Package: kvsetkeys 2012/04/25 v1.16 Key value parser (HO)

(/usr/local/texlive/2015/texmf-dist/tex/generic/oberdiek/etexcmds.sty
Package: etexcmds 2011/02/16 v1.5 Avoid name clashes with e-TeX commands (HO)
Package etexcmds Info: Could not find \expanded.
(etexcmds)             That can mean that you are not using pdfTeX 1.50 or
(etexcmds)             that some package has redefined \expanded.
(etexcmds)             In the latter case, load this package earlier.
)))
Package grfext Info: Graphics extension search list:
(grfext)             [.png,.pdf,.jpg,.mps,.jpeg,.jbig2,.jb2,.PNG,.PDF,.JPG,.JPE
G,.JBIG2,.JB2,.eps]
(grfext)             \AppendGraphicsExtensions on input line 452.

(/usr/local/texlive/2015/texmf-dist/tex/latex/latexconfig/epstopdf-sys.cfg
File: epstopdf-sys.cfg 2010/07/13 v1.3 Configuration of (r)epstopdf for TeX Liv
e
))
Package caption Info: Begin \AtBeginDocument code.
Package caption Info: End \AtBeginDocument code.
)
(./ch4/chapter4.tex (./ch4/chapter4IntroductionV2.tex
Chapter 1.

LaTeX Warning: Reference `thm:disk' on page 1 undefined on input line 3.


LaTeX Warning: Reference `thm:disk' on page 1 undefined on input line 4.

) (./ch4/Hausdorff.tex
<graphics/HausdorffDistanceExample1.pdf, id=18, 291.58937pt x 208.65755pt>
File: graphics/HausdorffDistanceExample1.pdf Graphic file (type pdf)

<use graphics/HausdorffDistanceExample1.pdf>
Package pdftex.def Info: graphics/HausdorffDistanceExample1.pdf used on input l
ine 16.
(pdftex.def)             Requested size: 143.09538pt x 102.39908pt.

Overfull \hbox (15.0pt too wide) in paragraph at lines 14--20
[]$[]$ 
 []

[1

 <./graphics/HausdorffDistanceExample1.pdf>]) (./ch4/WeightedTreeFamily.tex
LaTeX Font Info:    Try loading font information for OMS+ptm on input line 6.

(/usr/local/texlive/2015/texmf-dist/tex/latex/psnfss/omsptm.fd
File: omsptm.fd 
)
LaTeX Font Info:    Font shape `OMS/ptm/m/n' in size <10> not available
(Font)              Font shape `OMS/cmsy/m/n' tried instead on input line 6.

<graphics/hexagonPetiolesLeafs9Layers.pdf, id=39, 388.79253pt x 339.79948pt>
File: graphics/hexagonPetiolesLeafs9Layers.pdf Graphic file (type pdf)

<use graphics/hexagonPetiolesLeafs9Layers.pdf>
Package pdftex.def Info: graphics/hexagonPetiolesLeafs9Layers.pdf used on input
 line 25.
(pdftex.def)             Requested size: 173.44534pt x 151.59137pt.

Overfull \hbox (15.0pt too wide) in paragraph at lines 23--29
[]$[]$ 
 []

[2] [3 <./graphics/hexagonPetiolesLeafs9Layers.pdf>]) (./ch4/PerturbedTree.tex)
(./ch4/proofs.tex [4]
<graphics/LineSegmentDelta.pdf, id=58, 390.45876pt x 50.16742pt>
File: graphics/LineSegmentDelta.pdf Graphic file (type pdf)

<use graphics/LineSegmentDelta.pdf>
Package pdftex.def Info: graphics/LineSegmentDelta.pdf used on input line 20.
(pdftex.def)             Requested size: 411.93767pt x 52.92917pt.

Overfull \hbox (15.0pt too wide) in paragraph at lines 18--24
[]$[]$ 
 []

<graphics/part1ch4.pdf, id=59, 151.2872pt x 133.49875pt>
File: graphics/part1ch4.pdf Graphic file (type pdf)

<use graphics/part1ch4.pdf>
Package pdftex.def Info: graphics/part1ch4.pdf used on input line 34.
(pdftex.def)             Requested size: 86.72267pt x 76.5269pt.

Overfull \hbox (15.0pt too wide) in paragraph at lines 32--38
[]$[]$ 
 []

[5 <./graphics/LineSegmentDelta.pdf> <./graphics/part1ch4.pdf>]
<graphics/lemmaHingedPolygon2.pdf, id=95, 1382.56528pt x 306.92667pt>
File: graphics/lemmaHingedPolygon2.pdf Graphic file (type pdf)

<use graphics/lemmaHingedPolygon2.pdf>
Package pdftex.def Info: graphics/lemmaHingedPolygon2.pdf used on input line 79
.
(pdftex.def)             Requested size: 325.215pt x 72.19801pt.

Overfull \hbox (15.0pt too wide) in paragraph at lines 77--83
[]$[]$ 
 []

[6] <graphics/ch4Paralellogram.pdf, id=100, 810.32736pt x 286.81151pt>
File: graphics/ch4Paralellogram.pdf Graphic file (type pdf)

<use graphics/ch4Paralellogram.pdf>
Package pdftex.def Info: graphics/ch4Paralellogram.pdf used on input line 99.
(pdftex.def)             Requested size: 325.215pt x 115.10768pt.

Overfull \hbox (15.0pt too wide) in paragraph at lines 97--103
[]$[]$ 
 []

[7 <./graphics/lemmaHingedPolygon2.pdf> <./graphics/ch4Paralellogram.pdf>]
<graphics/psiSegmentChange.pdf, id=162, 418.96524pt x 110.79391pt>
File: graphics/psiSegmentChange.pdf Graphic file (type pdf)

<use graphics/psiSegmentChange.pdf>
Package pdftex.def Info: graphics/psiSegmentChange.pdf used on input line 150.
(pdftex.def)             Requested size: 325.215pt x 86.00638pt.

Overfull \hbox (15.0pt too wide) in paragraph at lines 148--154
[]$[]$ 
 []

[8 <./graphics/psiSegmentChange.pdf>]) (./ch4/finale.tex
<graphics/hexagonPetiolesLeafs9LayersRotatedOutward.pdf, id=185, 878.25111pt x 
376.69734pt>
File: graphics/hexagonPetiolesLeafs9LayersRotatedOutward.pdf Graphic file (type
 pdf)
 <use graphics/hexagonPetiolesLeafs9LayersRotatedOutward.pdf>
Package pdftex.def Info: graphics/hexagonPetiolesLeafs9LayersRotatedOutward.pdf
 used on input line 7.
(pdftex.def)             Requested size: 216.81pt x 92.99002pt.

Overfull \hbox (15.0pt too wide) in paragraph at lines 5--11
[]$[]$ 
 []

[9 <./graphics/hexagonPetiolesLeafs9LayersRotatedOutward.pdf>]
<graphics/hexagonOutlineLayerSmall.pdf, id=193, 204.32335pt x 192.29843pt>
File: graphics/hexagonOutlineLayerSmall.pdf Graphic file (type pdf)

<use graphics/hexagonOutlineLayerSmall.pdf>
Package pdftex.def Info: graphics/hexagonOutlineLayerSmall.pdf used on input li
ne 36.
(pdftex.def)             Requested size: 216.81pt x 204.05835pt.

Overfull \hbox (15.0pt too wide) in paragraph at lines 34--40
[]$[]$ 
 []

<graphics/dhsi.pdf, id=194, 148.21974pt x 158.76112pt>
File: graphics/dhsi.pdf Graphic file (type pdf)
 <use graphics/dhsi.pdf>
Package pdftex.def Info: graphics/dhsi.pdf used on input line 50.
(pdftex.def)             Requested size: 143.09538pt x 153.27135pt.

Overfull \hbox (15.0pt too wide) in paragraph at lines 48--54
[]$[]$ 
 []

[10 <./graphics/hexagonOutlineLayerSmall.pdf> <./graphics/dhsi.pdf>]

LaTeX Warning: Reference `thm:disk' on page 11 undefined on input line 80.


LaTeX Warning: Reference `thm:disk' on page 11 undefined on input line 87.

)) (../pdf/Ch4.bbl [11]

LaTeX Warning: Empty `thebibliography' environment on input line 3.

)
WARNING: YOU NEED A BIBLIOGRAPHY!! See the references macro
[12

] (../pdf/Ch4.aux)

LaTeX Warning: There were undefined references.

 ) 
Here is how much of TeX's memory you used:
 4951 strings out of 493089
 69467 string characters out of 6134841
 144616 words of memory out of 5000000
 8297 multiletter control sequences out of 15000+600000
 16094 words of font info for 44 fonts, out of 8000000 for 9000
 1141 hyphenation exceptions out of 8191
 40i,11n,38p,545b,333s stack positions out of 5000i,500n,10000p,200000b,80000s
{/usr/local/texlive/2015/texmf-dist/fonts/enc/dvips/base/8r.enc}</usr/local/t
exlive/2015/texmf-dist/fonts/type1/public/amsfonts/cm/cmex10.pfb></usr/local/te
xlive/2015/texmf-dist/fonts/type1/public/amsfonts/cm/cmmi10.pfb></usr/local/tex
live/2015/texmf-dist/fonts/type1/public/amsfonts/cm/cmmi7.pfb></usr/local/texli
ve/2015/texmf-dist/fonts/type1/public/amsfonts/cm/cmmib10.pfb></usr/local/texli
ve/2015/texmf-dist/fonts/type1/public/amsfonts/cmextra/cmmib7.pfb></usr/local/t
exlive/2015/texmf-dist/fonts/type1/public/amsfonts/cm/cmr10.pfb></usr/local/tex
live/2015/texmf-dist/fonts/type1/public/amsfonts/cm/cmr12.pfb></usr/local/texli
ve/2015/texmf-dist/fonts/type1/public/amsfonts/cm/cmr17.pfb></usr/local/texlive
/2015/texmf-dist/fonts/type1/public/amsfonts/cm/cmr5.pfb></usr/local/texlive/20
15/texmf-dist/fonts/type1/public/amsfonts/cm/cmr7.pfb></usr/local/texlive/2015/
texmf-dist/fonts/type1/public/amsfonts/cm/cmss10.pfb></usr/local/texlive/2015/t
exmf-dist/fonts/type1/public/amsfonts/cm/cmsy10.pfb></usr/local/texlive/2015/te
xmf-dist/fonts/type1/public/amsfonts/cm/cmsy7.pfb></usr/local/texlive/2015/texm
f-dist/fonts/type1/public/amsfonts/symbols/msam10.pfb></usr/local/texlive/2015/
texmf-dist/fonts/type1/public/amsfonts/symbols/msbm10.pfb></usr/local/texlive/2
015/texmf-dist/fonts/type1/urw/times/utmb8a.pfb></usr/local/texlive/2015/texmf-
dist/fonts/type1/urw/times/utmr8a.pfb></usr/local/texlive/2015/texmf-dist/fonts
/type1/urw/times/utmri8a.pfb>
Output written on ../pdf/Ch4.pdf (16 pages, 431376 bytes).
PDF statistics:
 274 PDF objects out of 1000 (max. 8388607)
 152 compressed objects within 2 object streams
 0 named destinations out of 1000 (max. 500000)
 51 words of extra memory for PDF output out of 10000 (max. 10000000)

