\BOOKMARK [0][-]{chapter.1}{Background}{}% 3
\BOOKMARK [1][-]{section.1.1}{Graphs}{chapter.1}% 4
\BOOKMARK [2][-]{subsection.1.1.1}{Trees}{section.1.1}% 5
\BOOKMARK [1][-]{section.1.2}{Linkages}{chapter.1}% 6
\BOOKMARK [1][-]{section.1.3}{Polygonal Linkages}{chapter.1}% 7
\BOOKMARK [2][-]{subsection.1.3.1}{Geometric Dissections}{section.1.3}% 8
\BOOKMARK [1][-]{section.1.4}{Configuration Spaces}{chapter.1}% 9
\BOOKMARK [2][-]{subsection.1.4.1}{Configuration Spaces of Graph Drawings}{section.1.4}% 10
\BOOKMARK [2][-]{subsection.1.4.2}{Configuration Spaces of Linkages}{section.1.4}% 11
\BOOKMARK [2][-]{subsection.1.4.3}{Configuration Spaces of Polygonal Linkages}{section.1.4}% 12
\BOOKMARK [2][-]{subsection.1.4.4}{Configuration Spaces of Disk Arrangements}{section.1.4}% 13
\BOOKMARK [1][-]{section.1.5}{Algorithm Complexity}{chapter.1}% 14
\BOOKMARK [2][-]{subsection.1.5.1}{Complexity Classes}{section.1.5}% 15
\BOOKMARK [2][-]{subsection.1.5.2}{RSA Cryptosystem}{section.1.5}% 16
\BOOKMARK [1][-]{section.1.6}{Satisfiability}{chapter.1}% 17
\BOOKMARK [1][-]{section.1.7}{Contribution}{chapter.1}% 18
\BOOKMARK [1][-]{section.1.8}{Related Work and Results}{chapter.1}% 19
\BOOKMARK [0][-]{chapter.2}{Decision Problems for Hinged Polygons and Disks}{}% 20
\BOOKMARK [1][-]{section.2.1}{The Logic Engine}{chapter.2}% 21
\BOOKMARK [2][-]{subsection.2.1.1}{Construction of the Logic Engine}{section.2.1}% 22
\BOOKMARK [2][-]{subsection.2.1.2}{The mechanics of the logic engine}{section.2.1}% 23
\BOOKMARK [1][-]{section.2.2}{Logic Engines Represented as Polygonal Linkages}{chapter.2}% 24
\BOOKMARK [2][-]{subsection.2.2.1}{Construction of the Polygonal Linkage Logic Engine}{section.2.2}% 25
\BOOKMARK [0][-]{chapter.3}{Realizability of Polygonal Linkages with Counter-Clockwise Orientation}{}% 26
\BOOKMARK [1][-]{section.3.1}{Auxiliary Construction}{chapter.3}% 27
\BOOKMARK [1][-]{section.3.2}{Functionality of the Auxiliary Construction and Gadgets}{chapter.3}% 28
\BOOKMARK [1][-]{section.3.3}{Modified Auxiliary Construction.}{chapter.3}% 29
\BOOKMARK [0][-]{chapter.4}{Realizability Problems for Weighted Trees}{}% 30
\BOOKMARK [1][-]{section.4.1}{Hausdorff Distance}{chapter.4}% 31
\BOOKMARK [1][-]{section.4.2}{Weighted Trees Ti}{chapter.4}% 32
\BOOKMARK [0][-]{figure.4.10}{Bibliography}{}% 33
