This is pdfTeX, Version 3.14159265-2.6-1.40.16 (TeX Live 2015) (preloaded format=pdflatex 2015.11.10)  10 NOV 2016 20:23
entering extended mode
 restricted \write18 enabled.
 %&-line parsing enabled.
**ClintonThesisFinal.tex
(./ClintonThesisFinal.tex
LaTeX2e <2015/01/01>
Babel <3.9l> and hyphenation patterns for 79 languages loaded.
(./CSUNthesis.cls
Document Class: CSUNthesis 2006/04/26 2.2 CSU Northridge
-- CSUN Thesis style
-- Author: Wiegley, Jeff, jeffw@csun.edu
-- Please contact the author to have any mistakes corrected.
(/usr/local/texlive/2015/texmf-dist/tex/latex/psnfss/times.sty
Package: times 2005/04/12 PSNFSS-v9.2a (SPQR) 
)
\titlewidth=\skip41
\frontmattertopmargin=\skip42

(/usr/local/texlive/2015/texmf-dist/tex/latex/base/report.cls
Document Class: report 2014/09/29 v1.4h Standard LaTeX document class
(/usr/local/texlive/2015/texmf-dist/tex/latex/base/size10.clo
File: size10.clo 2014/09/29 v1.4h Standard LaTeX file (size option)
)
\c@part=\count79
\c@chapter=\count80
\c@section=\count81
\c@subsection=\count82
\c@subsubsection=\count83
\c@paragraph=\count84
\c@subparagraph=\count85
\c@figure=\count86
\c@table=\count87
\abovecaptionskip=\skip43
\belowcaptionskip=\skip44
\bibindent=\dimen102
)
(/usr/local/texlive/2015/texmf-dist/tex/latex/graphics/color.sty
Package: color 2014/10/28 v1.1a Standard LaTeX Color (DPC)

(/usr/local/texlive/2015/texmf-dist/tex/latex/latexconfig/color.cfg
File: color.cfg 2007/01/18 v1.5 color configuration of teTeX/TeXLive
)
Package color Info: Driver file: pdftex.def on input line 142.

(/usr/local/texlive/2015/texmf-dist/tex/latex/pdftex-def/pdftex.def
File: pdftex.def 2011/05/27 v0.06d Graphics/color for pdfTeX

(/usr/local/texlive/2015/texmf-dist/tex/generic/oberdiek/infwarerr.sty
Package: infwarerr 2010/04/08 v1.3 Providing info/warning/error messages (HO)
)
(/usr/local/texlive/2015/texmf-dist/tex/generic/oberdiek/ltxcmds.sty
Package: ltxcmds 2011/11/09 v1.22 LaTeX kernel commands for general use (HO)
)
\Gread@gobject=\count88
))
(/usr/local/texlive/2015/texmf-dist/tex/generic/ulem/ulem.sty
\UL@box=\box26
\UL@hyphenbox=\box27
\UL@skip=\skip45
\UL@hook=\toks14
\UL@height=\dimen103
\UL@pe=\count89
\UL@pixel=\dimen104
\ULC@box=\box28
Package: ulem 2012/05/18
\ULdepth=\dimen105
)
(/usr/local/texlive/2015/texmf-dist/tex/latex/setspace/setspace.sty
Package: setspace 2011/12/19 v6.7a set line spacing
))
(/usr/local/texlive/2015/texmf-dist/tex/latex/base/inputenc.sty
Package: inputenc 2015/03/17 v1.2c Input encoding file
\inpenc@prehook=\toks15
\inpenc@posthook=\toks16

(/usr/local/texlive/2015/texmf-dist/tex/latex/base/latin1.def
File: latin1.def 2015/03/17 v1.2c Input encoding file
))
(/usr/local/texlive/2015/texmf-dist/tex/latex/graphics/graphicx.sty
Package: graphicx 2014/10/28 v1.0g Enhanced LaTeX Graphics (DPC,SPQR)

(/usr/local/texlive/2015/texmf-dist/tex/latex/graphics/keyval.sty
Package: keyval 2014/10/28 v1.15 key=value parser (DPC)
\KV@toks@=\toks17
)
(/usr/local/texlive/2015/texmf-dist/tex/latex/graphics/graphics.sty
Package: graphics 2014/10/28 v1.0p Standard LaTeX Graphics (DPC,SPQR)

(/usr/local/texlive/2015/texmf-dist/tex/latex/graphics/trig.sty
Package: trig 1999/03/16 v1.09 sin cos tan (DPC)
)
(/usr/local/texlive/2015/texmf-dist/tex/latex/latexconfig/graphics.cfg
File: graphics.cfg 2010/04/23 v1.9 graphics configuration of TeX Live
)
Package graphics Info: Driver file: pdftex.def on input line 94.
)
\Gin@req@height=\dimen106
\Gin@req@width=\dimen107
)
(/usr/local/texlive/2015/texmf-dist/tex/latex/amsmath/amsmath.sty
Package: amsmath 2013/01/14 v2.14 AMS math features
\@mathmargin=\skip46

For additional information on amsmath, use the `?' option.
(/usr/local/texlive/2015/texmf-dist/tex/latex/amsmath/amstext.sty
Package: amstext 2000/06/29 v2.01

(/usr/local/texlive/2015/texmf-dist/tex/latex/amsmath/amsgen.sty
File: amsgen.sty 1999/11/30 v2.0
\@emptytoks=\toks18
\ex@=\dimen108
))
(/usr/local/texlive/2015/texmf-dist/tex/latex/amsmath/amsbsy.sty
Package: amsbsy 1999/11/29 v1.2d
\pmbraise@=\dimen109
)
(/usr/local/texlive/2015/texmf-dist/tex/latex/amsmath/amsopn.sty
Package: amsopn 1999/12/14 v2.01 operator names
)
\inf@bad=\count90
LaTeX Info: Redefining \frac on input line 210.
\uproot@=\count91
\leftroot@=\count92
LaTeX Info: Redefining \overline on input line 306.
\classnum@=\count93
\DOTSCASE@=\count94
LaTeX Info: Redefining \ldots on input line 378.
LaTeX Info: Redefining \dots on input line 381.
LaTeX Info: Redefining \cdots on input line 466.
\Mathstrutbox@=\box29
\strutbox@=\box30
\big@size=\dimen110
LaTeX Font Info:    Redeclaring font encoding OML on input line 566.
LaTeX Font Info:    Redeclaring font encoding OMS on input line 567.
\macc@depth=\count95
\c@MaxMatrixCols=\count96
\dotsspace@=\muskip10
\c@parentequation=\count97
\dspbrk@lvl=\count98
\tag@help=\toks19
\row@=\count99
\column@=\count100
\maxfields@=\count101
\andhelp@=\toks20
\eqnshift@=\dimen111
\alignsep@=\dimen112
\tagshift@=\dimen113
\tagwidth@=\dimen114
\totwidth@=\dimen115
\lineht@=\dimen116
\@envbody=\toks21
\multlinegap=\skip47
\multlinetaggap=\skip48
\mathdisplay@stack=\toks22
LaTeX Info: Redefining \[ on input line 2665.
LaTeX Info: Redefining \] on input line 2666.
)
(/usr/local/texlive/2015/texmf-dist/tex/latex/amsfonts/amsfonts.sty
Package: amsfonts 2013/01/14 v3.01 Basic AMSFonts support
\symAMSa=\mathgroup4
\symAMSb=\mathgroup5
LaTeX Font Info:    Overwriting math alphabet `\mathfrak' in version `bold'
(Font)                  U/euf/m/n --> U/euf/b/n on input line 106.
)
(/usr/local/texlive/2015/texmf-dist/tex/latex/amsfonts/amssymb.sty
Package: amssymb 2013/01/14 v3.01 AMS font symbols
)
(/usr/local/texlive/2015/texmf-dist/tex/latex/amscls/amsthm.sty
Package: amsthm 2015/03/04 v2.20.2
\thm@style=\toks23
\thm@bodyfont=\toks24
\thm@headfont=\toks25
\thm@notefont=\toks26
\thm@headpunct=\toks27
\thm@preskip=\skip49
\thm@postskip=\skip50
\thm@headsep=\skip51
\dth@everypar=\toks28
)
(/usr/local/texlive/2015/texmf-dist/tex/latex/complexity/complexity.sty
Package: complexity 11/24/06  v0.77

  +----------------------------------------------+
    complexity LaTeX package 
    version: 
    author: Chris Bourke (cbourke@cse.unl.edu) 
  +----------------------------------------------+
(/usr/local/texlive/2015/texmf-dist/tex/latex/base/ifthen.sty
Package: ifthen 2014/09/29 v1.1c Standard LaTeX ifthen package (DPC)
)
(/usr/local/texlive/2015/texmf-dist/tex/latex/complexity/mycomplexity.sty))
(/usr/local/texlive/2015/texmf-dist/tex/latex/caption/caption.sty
Package: caption 2013/05/02 v3.3-89 Customizing captions (AR)

(/usr/local/texlive/2015/texmf-dist/tex/latex/caption/caption3.sty
Package: caption3 2013/05/02 v1.6-88 caption3 kernel (AR)
Package caption3 Info: TeX engine: e-TeX on input line 57.
\captionmargin=\dimen117
\captionmargin@=\dimen118
\captionwidth=\dimen119
\caption@tempdima=\dimen120
\caption@indent=\dimen121
\caption@parindent=\dimen122
\caption@hangindent=\dimen123
)
\c@ContinuedFloat=\count102
)
(/usr/local/texlive/2015/texmf-dist/tex/latex/caption/subcaption.sty
Package: subcaption 2013/02/03 v1.1-62 Sub-captions (AR)
\c@subfigure=\count103
\c@subtable=\count104
)
(/usr/local/texlive/2015/texmf-dist/tex/latex/tools/enumerate.sty
Package: enumerate 2014/10/28 v3.00 enumerate extensions (DPC)
\@enLab=\toks29
)
(/usr/local/texlive/2015/texmf-dist/tex/latex/enumitem/enumitem.sty
Package: enumitem 2011/09/28 v3.5.2 Customized lists
\labelindent=\skip52
\enit@outerparindent=\dimen124
\enit@toks=\toks30
\enit@inbox=\box31
\enitdp@description=\count105
)
(/usr/local/texlive/2015/texmf-dist/tex/latex/tools/array.sty
Package: array 2014/10/28 v2.4c Tabular extension package (FMi)
\col@sep=\dimen125
\extrarowheight=\dimen126
\NC@list=\toks31
\extratabsurround=\skip53
\backup@length=\skip54
)
\c@thm=\count106
\c@prop=\count107
\c@pf=\count108
\c@lem=\count109
\c@definition=\count110
\c@example=\count111
\c@rmk=\count112
\c@case=\count113
\c@prob=\count114
\c@observation=\count115
\@indexfile=\write3
\openout3 = `ClintonThesisFinal.idx'.


Writing index file ClintonThesisFinal.idx
(../pdf/ClintonThesisFinal.aux)
\openout1 = `ClintonThesisFinal.aux'.

LaTeX Font Info:    Checking defaults for OML/cmm/m/it on input line 139.
LaTeX Font Info:    ... okay on input line 139.
LaTeX Font Info:    Checking defaults for T1/cmr/m/n on input line 139.
LaTeX Font Info:    ... okay on input line 139.
LaTeX Font Info:    Checking defaults for OT1/cmr/m/n on input line 139.
LaTeX Font Info:    ... okay on input line 139.
LaTeX Font Info:    Checking defaults for OMS/cmsy/m/n on input line 139.
LaTeX Font Info:    ... okay on input line 139.
LaTeX Font Info:    Checking defaults for OMX/cmex/m/n on input line 139.
LaTeX Font Info:    ... okay on input line 139.
LaTeX Font Info:    Checking defaults for U/cmr/m/n on input line 139.
LaTeX Font Info:    ... okay on input line 139.
LaTeX Font Info:    Try loading font information for OT1+ptm on input line 139.


(/usr/local/texlive/2015/texmf-dist/tex/latex/psnfss/ot1ptm.fd
File: ot1ptm.fd 2001/06/04 font definitions for OT1/ptm.
)
(/usr/local/texlive/2015/texmf-dist/tex/context/base/supp-pdf.mkii
[Loading MPS to PDF converter (version 2006.09.02).]
\scratchcounter=\count116
\scratchdimen=\dimen127
\scratchbox=\box32
\nofMPsegments=\count117
\nofMParguments=\count118
\everyMPshowfont=\toks32
\MPscratchCnt=\count119
\MPscratchDim=\dimen128
\MPnumerator=\count120
\makeMPintoPDFobject=\count121
\everyMPtoPDFconversion=\toks33
)
LaTeX Font Info:    Try loading font information for U+msa on input line 139.
 (/usr/local/texlive/2015/texmf-dist/tex/latex/amsfonts/umsa.fd
File: umsa.fd 2013/01/14 v3.01 AMS symbols A
)
LaTeX Font Info:    Try loading font information for U+msb on input line 139.

(/usr/local/texlive/2015/texmf-dist/tex/latex/amsfonts/umsb.fd
File: umsb.fd 2013/01/14 v3.01 AMS symbols B
) [1

{/usr/local/texlive/2015/texmf-var/fonts/map/pdftex/updmap/pdftex.map}] [2]
LaTeX Font Info:    Font shape `OT1/ptm/bx/n' in size <10> not available
(Font)              Font shape `OT1/ptm/b/n' tried instead on input line 139.

(../pdf/ClintonThesisFinal.toc)
\tf@toc=\write4
\openout4 = `ClintonThesisFinal.toc'.

 [3

]
\oldbaselineskip=\skip55
 [4]
(/usr/local/texlive/2015/texmf-dist/tex/generic/oberdiek/pdftexcmds.sty
Package: pdftexcmds 2011/11/29 v0.20 Utility functions of pdfTeX for LuaTeX (HO
)

(/usr/local/texlive/2015/texmf-dist/tex/generic/oberdiek/ifluatex.sty
Package: ifluatex 2010/03/01 v1.3 Provides the ifluatex switch (HO)
Package ifluatex Info: LuaTeX not detected.
)
(/usr/local/texlive/2015/texmf-dist/tex/generic/oberdiek/ifpdf.sty
Package: ifpdf 2011/01/30 v2.3 Provides the ifpdf switch (HO)
Package ifpdf Info: pdfTeX in PDF mode is detected.
)
Package pdftexcmds Info: LuaTeX not detected.
Package pdftexcmds Info: \pdf@primitive is available.
Package pdftexcmds Info: \pdf@ifprimitive is available.
Package pdftexcmds Info: \pdfdraftmode found.
)
(/usr/local/texlive/2015/texmf-dist/tex/latex/oberdiek/epstopdf-base.sty
Package: epstopdf-base 2010/02/09 v2.5 Base part for package epstopdf

(/usr/local/texlive/2015/texmf-dist/tex/latex/oberdiek/grfext.sty
Package: grfext 2010/08/19 v1.1 Manage graphics extensions (HO)

(/usr/local/texlive/2015/texmf-dist/tex/generic/oberdiek/kvdefinekeys.sty
Package: kvdefinekeys 2011/04/07 v1.3 Define keys (HO)
))
(/usr/local/texlive/2015/texmf-dist/tex/latex/oberdiek/kvoptions.sty
Package: kvoptions 2011/06/30 v3.11 Key value format for package options (HO)

(/usr/local/texlive/2015/texmf-dist/tex/generic/oberdiek/kvsetkeys.sty
Package: kvsetkeys 2012/04/25 v1.16 Key value parser (HO)

(/usr/local/texlive/2015/texmf-dist/tex/generic/oberdiek/etexcmds.sty
Package: etexcmds 2011/02/16 v1.5 Avoid name clashes with e-TeX commands (HO)
Package etexcmds Info: Could not find \expanded.
(etexcmds)             That can mean that you are not using pdfTeX 1.50 or
(etexcmds)             that some package has redefined \expanded.
(etexcmds)             In the latter case, load this package earlier.
)))
Package grfext Info: Graphics extension search list:
(grfext)             [.png,.pdf,.jpg,.mps,.jpeg,.jbig2,.jb2,.PNG,.PDF,.JPG,.JPE
G,.JBIG2,.JB2,.eps]
(grfext)             \AppendGraphicsExtensions on input line 452.

(/usr/local/texlive/2015/texmf-dist/tex/latex/latexconfig/epstopdf-sys.cfg
File: epstopdf-sys.cfg 2010/07/13 v1.3 Configuration of (r)epstopdf for TeX Liv
e
))
Package caption Info: Begin \AtBeginDocument code.
Package caption Info: End \AtBeginDocument code.

Chapter 1.
<graphics/graphIsomorphismExample.pdf, id=19, 278.06987pt x 87.81107pt>
File: graphics/graphIsomorphismExample.pdf Graphic file (type pdf)

<use graphics/graphIsomorphismExample.pdf>
Package pdftex.def Info: graphics/graphIsomorphismExample.pdf used on input lin
e 182.
(pdftex.def)             Requested size: 278.06917pt x 87.81084pt.
 [1

 <./graphics/graphIsomorphismExample.pdf>] <graphics/kuratowskiExamples.pdf, id
=37, 312.7645pt x 116.54541pt>
File: graphics/kuratowskiExamples.pdf Graphic file (type pdf)

<use graphics/kuratowskiExamples.pdf>
Package pdftex.def Info: graphics/kuratowskiExamples.pdf used on input line 198
.
(pdftex.def)             Requested size: 312.76372pt x 116.54512pt.

<graphics/combinatorialEmbedding.pdf, id=38, 233.88379pt x 93.10785pt>
File: graphics/combinatorialEmbedding.pdf Graphic file (type pdf)

<use graphics/combinatorialEmbedding.pdf>
Package pdftex.def Info: graphics/combinatorialEmbedding.pdf used on input line
 213.
(pdftex.def)             Requested size: 233.88321pt x 93.1076pt.

<graphics/PetersonGraphWithPath.pdf, id=39, 299.7348pt x 121.21887pt>
File: graphics/PetersonGraphWithPath.pdf Graphic file (type pdf)

<use graphics/PetersonGraphWithPath.pdf>
Package pdftex.def Info: graphics/PetersonGraphWithPath.pdf used on input line 
248.
(pdftex.def)             Requested size: 299.73405pt x 121.21857pt.

<graphics/RandomTree.pdf, id=40, 110.23926pt x 110.23886pt>
File: graphics/RandomTree.pdf Graphic file (type pdf)

<use graphics/RandomTree.pdf>
Package pdftex.def Info: graphics/RandomTree.pdf used on input line 261.
(pdftex.def)             Requested size: 110.23898pt x 110.23859pt.
 [2 <./graphics/kuratowskiExamples.pdf> <./graphics/combinatorialEmbedding.pdf>
]
<graphics/OrderedTreesExample.pdf, id=66, 392.7483pt x 135.69997pt>
File: graphics/OrderedTreesExample.pdf Graphic file (type pdf)

<use graphics/OrderedTreesExample.pdf>
Package pdftex.def Info: graphics/OrderedTreesExample.pdf used on input line 27
0.
(pdftex.def)             Requested size: 392.74733pt x 135.69962pt.
 [3 <./graphics/PetersonGraphWithPath.pdf> <./graphics/RandomTree.pdf>]
<graphics/HumanTurkeyLinkage.pdf, id=79, 255.56679pt x 151.56123pt>
File: graphics/HumanTurkeyLinkage.pdf Graphic file (type pdf)

<use graphics/HumanTurkeyLinkage.pdf>
Package pdftex.def Info: graphics/HumanTurkeyLinkage.pdf used on input line 282
.
(pdftex.def)             Requested size: 255.56616pt x 151.56085pt.

Overfull \hbox (15.0pt too wide) in paragraph at lines 280--286
[]$[]$ 
 []

<graphics/hingeOnThreeDistinctPolygons.pdf, id=80, 297.0608pt x 129.93243pt>
File: graphics/hingeOnThreeDistinctPolygons.pdf Graphic file (type pdf)

<use graphics/hingeOnThreeDistinctPolygons.pdf>
Package pdftex.def Info: graphics/hingeOnThreeDistinctPolygons.pdf used on inpu
t line 302.
(pdftex.def)             Requested size: 297.06007pt x 129.9321pt.
 [4 <./graphics/OrderedTreesExample.pdf> <./graphics/HumanTurkeyLinkage.pdf>]
<graphics/orderedLinkages.pdf, id=100, 315.16145pt x 100.14615pt>
File: graphics/orderedLinkages.pdf Graphic file (type pdf)

<use graphics/orderedLinkages.pdf>
Package pdftex.def Info: graphics/orderedLinkages.pdf used on input line 313.
(pdftex.def)             Requested size: 315.16068pt x 100.14589pt.

Overfull \hbox (15.0pt too wide) in paragraph at lines 311--317
[]$[]$ 
 []

<graphics/Problem1.pdf, id=101, 233.03532pt x 50.01184pt>
File: graphics/Problem1.pdf Graphic file (type pdf)

<use graphics/Problem1.pdf>
Package pdftex.def Info: graphics/Problem1.pdf used on input line 331.
(pdftex.def)             Requested size: 233.03474pt x 50.0117pt.
 [5 <./graphics/hingeOnThreeDistinctPolygons.pdf> <./graphics/orderedLinkages.p
df> <./graphics/Problem1.pdf>]
<graphics/collidingHingedPolygons.pdf, id=122, 451.557pt x 94.60344pt>
File: graphics/collidingHingedPolygons.pdf Graphic file (type pdf)

<use graphics/collidingHingedPolygons.pdf>
Package pdftex.def Info: graphics/collidingHingedPolygons.pdf used on input lin
e 352.
(pdftex.def)             Requested size: 451.5559pt x 94.6032pt.

Overfull \hbox (17.9359pt too wide) in paragraph at lines 352--353
 [] 
 []

<graphics/orderedFaces.pdf, id=123, 205.15646pt x 86.25023pt>
File: graphics/orderedFaces.pdf Graphic file (type pdf)

<use graphics/orderedFaces.pdf>
Package pdftex.def Info: graphics/orderedFaces.pdf used on input line 364.
(pdftex.def)             Requested size: 143.09538pt x 60.16284pt.

Overfull \hbox (15.0pt too wide) in paragraph at lines 362--369
[]$[]$ 
 []

[6 <./graphics/collidingHingedPolygons.pdf> <./graphics/orderedFaces.pdf>]
<graphics/HaberdasherProblem.pdf, id=139, 265.8201pt x 132.09651pt>
File: graphics/HaberdasherProblem.pdf Graphic file (type pdf)

<use graphics/HaberdasherProblem.pdf>
Package pdftex.def Info: graphics/HaberdasherProblem.pdf used on input line 393
.
(pdftex.def)             Requested size: 265.81944pt x 132.09618pt.

Overfull \hbox (15.0pt too wide) in paragraph at lines 391--398
[]$[]$ 
 []

<graphics/GeometricDissectionBusschop.pdf, id=140, 276.21796pt x 112.4722pt>
File: graphics/GeometricDissectionBusschop.pdf Graphic file (type pdf)

<use graphics/GeometricDissectionBusschop.pdf>
Package pdftex.def Info: graphics/GeometricDissectionBusschop.pdf used on input
 line 405.
(pdftex.def)             Requested size: 276.21727pt x 112.47191pt.

Overfull \hbox (15.0pt too wide) in paragraph at lines 404--412
[]$[]$ 
 []

<graphics/HingedHaberdasher.pdf, id=141, 478.2165pt x 118.96725pt>
File: graphics/HingedHaberdasher.pdf Graphic file (type pdf)

<use graphics/HingedHaberdasher.pdf>
Package pdftex.def Info: graphics/HingedHaberdasher.pdf used on input line 418.

(pdftex.def)             Requested size: 433.62pt x 107.87733pt.

Overfull \hbox (15.0pt too wide) in paragraph at lines 416--423
[]$[]$ 
 []

[7 <./graphics/HaberdasherProblem.pdf> <./graphics/GeometricDissectionBusschop.
pdf>]
<graphics/diskPackingTheoremExample.pdf, id=153, 284.38043pt x 101.58252pt>
File: graphics/diskPackingTheoremExample.pdf Graphic file (type pdf)

<use graphics/diskPackingTheoremExample.pdf>
Package pdftex.def Info: graphics/diskPackingTheoremExample.pdf used on input l
ine 429.
(pdftex.def)             Requested size: 284.37973pt x 101.58226pt.

Overfull \hbox (15.0pt too wide) in paragraph at lines 428--433
[]$[]$ 
 []

[8 <./graphics/HingedHaberdasher.pdf> <./graphics/diskPackingTheoremExample.pdf
>] <graphics/BinaryTree1.pdf, id=187, 69.25874pt x 5.01875pt>
File: graphics/BinaryTree1.pdf Graphic file (type pdf)

<use graphics/BinaryTree1.pdf>
Package pdftex.def Info: graphics/BinaryTree1.pdf used on input line 470.
(pdftex.def)             Requested size: 91.0631pt x 6.59879pt.

<graphics/BinaryTree2.pdf, id=188, 69.25874pt x 69.25874pt>
File: graphics/BinaryTree2.pdf Graphic file (type pdf)

<use graphics/BinaryTree2.pdf>
Package pdftex.def Info: graphics/BinaryTree2.pdf used on input line 475.
(pdftex.def)             Requested size: 91.0631pt x 91.06354pt.

<graphics/BinaryTree3.pdf, id=189, 114.68848pt x 114.68848pt>
File: graphics/BinaryTree3.pdf Graphic file (type pdf)

<use graphics/BinaryTree3.pdf>
Package pdftex.def Info: graphics/BinaryTree3.pdf used on input line 480.
(pdftex.def)             Requested size: 91.0631pt x 91.06314pt.

<graphics/BinaryTree4.pdf, id=190, 114.68848pt x 114.68848pt>
File: graphics/BinaryTree4.pdf Graphic file (type pdf)

<use graphics/BinaryTree4.pdf>
Package pdftex.def Info: graphics/BinaryTree4.pdf used on input line 485.
(pdftex.def)             Requested size: 91.0631pt x 91.06314pt.

<graphics/degree2arrangement.pdf, id=191, 97.76526pt x 33.52626pt>
File: graphics/degree2arrangement.pdf Graphic file (type pdf)

<use graphics/degree2arrangement.pdf>
Package pdftex.def Info: graphics/degree2arrangement.pdf used on input line 506
.
(pdftex.def)             Requested size: 104.07117pt x 35.69112pt.

<graphics/degree3arrangement.pdf, id=192, 97.76526pt x 97.76526pt>
File: graphics/degree3arrangement.pdf Graphic file (type pdf)

<use graphics/degree3arrangement.pdf>
Package pdftex.def Info: graphics/degree3arrangement.pdf used on input line 511
.
(pdftex.def)             Requested size: 104.07117pt x 104.07819pt.

<graphics/degree4arrangement.pdf, id=193, 162.00525pt x 162.00525pt>
File: graphics/degree4arrangement.pdf Graphic file (type pdf)

<use graphics/degree4arrangement.pdf>
Package pdftex.def Info: graphics/degree4arrangement.pdf used on input line 516
.
(pdftex.def)             Requested size: 104.07117pt x 104.07356pt.

<graphics/degree5arrangement.pdf, id=194, 226.24524pt x 226.24524pt>
File: graphics/degree5arrangement.pdf Graphic file (type pdf)

<use graphics/degree5arrangement.pdf>
Package pdftex.def Info: graphics/degree5arrangement.pdf used on input line 521
.
(pdftex.def)             Requested size: 104.07117pt x 104.0706pt.

<graphics/OrderedDiskArrangementExample1.pdf, id=195, 123.93301pt x 190.29092pt
>
File: graphics/OrderedDiskArrangementExample1.pdf Graphic file (type pdf)
 <use graphics/OrderedDiskArrangementExample1.pdf>
Package pdftex.def Info: graphics/OrderedDiskArrangementExample1.pdf used on in
put line 537.
(pdftex.def)             Requested size: 111.53867pt x 171.26024pt.

<graphics/OrderedDiskArrangementExample2.pdf, id=196, 123.2605pt x 132.46489pt>
File: graphics/OrderedDiskArrangementExample2.pdf Graphic file (type pdf)
<use graphics/OrderedDiskArrangementExample2.pdf>
Package pdftex.def Info: graphics/OrderedDiskArrangementExample2.pdf used on in
put line 543.
(pdftex.def)             Requested size: 110.93341pt x 119.21729pt.
 [9 <./graphics/BinaryTree1.pdf> <./graphics/BinaryTree2.pdf> <./graphics/Binar
yTree3.pdf> <./graphics/BinaryTree4.pdf> <./graphics/degree2arrangement.pdf> <.
/graphics/degree3arrangement.pdf> <./graphics/degree4arrangement.pdf> <./graphi
cs/degree5arrangement.pdf>]
<graphics/orderedPlaneIntersection.pdf, id=237, 219.7008pt x 222.57153pt>
File: graphics/orderedPlaneIntersection.pdf Graphic file (type pdf)

<use graphics/orderedPlaneIntersection.pdf>
Package pdftex.def Info: graphics/orderedPlaneIntersection.pdf used on input li
ne 572.
(pdftex.def)             Requested size: 173.44534pt x 175.72089pt.

Overfull \hbox (15.0pt too wide) in paragraph at lines 570--577
[]$[]$ 
 []

[10 <./graphics/OrderedDiskArrangementExample1.pdf> <./graphics/OrderedDiskArra
ngementExample2.pdf> <./graphics/orderedPlaneIntersection.pdf>]
<graphics/twoEmbeddingsOfSameLinkage.pdf, id=264, 339.39998pt x 169.65584pt>
File: graphics/twoEmbeddingsOfSameLinkage.pdf Graphic file (type pdf)

<use graphics/twoEmbeddingsOfSameLinkage.pdf>
Package pdftex.def Info: graphics/twoEmbeddingsOfSameLinkage.pdf used on input 
line 622.
(pdftex.def)             Requested size: 339.39915pt x 169.65541pt.
 [11]
<graphics/DiskPackingReconfiguration.pdf, id=268, 322.6454pt x 202.1432pt>
File: graphics/DiskPackingReconfiguration.pdf Graphic file (type pdf)

<use graphics/DiskPackingReconfiguration.pdf>
Package pdftex.def Info: graphics/DiskPackingReconfiguration.pdf used on input 
line 648.
(pdftex.def)             Requested size: 241.98344pt x 151.60701pt.
 [12 <./graphics/twoEmbeddingsOfSameLinkage.pdf> <./graphics/DiskPackingReconfi
guration.pdf>] [13] [14]
<graphics/fig-assoc-hex.pdf, id=288, 328.38896pt x 99.16548pt>
File: graphics/fig-assoc-hex.pdf Graphic file (type pdf)

<use graphics/fig-assoc-hex.pdf>
Package pdftex.def Info: graphics/fig-assoc-hex.pdf used on input line 798.
(pdftex.def)             Requested size: 303.53267pt x 91.66306pt.
 [15 <./graphics/fig-assoc-hex.pdf>] [16]
[17]
Chapter 2.

<graphics/LogicEngineFrameFigure1Scaled.pdf, id=306, 233.38191pt x 282.96716pt>
File: graphics/LogicEngineFrameFigure1Scaled.pdf Graphic file (type pdf)
<use graphics/LogicEngineFrameFigure1Scaled.pdf>
Package pdftex.def Info: graphics/LogicEngineFrameFigure1Scaled.pdf used on inp
ut line 898.
(pdftex.def)             Requested size: 195.12767pt x 236.58978pt.

Overfull \hbox (15.0pt too wide) in paragraph at lines 896--903
[]$[]$ 
 []


<graphics/LogicEngineFrameFigure1halfScaled.pdf, id=307, 153.45331pt x 178.6875
8pt>
File: graphics/LogicEngineFrameFigure1halfScaled.pdf Graphic file (type pdf)
 <use graphics/LogicEngineFrameFigure1halfScaled.pdf>
Package pdftex.def Info: graphics/LogicEngineFrameFigure1halfScaled.pdf used on
 input line 912.
(pdftex.def)             Requested size: 143.09538pt x 166.64124pt.

Overfull \hbox (15.0pt too wide) in paragraph at lines 910--916
[]$[]$ 
 []

[18

 <./graphics/LogicEngineFrameFigure1Scaled.pdf>]
<graphics/LogicEngineFrameFigure2Scaled.pdf, id=316, 252.44313pt x 142.49236pt>
File: graphics/LogicEngineFrameFigure2Scaled.pdf Graphic file (type pdf)
<use graphics/LogicEngineFrameFigure2Scaled.pdf>
Package pdftex.def Info: graphics/LogicEngineFrameFigure2Scaled.pdf used on inp
ut line 928.
(pdftex.def)             Requested size: 286.19078pt x 161.54282pt.

Overfull \hbox (15.0pt too wide) in paragraph at lines 926--933
[]$[]$ 
 []


Overfull \hbox (8.48578pt too wide) in paragraph at lines 942--950
[][] 
 []

[19 <./graphics/LogicEngineFrameFigure1halfScaled.pdf> <./graphics/LogicEngineF
rameFigure2Scaled.pdf>]
<graphics/logicEngineCollisions.pdf, id=334, 323.27173pt x 257.62349pt>
File: graphics/logicEngineCollisions.pdf Graphic file (type pdf)

<use graphics/logicEngineCollisions.pdf>
Package pdftex.def Info: graphics/logicEngineCollisions.pdf used on input line 
964.
(pdftex.def)             Requested size: 216.81pt x 172.78372pt.

Overfull \hbox (15.0pt too wide) in paragraph at lines 962--969
[]$[]$ 
 []


<graphics/logicEngineValidConfigurations.pdf, id=335, 308.6983pt x 97.74919pt>
File: graphics/logicEngineValidConfigurations.pdf Graphic file (type pdf)

<use graphics/logicEngineValidConfigurations.pdf>
Package pdftex.def Info: graphics/logicEngineValidConfigurations.pdf used on in
put line 974.
(pdftex.def)             Requested size: 390.25534pt x 123.57777pt.

Overfull \hbox (15.0pt too wide) in paragraph at lines 972--979
[]$[]$ 
 []

[20 <./graphics/logicEngineCollisions.pdf> <./graphics/logicEngineValidConfigur
ations.pdf>]
<graphics/LogicEngineFrameFigure5.pdf, id=359, 453.11284pt x 618.47057pt>
File: graphics/LogicEngineFrameFigure5.pdf Graphic file (type pdf)

<use graphics/LogicEngineFrameFigure5.pdf>
Package pdftex.def Info: graphics/LogicEngineFrameFigure5.pdf used on input lin
e 1006.
(pdftex.def)             Requested size: 143.09538pt x 195.30998pt.

Overfull \hbox (15.0pt too wide) in paragraph at lines 1004--1010
[]$[]$ 
 []

[21 <./graphics/LogicEngineFrameFigure5.pdf>]
<graphics/HingedLogicEngineSmall.pdf, id=367, 296.04602pt x 193.789pt>
File: graphics/HingedLogicEngineSmall.pdf Graphic file (type pdf)

<use graphics/HingedLogicEngineSmall.pdf>
Package pdftex.def Info: graphics/HingedLogicEngineSmall.pdf used on input line
 1061.
(pdftex.def)             Requested size: 195.12767pt x 127.73257pt.

Overfull \hbox (15.0pt too wide) in paragraph at lines 1059--1065
[]$[]$ 
 []

[22 <./graphics/HingedLogicEngineSmall.pdf>]
<graphics/HingedLogicEngineSmallEnumerated.pdf, id=374, 428.06926pt x 207.1198p
t>
File: graphics/HingedLogicEngineSmallEnumerated.pdf Graphic file (type pdf)
 <use graphics/HingedLogicEngineSmallEnumerated.pdf>
Package pdftex.def Info: graphics/HingedLogicEngineSmallEnumerated.pdf used on 
input line 1104.
(pdftex.def)             Requested size: 143.09538pt x 69.23465pt.

Overfull \hbox (15.0pt too wide) in paragraph at lines 1102--1108
[]$[]$ 
 []

[23 <./graphics/HingedLogicEngineSmallEnumerated.pdf>]
Chapter 3.
[24

] <graphics/VariablesExample.pdf, id=398, 329.6315pt x 42.1294pt>
File: graphics/VariablesExample.pdf Graphic file (type pdf)

<use graphics/VariablesExample.pdf>
Package pdftex.def Info: graphics/VariablesExample.pdf used on input line 1199.

(pdftex.def)             Requested size: 306.46497pt x 39.16899pt.

<graphics/HoneyCombAssociatedGraphSideBySide.pdf, id=399, 1178.1616pt x 590.345
54pt>
File: graphics/HoneyCombAssociatedGraphSideBySide.pdf Graphic file (type pdf)
 <use graphics/HoneyCombAssociatedGraphSideBySide.pdf>
Package pdftex.def Info: graphics/HoneyCombAssociatedGraphSideBySide.pdf used o
n input line 1218.
(pdftex.def)             Requested size: 390.25534pt x 195.54427pt.

Overfull \hbox (15.0pt too wide) in paragraph at lines 1216--1225
[]$[]$ 
 []

[25 <./graphics/VariablesExample.pdf>]
<graphics/ScalingForCorridors.pdf, id=407, 405.97672pt x 224.7095pt>
File: graphics/ScalingForCorridors.pdf Graphic file (type pdf)

<use graphics/ScalingForCorridors.pdf>
Package pdftex.def Info: graphics/ScalingForCorridors.pdf used on input line 12
36.
(pdftex.def)             Requested size: 173.44534pt x 96.00258pt.

Overfull \hbox (15.0pt too wide) in paragraph at lines 1234--1240
[]$[]$ 
 []


<graphics/hexagonalConstructionOfJSmallWithoutHalfHexagons.pdf, id=408, 647.157
76pt x 213.23665pt>
File: graphics/hexagonalConstructionOfJSmallWithoutHalfHexagons.pdf Graphic fil
e (type pdf)

<use graphics/hexagonalConstructionOfJSmallWithoutHalfHexagons.pdf>
Package pdftex.def Info: graphics/hexagonalConstructionOfJSmallWithoutHalfHexag
ons.pdf used on input line 1248.
(pdftex.def)             Requested size: 390.25534pt x 128.59372pt.

Overfull \hbox (15.0pt too wide) in paragraph at lines 1246--1252
[]$[]$ 
 []

[26 <./graphics/HoneyCombAssociatedGraphSideBySide.pdf> <./graphics/ScalingForC
orridors.pdf>]
<graphics/FlexibleHexagons.pdf, id=432, 272.63959pt x 156.12328pt>
File: graphics/FlexibleHexagons.pdf Graphic file (type pdf)

<use graphics/FlexibleHexagons.pdf>
Package pdftex.def Info: graphics/FlexibleHexagons.pdf used on input line 1275.

(pdftex.def)             Requested size: 179.94267pt x 103.04167pt.

Overfull \hbox (15.0pt too wide) in paragraph at lines 1273--1282
[]$[]$ 
 []

[27 <./graphics/hexagonalConstructionOfJSmallWithoutHalfHexagons.pdf> <./graphi
cs/FlexibleHexagons.pdf>]
<graphics/fig-variable-hex+.pdf, id=464, 515.06215pt x 110.3061pt>
File: graphics/fig-variable-hex+.pdf Graphic file (type pdf)

<use graphics/fig-variable-hex+.pdf>
Package pdftex.def Info: graphics/fig-variable-hex+.pdf used on input line 1298
.
(pdftex.def)             Requested size: 390.25534pt x 83.58104pt.

Overfull \hbox (15.0pt too wide) in paragraph at lines 1296--1306
[]$[]$ 
 []

<graphics/VariableGadgetSmall.pdf, id=465, 200.75pt x 151.91757pt>
File: graphics/VariableGadgetSmall.pdf Graphic file (type pdf)

<use graphics/VariableGadgetSmall.pdf>
Package pdftex.def Info: graphics/VariableGadgetSmall.pdf used on input line 13
21.
(pdftex.def)             Requested size: 195.12767pt x 147.67279pt.

Overfull \hbox (15.0pt too wide) in paragraph at lines 1319--1325
[]$[]$ 
 []

[28 <./graphics/fig-variable-hex+.pdf> <./graphics/VariableGadgetSmall.pdf>]
<graphics/fig-clause-hex.pdf, id=489, 388.96014pt x 101.64073pt>
File: graphics/fig-clause-hex.pdf Graphic file (type pdf)

<use graphics/fig-clause-hex.pdf>
Package pdftex.def Info: graphics/fig-clause-hex.pdf used on input line 1342.
(pdftex.def)             Requested size: 303.53267pt x 79.3213pt.

Overfull \hbox (15.0pt too wide) in paragraph at lines 1340--1348
[]$[]$ 
 []

File: graphics/fig-assoc-hex.pdf Graphic file (type pdf)
<use graphics/fig-assoc-hex.pdf>
Package pdftex.def Info: graphics/fig-assoc-hex.pdf used on input line 1353.
(pdftex.def)             Requested size: 303.53267pt x 91.66306pt.

Overfull \hbox (10.0pt too wide) in paragraph at lines 1351--1358
[] $[]$ 
 []


<graphics/VariableJunctionTransmitterSelection2.pdf, id=490, 964.13202pt x 465.
72995pt>
File: graphics/VariableJunctionTransmitterSelection2.pdf Graphic file (type pdf
)
 <use graphics/VariableJunctionTransmitterSelection2.pdf>
Package pdftex.def Info: graphics/VariableJunctionTransmitterSelection2.pdf use
d on input line 1365.
(pdftex.def)             Requested size: 346.89731pt x 167.57027pt.

Overfull \hbox (15.0pt too wide) in paragraph at lines 1363--1370
[]$[]$ 
 []

[29 <./graphics/fig-clause-hex.pdf>]
<graphics/fig-transmitter-hex.pdf, id=506, 385.1429pt x 100.51854pt>
File: graphics/fig-transmitter-hex.pdf Graphic file (type pdf)

<use graphics/fig-transmitter-hex.pdf>
Package pdftex.def Info: graphics/fig-transmitter-hex.pdf used on input line 13
77.
(pdftex.def)             Requested size: 303.53267pt x 79.22163pt.

Overfull \hbox (15.0pt too wide) in paragraph at lines 1375--1385
[]$[]$ 
 []

<graphics/ActiveChannel.pdf, id=507, 648.77379pt x 237.70808pt>
File: graphics/ActiveChannel.pdf Graphic file (type pdf)

<use graphics/ActiveChannel.pdf>
Package pdftex.def Info: graphics/ActiveChannel.pdf used on input line 1394.
(pdftex.def)             Requested size: 390.25534pt x 142.99228pt.

Overfull \hbox (15.0pt too wide) in paragraph at lines 1392--1398
[]$[]$ 
 []

[30 <./graphics/VariableJunctionTransmitterSelection2.pdf> <./graphics/fig-tran
smitter-hex.pdf>] [31 <./graphics/ActiveChannel.pdf>] [32] [33]
Overfull \hbox (1.4146pt too wide) in paragraph at lines 1557--1558
[]\OT1/ptm/m/n/10 Enclose the reg-u-lar hexagon re-gion $\OML/cmm/m/it/10 J$ \O
T1/ptm/m/n/10 con-tain-ing all gad-gets by a \OT1/ptm/m/it/10 frame \OT1/ptm/m/
n/10 of 6 con-gru-ent reg-u-lar hexagons,
 []


<graphics/modifiedAuxilaryConstructionAsTree.pdf, id=549, 637.32103pt x 253.898
56pt>
File: graphics/modifiedAuxilaryConstructionAsTree.pdf Graphic file (type pdf)
 <use graphics/modifiedAuxilaryConstructionAsTree.pdf>
Package pdftex.def Info: graphics/modifiedAuxilaryConstructionAsTree.pdf used o
n input line 1571.
(pdftex.def)             Requested size: 367.75546pt x 146.50578pt.
 [34]
<graphics/HalfSizeHexagon.pdf, id=553, 247.78572pt x 147.04938pt>
File: graphics/HalfSizeHexagon.pdf Graphic file (type pdf)

<use graphics/HalfSizeHexagon.pdf>
Package pdftex.def Info: graphics/HalfSizeHexagon.pdf used on input line 1582.
(pdftex.def)             Requested size: 134.84532pt x 80.02475pt.

<graphics/fig-frame-hex.pdf, id=554, 477.26376pt x 197.06023pt>
File: graphics/fig-frame-hex.pdf Graphic file (type pdf)

<use graphics/fig-frame-hex.pdf>
Package pdftex.def Info: graphics/fig-frame-hex.pdf used on input line 1597.
(pdftex.def)             Requested size: 411.93767pt x 170.09091pt.

Overfull \hbox (15.0pt too wide) in paragraph at lines 1595--1605
[]$[]$ 
 []

[35 <./graphics/modifiedAuxilaryConstructionAsTree.pdf> <./graphics/HalfSizeHex
agon.pdf>]
<graphics/tiltedObstaclesInFrame.pdf, id=573, 184.51936pt x 161.31267pt>
File: graphics/tiltedObstaclesInFrame.pdf Graphic file (type pdf)

<use graphics/tiltedObstaclesInFrame.pdf>
Package pdftex.def Info: graphics/tiltedObstaclesInFrame.pdf used on input line
 1619.
(pdftex.def)             Requested size: 130.08731pt x 113.72789pt.

Overfull \hbox (15.0pt too wide) in paragraph at lines 1617--1623
[]$[]$ 
 []

<graphics/dualSmallHexagonalGrid.pdf, id=574, 527.5409pt x 233.5927pt>
File: graphics/dualSmallHexagonalGrid.pdf Graphic file (type pdf)

<use graphics/dualSmallHexagonalGrid.pdf>
Package pdftex.def Info: graphics/dualSmallHexagonalGrid.pdf used on input line
 1633.
(pdftex.def)             Requested size: 216.81pt x 96.00174pt.

Overfull \hbox (15.0pt too wide) in paragraph at lines 1631--1637
[]$[]$ 
 []

[36 <./graphics/fig-frame-hex.pdf> <./graphics/tiltedObstaclesInFrame.pdf>]
<graphics/corridorNonCanonical2.pdf, id=602, 337.49088pt x 115.88293pt>
File: graphics/corridorNonCanonical2.pdf Graphic file (type pdf)

<use graphics/corridorNonCanonical2.pdf>
Package pdftex.def Info: graphics/corridorNonCanonical2.pdf used on input line 
1671.
(pdftex.def)             Requested size: 390.25534pt x 134.00873pt.

Overfull \hbox (15.0pt too wide) in paragraph at lines 1669--1675
[]$[]$ 
 []

[37 <./graphics/dualSmallHexagonalGrid.pdf>] [38 <./graphics/corridorNonCanonic
al2.pdf>]
<graphics/hexagonNonCanonical2.pdf, id=646, 189.37952pt x 182.95753pt>
File: graphics/hexagonNonCanonical2.pdf Graphic file (type pdf)

<use graphics/hexagonNonCanonical2.pdf>
Package pdftex.def Info: graphics/hexagonNonCanonical2.pdf used on input line 1
753.
(pdftex.def)             Requested size: 143.09538pt x 138.24515pt.

Overfull \hbox (15.0pt too wide) in paragraph at lines 1751--1759
[]$[]$ 
 []

[39 <./graphics/hexagonNonCanonical2.pdf>]
<graphics/verticalDisplacementArgument.pdf, id=665, 210.13507pt x 182.03008pt>
File: graphics/verticalDisplacementArgument.pdf Graphic file (type pdf)

<use graphics/verticalDisplacementArgument.pdf>
Package pdftex.def Info: graphics/verticalDisplacementArgument.pdf used on inpu
t line 1765.
(pdftex.def)             Requested size: 143.09538pt x 123.96211pt.

Overfull \hbox (15.0pt too wide) in paragraph at lines 1763--1769
[]$[]$ 
 []

[40 <./graphics/verticalDisplacementArgument.pdf>]
LaTeX Font Info:    Font shape `OT1/ptm/bx/it' in size <10> not available
(Font)              Font shape `OT1/ptm/b/it' tried instead on input line 1798.


<graphics/someRangeSkinny.pdf, id=688, 715.39267pt x 188.07263pt>
File: graphics/someRangeSkinny.pdf Graphic file (type pdf)

<use graphics/someRangeSkinny.pdf>
Package pdftex.def Info: graphics/someRangeSkinny.pdf used on input line 1823.
(pdftex.def)             Requested size: 429.28616pt x 112.85878pt.

Overfull \hbox (15.0pt too wide) in paragraph at lines 1821--1827
[]$[]$ 
 []

[41]
LaTeX Font Info:    Try loading font information for OMS+ptm on input line 1842
.
 (/usr/local/texlive/2015/texmf-dist/tex/latex/psnfss/omsptm.fd
File: omsptm.fd 
)
LaTeX Font Info:    Font shape `OMS/ptm/m/n' in size <10> not available
(Font)              Font shape `OMS/cmsy/m/n' tried instead on input line 1842.

 [42 <./graphics/someRangeSkinny.pdf>] [43]
<graphics/betaOmegaFigure.pdf, id=717, 751.93924pt x 309.3156pt>
File: graphics/betaOmegaFigure.pdf Graphic file (type pdf)

<use graphics/betaOmegaFigure.pdf>
Package pdftex.def Info: graphics/betaOmegaFigure.pdf used on input line 1904.
(pdftex.def)             Requested size: 199.4681pt x 82.05319pt.

Overfull \hbox (15.0pt too wide) in paragraph at lines 1902--1908
[]$[]$ 
 []

[44 <./graphics/betaOmegaFigure.pdf>] [45] [46]
Chapter 4.
<graphics/HausdorffDistanceExample1.pdf, id=737, 291.58937pt x 208.65755pt>
File: graphics/HausdorffDistanceExample1.pdf Graphic file (type pdf)

<use graphics/HausdorffDistanceExample1.pdf>
Package pdftex.def Info: graphics/HausdorffDistanceExample1.pdf used on input l
ine 2011.
(pdftex.def)             Requested size: 143.09538pt x 102.39908pt.

Overfull \hbox (15.0pt too wide) in paragraph at lines 2009--2015
[]$[]$ 
 []

[47

 <./graphics/HausdorffDistanceExample1.pdf>]
<graphics/hexagonPetiolesLeafs9Layers.pdf, id=748, 388.79253pt x 339.79948pt>
File: graphics/hexagonPetiolesLeafs9Layers.pdf Graphic file (type pdf)

<use graphics/hexagonPetiolesLeafs9Layers.pdf>
Package pdftex.def Info: graphics/hexagonPetiolesLeafs9Layers.pdf used on input
 line 2069.
(pdftex.def)             Requested size: 173.44534pt x 151.59137pt.

Overfull \hbox (15.0pt too wide) in paragraph at lines 2067--2073
[]$[]$ 
 []

[48] [49 <./graphics/hexagonPetiolesLeafs9Layers.pdf>] [50]
<graphics/LineSegmentDelta.pdf, id=763, 390.45876pt x 50.16742pt>
File: graphics/LineSegmentDelta.pdf Graphic file (type pdf)

<use graphics/LineSegmentDelta.pdf>
Package pdftex.def Info: graphics/LineSegmentDelta.pdf used on input line 2151.

(pdftex.def)             Requested size: 411.93767pt x 52.92917pt.

Overfull \hbox (15.0pt too wide) in paragraph at lines 2149--2155
[]$[]$ 
 []

<graphics/part1ch4.pdf, id=764, 151.2872pt x 133.49875pt>
File: graphics/part1ch4.pdf Graphic file (type pdf)

<use graphics/part1ch4.pdf>
Package pdftex.def Info: graphics/part1ch4.pdf used on input line 2165.
(pdftex.def)             Requested size: 86.72267pt x 76.5269pt.

Overfull \hbox (15.0pt too wide) in paragraph at lines 2163--2169
[]$[]$ 
 []

[51 <./graphics/LineSegmentDelta.pdf> <./graphics/part1ch4.pdf>]
<graphics/lemmaHingedPolygon2.pdf, id=800, 1382.56528pt x 306.92667pt>
File: graphics/lemmaHingedPolygon2.pdf Graphic file (type pdf)

<use graphics/lemmaHingedPolygon2.pdf>
Package pdftex.def Info: graphics/lemmaHingedPolygon2.pdf used on input line 22
10.
(pdftex.def)             Requested size: 325.215pt x 72.19801pt.

Overfull \hbox (15.0pt too wide) in paragraph at lines 2208--2214
[]$[]$ 
 []

<graphics/ch4Paralellogram.pdf, id=801, 810.32736pt x 286.81151pt>
File: graphics/ch4Paralellogram.pdf Graphic file (type pdf)

<use graphics/ch4Paralellogram.pdf>
Package pdftex.def Info: graphics/ch4Paralellogram.pdf used on input line 2230.

(pdftex.def)             Requested size: 325.215pt x 115.10768pt.

Overfull \hbox (15.0pt too wide) in paragraph at lines 2228--2234
[]$[]$ 
 []

[52 <./graphics/lemmaHingedPolygon2.pdf>] [53 <./graphics/ch4Paralellogram.pdf>
] <graphics/psiSegmentChange.pdf, id=868, 418.96524pt x 110.79391pt>
File: graphics/psiSegmentChange.pdf Graphic file (type pdf)

<use graphics/psiSegmentChange.pdf>
Package pdftex.def Info: graphics/psiSegmentChange.pdf used on input line 2281.

(pdftex.def)             Requested size: 325.215pt x 86.00638pt.

Overfull \hbox (15.0pt too wide) in paragraph at lines 2279--2285
[]$[]$ 
 []


<graphics/hexagonPetiolesLeafs9LayersRotatedOutward.pdf, id=869, 878.25111pt x 
376.69734pt>
File: graphics/hexagonPetiolesLeafs9LayersRotatedOutward.pdf Graphic file (type
 pdf)
 <use graphics/hexagonPetiolesLeafs9LayersRotatedOutward.pdf>
Package pdftex.def Info: graphics/hexagonPetiolesLeafs9LayersRotatedOutward.pdf
 used on input line 2318.
(pdftex.def)             Requested size: 216.81pt x 92.99002pt.

Overfull \hbox (15.0pt too wide) in paragraph at lines 2316--2322
[]$[]$ 
 []

[54 <./graphics/psiSegmentChange.pdf>]
<graphics/hexagonOutlineLayerSmall.pdf, id=892, 204.32335pt x 192.29843pt>
File: graphics/hexagonOutlineLayerSmall.pdf Graphic file (type pdf)

<use graphics/hexagonOutlineLayerSmall.pdf>
Package pdftex.def Info: graphics/hexagonOutlineLayerSmall.pdf used on input li
ne 2347.
(pdftex.def)             Requested size: 216.81pt x 204.05835pt.

Overfull \hbox (15.0pt too wide) in paragraph at lines 2345--2351
[]$[]$ 
 []

[55 <./graphics/hexagonPetiolesLeafs9LayersRotatedOutward.pdf>]
<graphics/dhsi.pdf, id=899, 148.21974pt x 158.76112pt>
File: graphics/dhsi.pdf Graphic file (type pdf)
 <use graphics/dhsi.pdf>
Package pdftex.def Info: graphics/dhsi.pdf used on input line 2361.
(pdftex.def)             Requested size: 143.09538pt x 153.27135pt.

Overfull \hbox (15.0pt too wide) in paragraph at lines 2359--2365
[]$[]$ 
 []

[56 <./graphics/hexagonOutlineLayerSmall.pdf> <./graphics/dhsi.pdf>]
(../pdf/ClintonThesisFinal.bbl [57] [58

])
WARNING: YOU NEED A BIBLIOGRAPHY!! See the references macro
[59] (../pdf/ClintonThesisFinal.aux) ) 
Here is how much of TeX's memory you used:
 5419 strings out of 493089
 83645 string characters out of 6134841
 147103 words of memory out of 5000000
 8717 multiletter control sequences out of 15000+600000
 25836 words of font info for 66 fonts, out of 8000000 for 9000
 1141 hyphenation exceptions out of 8191
 38i,16n,38p,1040b,554s stack positions out of 5000i,500n,10000p,200000b,80000s
{/usr/local/texlive/2015/texmf-dist/fonts
/enc/dvips/base/8r.enc}</usr/local/texlive/2015/texmf-dist/fonts/type1/public/a
msfonts/cm/cmex10.pfb></usr/local/texlive/2015/texmf-dist/fonts/type1/public/am
sfonts/cmextra/cmex7.pfb></usr/local/texlive/2015/texmf-dist/fonts/type1/public
/amsfonts/cm/cmmi10.pfb></usr/local/texlive/2015/texmf-dist/fonts/type1/public/
amsfonts/cm/cmmi12.pfb></usr/local/texlive/2015/texmf-dist/fonts/type1/public/a
msfonts/cm/cmmi5.pfb></usr/local/texlive/2015/texmf-dist/fonts/type1/public/ams
fonts/cm/cmmi7.pfb></usr/local/texlive/2015/texmf-dist/fonts/type1/public/amsfo
nts/cm/cmmi8.pfb></usr/local/texlive/2015/texmf-dist/fonts/type1/public/amsfont
s/cm/cmmi9.pfb></usr/local/texlive/2015/texmf-dist/fonts/type1/public/amsfonts/
cm/cmmib10.pfb></usr/local/texlive/2015/texmf-dist/fonts/type1/public/amsfonts/
cmextra/cmmib7.pfb></usr/local/texlive/2015/texmf-dist/fonts/type1/public/amsfo
nts/cm/cmr10.pfb></usr/local/texlive/2015/texmf-dist/fonts/type1/public/amsfont
s/cm/cmr12.pfb></usr/local/texlive/2015/texmf-dist/fonts/type1/public/amsfonts/
cm/cmr17.pfb></usr/local/texlive/2015/texmf-dist/fonts/type1/public/amsfonts/cm
/cmr5.pfb></usr/local/texlive/2015/texmf-dist/fonts/type1/public/amsfonts/cm/cm
r6.pfb></usr/local/texlive/2015/texmf-dist/fonts/type1/public/amsfonts/cm/cmr7.
pfb></usr/local/texlive/2015/texmf-dist/fonts/type1/public/amsfonts/cm/cmr8.pfb
></usr/local/texlive/2015/texmf-dist/fonts/type1/public/amsfonts/cm/cmss10.pfb>
</usr/local/texlive/2015/texmf-dist/fonts/type1/public/amsfonts/cm/cmsy10.pfb><
/usr/local/texlive/2015/texmf-dist/fonts/type1/public/amsfonts/cm/cmsy5.pfb></u
sr/local/texlive/2015/texmf-dist/fonts/type1/public/amsfonts/cm/cmsy7.pfb></usr
/local/texlive/2015/texmf-dist/fonts/type1/public/amsfonts/symbols/msam10.pfb><
/usr/local/texlive/2015/texmf-dist/fonts/type1/public/amsfonts/symbols/msbm10.p
fb></usr/local/texlive/2015/texmf-dist/fonts/type1/urw/times/utmb8a.pfb></usr/l
ocal/texlive/2015/texmf-dist/fonts/type1/urw/times/utmbi8a.pfb></usr/local/texl
ive/2015/texmf-dist/fonts/type1/urw/times/utmr8a.pfb></usr/local/texlive/2015/t
exmf-dist/fonts/type1/urw/times/utmri8a.pfb>
Output written on ../pdf/ClintonThesisFinal.pdf (63 pages, 972084 bytes).
PDF statistics:
 999 PDF objects out of 1000 (max. 8388607)
 636 compressed objects within 7 object streams
 0 named destinations out of 1000 (max. 500000)
 346 words of extra memory for PDF output out of 10000 (max. 10000000)

